2014-02-14 09:42:23.788+0000 INFO  [API] Setting startup timeout to: 120000ms based on -1
2014-02-14 09:42:24.806+0000 INFO  [API] Successfully started database
2014-02-14 09:42:25.469+0000 INFO  [API] Starting HTTP on port :7474 with 40 threads available
2014-02-14 09:42:25.634+0000 INFO  [API] Enabling HTTPS on port :7473
2014-02-14 09:42:25.635+0000 INFO  [API] No SSL certificate found, generating a self-signed certificate..
2014-02-14 09:42:26.133+0000 INFO  [API] Mounted discovery module at [/]
2014-02-14 09:42:26.139+0000 INFO  [API] Mounted REST API at [/db/data/]
2014-02-14 09:42:26.142+0000 INFO  [API] Mounted management API at [/db/manage/]
2014-02-14 09:42:26.142+0000 INFO  [API] Mounted webadmin at [/webadmin]
2014-02-14 09:42:26.143+0000 INFO  [API] Mounted Neo4j Browser at [/browser]
2014-02-14 09:42:26.188+0000 INFO  [API] Mounting static content at [/webadmin] from [webadmin-html]
2014-02-14 09:42:26.235+0000 INFO  [API] Mounting static content at [/browser] from [browser]
10:42:26.236 [main] WARN  o.e.j.server.handler.ContextHandler - o.e.j.s.ServletContextHandler@88cfe5{/,null,null} contextPath ends with /
10:42:26.236 [main] WARN  o.e.j.server.handler.ContextHandler - Empty contextPath
10:42:26.239 [main] INFO  org.eclipse.jetty.server.Server - jetty-9.0.5.v20130815
10:42:26.262 [main] INFO  o.e.j.server.handler.ContextHandler - Started o.e.j.s.h.MovedContextHandler@27d8edce{/,null,AVAILABLE}
10:42:26.365 [main] INFO  o.e.j.w.StandardDescriptorProcessor - NO JSP Support for /webadmin, did not find org.apache.jasper.servlet.JspServlet
10:42:26.376 [main] INFO  o.e.j.server.handler.ContextHandler - Started o.e.j.w.WebAppContext@20ea1c31{/webadmin,jar:file:/Users/andreas/code/pres/neo4jtutorial/neo4j/system/lib/neo4j-server-2.0.1-static-web.jar!/webadmin-html,AVAILABLE}
10:42:26.796 [main] INFO  o.e.j.server.handler.ContextHandler - Started o.e.j.s.ServletContextHandler@1a2c8f0c{/db/manage,null,AVAILABLE}
10:42:27.060 [main] INFO  o.e.j.server.handler.ContextHandler - Started o.e.j.s.ServletContextHandler@3346c7ff{/db/data,null,AVAILABLE}
10:42:27.078 [main] INFO  o.e.j.w.StandardDescriptorProcessor - NO JSP Support for /browser, did not find org.apache.jasper.servlet.JspServlet
10:42:27.079 [main] INFO  o.e.j.server.handler.ContextHandler - Started o.e.j.w.WebAppContext@42095d59{/browser,jar:file:/Users/andreas/code/pres/neo4jtutorial/neo4j/system/lib/neo4j-browser-2.0.1.jar!/browser,AVAILABLE}
10:42:27.171 [main] INFO  o.e.j.server.handler.ContextHandler - Started o.e.j.s.ServletContextHandler@88cfe5{/,null,AVAILABLE}
10:42:27.182 [main] INFO  o.e.jetty.server.ServerConnector - Started ServerConnector@5c36364{HTTP/1.1}{localhost:7474}
10:42:27.610 [main] INFO  o.e.jetty.server.ServerConnector - Started ServerConnector@5bc86638{SSL-HTTP/1.1}{localhost:7473}
2014-02-14 09:42:27.612+0000 INFO  [API] Remote interface ready and available at [http://localhost:7474/]
2014-02-23 19:27:18.036+0000 INFO  [API] Neo4j Server shutdown initiated by request
20:27:18.056 [Thread-22] INFO  o.e.jetty.server.ServerConnector - Stopped ServerConnector@5c36364{HTTP/1.1}{localhost:7474}
20:27:18.065 [Thread-22] INFO  o.e.jetty.server.ServerConnector - Stopped ServerConnector@5bc86638{SSL-HTTP/1.1}{localhost:7473}
20:27:18.066 [Thread-22] INFO  o.e.j.server.handler.ContextHandler - Stopped o.e.j.s.ServletContextHandler@88cfe5{/,null,UNAVAILABLE}
20:27:18.072 [Thread-22] INFO  o.e.j.server.handler.ContextHandler - Stopped o.e.j.w.WebAppContext@42095d59{/browser,jar:file:/Users/andreas/code/pres/neo4jtutorial/neo4j/system/lib/neo4j-browser-2.0.1.jar!/browser,UNAVAILABLE}
20:27:18.075 [Thread-22] INFO  o.e.j.server.handler.ContextHandler - Stopped o.e.j.s.ServletContextHandler@3346c7ff{/db/data,null,UNAVAILABLE}
20:27:18.076 [Thread-22] INFO  o.e.j.server.handler.ContextHandler - Stopped o.e.j.s.ServletContextHandler@1a2c8f0c{/db/manage,null,UNAVAILABLE}
20:27:18.076 [Thread-22] INFO  o.e.j.server.handler.ContextHandler - Stopped o.e.j.w.WebAppContext@20ea1c31{/webadmin,jar:file:/Users/andreas/code/pres/neo4jtutorial/neo4j/system/lib/neo4j-server-2.0.1-static-web.jar!/webadmin-html,UNAVAILABLE}
20:27:18.077 [Thread-22] INFO  o.e.j.server.handler.ContextHandler - Stopped o.e.j.s.h.MovedContextHandler@27d8edce{/,null,UNAVAILABLE}
2014-02-23 19:27:37.922+0000 INFO  [API] Setting startup timeout to: 120000ms based on -1
2014-02-23 19:27:39.106+0000 INFO  [API] Successfully started database
2014-02-23 19:27:39.741+0000 INFO  [API] Starting HTTP on port :7474 with 40 threads available
2014-02-23 19:27:39.903+0000 INFO  [API] Enabling HTTPS on port :7473
2014-02-23 19:27:40.217+0000 INFO  [API] Mounted discovery module at [/]
2014-02-23 19:27:40.222+0000 INFO  [API] Mounted REST API at [/db/data/]
2014-02-23 19:27:40.225+0000 INFO  [API] Mounted management API at [/db/manage/]
2014-02-23 19:27:40.226+0000 INFO  [API] Mounted webadmin at [/webadmin]
2014-02-23 19:27:40.227+0000 INFO  [API] Mounted Neo4j Browser at [/browser]
2014-02-23 19:27:40.285+0000 INFO  [API] Mounting static content at [/webadmin] from [webadmin-html]
2014-02-23 19:27:40.335+0000 INFO  [API] Mounting static content at [/browser] from [browser]
20:27:40.336 [main] WARN  o.e.j.server.handler.ContextHandler - o.e.j.s.ServletContextHandler@38314069{/,null,null} contextPath ends with /
20:27:40.336 [main] WARN  o.e.j.server.handler.ContextHandler - Empty contextPath
20:27:40.337 [main] INFO  org.eclipse.jetty.server.Server - jetty-9.0.5.v20130815
20:27:40.362 [main] INFO  o.e.j.server.handler.ContextHandler - Started o.e.j.s.h.MovedContextHandler@2fa39655{/,null,AVAILABLE}
20:27:40.463 [main] INFO  o.e.j.w.StandardDescriptorProcessor - NO JSP Support for /webadmin, did not find org.apache.jasper.servlet.JspServlet
20:27:40.482 [main] INFO  o.e.j.server.handler.ContextHandler - Started o.e.j.w.WebAppContext@50e5a757{/webadmin,jar:file:/Users/andreas/code/pres/neo4jtutorial/neo4j/system/lib/neo4j-server-2.0.1-static-web.jar!/webadmin-html,AVAILABLE}
20:27:40.882 [main] INFO  o.e.j.server.handler.ContextHandler - Started o.e.j.s.ServletContextHandler@cd859a3{/db/manage,null,AVAILABLE}
20:27:41.115 [main] INFO  o.e.j.server.handler.ContextHandler - Started o.e.j.s.ServletContextHandler@1936953a{/db/data,null,AVAILABLE}
20:27:41.132 [main] INFO  o.e.j.w.StandardDescriptorProcessor - NO JSP Support for /browser, did not find org.apache.jasper.servlet.JspServlet
20:27:41.133 [main] INFO  o.e.j.server.handler.ContextHandler - Started o.e.j.w.WebAppContext@57ed07c5{/browser,jar:file:/Users/andreas/code/pres/neo4jtutorial/neo4j/system/lib/neo4j-browser-2.0.1.jar!/browser,AVAILABLE}
20:27:41.220 [main] INFO  o.e.j.server.handler.ContextHandler - Started o.e.j.s.ServletContextHandler@38314069{/,null,AVAILABLE}
20:27:41.239 [main] INFO  o.e.jetty.server.ServerConnector - Started ServerConnector@3e164f33{HTTP/1.1}{localhost:7474}
20:27:41.717 [main] INFO  o.e.jetty.server.ServerConnector - Started ServerConnector@74f919be{SSL-HTTP/1.1}{localhost:7473}
2014-02-23 19:27:41.718+0000 INFO  [API] Remote interface ready and available at [http://localhost:7474/]
2014-02-23 19:34:47.309+0000 INFO  [API] Neo4j Server shutdown initiated by request
20:34:47.315 [Thread-22] INFO  o.e.jetty.server.ServerConnector - Stopped ServerConnector@3e164f33{HTTP/1.1}{localhost:7474}
20:34:47.315 [Thread-22] INFO  o.e.jetty.server.ServerConnector - Stopped ServerConnector@74f919be{SSL-HTTP/1.1}{localhost:7473}
20:34:47.316 [Thread-22] INFO  o.e.j.server.handler.ContextHandler - Stopped o.e.j.s.ServletContextHandler@38314069{/,null,UNAVAILABLE}
20:34:47.317 [Thread-22] INFO  o.e.j.server.handler.ContextHandler - Stopped o.e.j.w.WebAppContext@57ed07c5{/browser,jar:file:/Users/andreas/code/pres/neo4jtutorial/neo4j/system/lib/neo4j-browser-2.0.1.jar!/browser,UNAVAILABLE}
20:34:47.318 [Thread-22] INFO  o.e.j.server.handler.ContextHandler - Stopped o.e.j.s.ServletContextHandler@1936953a{/db/data,null,UNAVAILABLE}
20:34:47.318 [Thread-22] INFO  o.e.j.server.handler.ContextHandler - Stopped o.e.j.s.ServletContextHandler@cd859a3{/db/manage,null,UNAVAILABLE}
20:34:47.319 [Thread-22] INFO  o.e.j.server.handler.ContextHandler - Stopped o.e.j.w.WebAppContext@50e5a757{/webadmin,jar:file:/Users/andreas/code/pres/neo4jtutorial/neo4j/system/lib/neo4j-server-2.0.1-static-web.jar!/webadmin-html,UNAVAILABLE}
20:34:47.319 [Thread-22] INFO  o.e.j.server.handler.ContextHandler - Stopped o.e.j.s.h.MovedContextHandler@2fa39655{/,null,UNAVAILABLE}
2014-02-23 19:34:57.804+0000 INFO  [API] Setting startup timeout to: 120000ms based on -1
2014-02-23 19:34:58.781+0000 INFO  [API] Successfully started database
2014-02-23 19:34:59.414+0000 INFO  [API] Starting HTTP on port :7474 with 40 threads available
2014-02-23 19:34:59.584+0000 INFO  [API] Enabling HTTPS on port :7473
2014-02-23 19:34:59.801+0000 INFO  [API] Mounted discovery module at [/]
2014-02-23 19:34:59.807+0000 INFO  [API] Mounted REST API at [/db/data/]
2014-02-23 19:34:59.811+0000 INFO  [API] Mounted management API at [/db/manage/]
2014-02-23 19:34:59.812+0000 INFO  [API] Mounted webadmin at [/webadmin]
2014-02-23 19:34:59.813+0000 INFO  [API] Mounted Neo4j Browser at [/browser]
2014-02-23 19:34:59.859+0000 INFO  [API] Mounting static content at [/webadmin] from [webadmin-html]
2014-02-23 19:34:59.917+0000 INFO  [API] Mounting static content at [/browser] from [browser]
20:34:59.918 [main] WARN  o.e.j.server.handler.ContextHandler - o.e.j.s.ServletContextHandler@43dde3c1{/,null,null} contextPath ends with /
20:34:59.918 [main] WARN  o.e.j.server.handler.ContextHandler - Empty contextPath
20:34:59.920 [main] INFO  org.eclipse.jetty.server.Server - jetty-9.0.5.v20130815
20:34:59.952 [main] INFO  o.e.j.server.handler.ContextHandler - Started o.e.j.s.h.MovedContextHandler@3fc4a5bd{/,null,AVAILABLE}
20:35:00.049 [main] INFO  o.e.j.w.StandardDescriptorProcessor - NO JSP Support for /webadmin, did not find org.apache.jasper.servlet.JspServlet
20:35:00.062 [main] INFO  o.e.j.server.handler.ContextHandler - Started o.e.j.w.WebAppContext@44bfe13d{/webadmin,jar:file:/Users/andreas/code/pres/neo4jtutorial/neo4j/system/lib/neo4j-server-2.0.1-static-web.jar!/webadmin-html,AVAILABLE}
20:35:00.456 [main] INFO  o.e.j.server.handler.ContextHandler - Started o.e.j.s.ServletContextHandler@267ae84{/db/manage,null,AVAILABLE}
20:35:00.704 [main] INFO  o.e.j.server.handler.ContextHandler - Started o.e.j.s.ServletContextHandler@15165b1b{/db/data,null,AVAILABLE}
20:35:00.721 [main] INFO  o.e.j.w.StandardDescriptorProcessor - NO JSP Support for /browser, did not find org.apache.jasper.servlet.JspServlet
20:35:00.722 [main] INFO  o.e.j.server.handler.ContextHandler - Started o.e.j.w.WebAppContext@13b32b54{/browser,jar:file:/Users/andreas/code/pres/neo4jtutorial/neo4j/system/lib/neo4j-browser-2.0.1.jar!/browser,AVAILABLE}
20:35:00.819 [main] INFO  o.e.j.server.handler.ContextHandler - Started o.e.j.s.ServletContextHandler@43dde3c1{/,null,AVAILABLE}
20:35:00.828 [main] INFO  o.e.jetty.server.ServerConnector - Started ServerConnector@491c509d{HTTP/1.1}{localhost:7474}
20:35:01.285 [main] INFO  o.e.jetty.server.ServerConnector - Started ServerConnector@617e4b3f{SSL-HTTP/1.1}{localhost:7473}
2014-02-23 19:35:01.286+0000 INFO  [API] Remote interface ready and available at [http://localhost:7474/]
20:35:05.395 [qtp1908074493-43] WARN  o.e.jetty.servlet.ServletHandler - /db/manage/server/monitor/fetch
javax.ws.rs.WebApplicationException: javax.ws.rs.WebApplicationException: org.eclipse.jetty.io.EofException
	at org.neo4j.server.rest.repr.OutputFormat$1.write(OutputFormat.java:174) ~[neo4j-server-2.0.1.jar:2.0.1]
	at com.sun.jersey.core.impl.provider.entity.StreamingOutputProvider.writeTo(StreamingOutputProvider.java:71) ~[jersey-core-1.9.jar:1.9]
	at com.sun.jersey.core.impl.provider.entity.StreamingOutputProvider.writeTo(StreamingOutputProvider.java:57) ~[jersey-core-1.9.jar:1.9]
	at com.sun.jersey.spi.container.ContainerResponse.write(ContainerResponse.java:306) ~[jersey-server-1.9.jar:1.9]
	at com.sun.jersey.server.impl.application.WebApplicationImpl._handleRequest(WebApplicationImpl.java:1437) ~[jersey-server-1.9.jar:1.9]
	at com.sun.jersey.server.impl.application.WebApplicationImpl.handleRequest(WebApplicationImpl.java:1349) ~[jersey-server-1.9.jar:1.9]
	at com.sun.jersey.server.impl.application.WebApplicationImpl.handleRequest(WebApplicationImpl.java:1339) ~[jersey-server-1.9.jar:1.9]
	at com.sun.jersey.spi.container.servlet.WebComponent.service(WebComponent.java:416) ~[jersey-server-1.9.jar:1.9]
	at com.sun.jersey.spi.container.servlet.ServletContainer.service(ServletContainer.java:537) ~[jersey-server-1.9.jar:1.9]
	at com.sun.jersey.spi.container.servlet.ServletContainer.service(ServletContainer.java:699) ~[jersey-server-1.9.jar:1.9]
	at javax.servlet.http.HttpServlet.service(HttpServlet.java:848) ~[javax.servlet-3.0.0.v201112011016.jar:na]
	at org.eclipse.jetty.servlet.ServletHolder.handle(ServletHolder.java:698) ~[jetty-servlet-9.0.5.v20130815.jar:9.0.5.v20130815]
	at org.eclipse.jetty.servlet.ServletHandler$CachedChain.doFilter(ServletHandler.java:1506) ~[jetty-servlet-9.0.5.v20130815.jar:9.0.5.v20130815]
	at org.neo4j.server.rest.security.SecurityFilter.doFilter(SecurityFilter.java:112) ~[neo4j-server-2.0.1.jar:2.0.1]
	at org.eclipse.jetty.servlet.ServletHandler$CachedChain.doFilter(ServletHandler.java:1477) ~[jetty-servlet-9.0.5.v20130815.jar:9.0.5.v20130815]
	at org.eclipse.jetty.servlet.ServletHandler.doHandle(ServletHandler.java:503) [jetty-servlet-9.0.5.v20130815.jar:9.0.5.v20130815]
	at org.eclipse.jetty.server.session.SessionHandler.doHandle(SessionHandler.java:211) [jetty-server-9.0.5.v20130815.jar:9.0.5.v20130815]
	at org.eclipse.jetty.server.handler.ContextHandler.doHandle(ContextHandler.java:1096) [jetty-server-9.0.5.v20130815.jar:9.0.5.v20130815]
	at org.eclipse.jetty.servlet.ServletHandler.doScope(ServletHandler.java:432) [jetty-servlet-9.0.5.v20130815.jar:9.0.5.v20130815]
	at org.eclipse.jetty.server.session.SessionHandler.doScope(SessionHandler.java:175) [jetty-server-9.0.5.v20130815.jar:9.0.5.v20130815]
	at org.eclipse.jetty.server.handler.ContextHandler.doScope(ContextHandler.java:1030) [jetty-server-9.0.5.v20130815.jar:9.0.5.v20130815]
	at org.eclipse.jetty.server.handler.ScopedHandler.handle(ScopedHandler.java:136) [jetty-server-9.0.5.v20130815.jar:9.0.5.v20130815]
	at org.eclipse.jetty.server.handler.HandlerList.handle(HandlerList.java:52) [jetty-server-9.0.5.v20130815.jar:9.0.5.v20130815]
	at org.eclipse.jetty.server.handler.HandlerWrapper.handle(HandlerWrapper.java:97) [jetty-server-9.0.5.v20130815.jar:9.0.5.v20130815]
	at org.eclipse.jetty.server.Server.handle(Server.java:445) [jetty-server-9.0.5.v20130815.jar:9.0.5.v20130815]
	at org.eclipse.jetty.server.HttpChannel.handle(HttpChannel.java:268) [jetty-server-9.0.5.v20130815.jar:9.0.5.v20130815]
	at org.eclipse.jetty.server.HttpConnection.onFillable(HttpConnection.java:229) [jetty-server-9.0.5.v20130815.jar:9.0.5.v20130815]
	at org.eclipse.jetty.io.AbstractConnection$ReadCallback.run(AbstractConnection.java:358) [jetty-io-9.0.5.v20130815.jar:9.0.5.v20130815]
	at org.eclipse.jetty.util.thread.QueuedThreadPool.runJob(QueuedThreadPool.java:601) [jetty-util-9.0.5.v20130815.jar:9.0.5.v20130815]
	at org.eclipse.jetty.util.thread.QueuedThreadPool$3.run(QueuedThreadPool.java:532) [jetty-util-9.0.5.v20130815.jar:9.0.5.v20130815]
	at java.lang.Thread.run(Thread.java:722) [na:1.7.0_17]
Caused by: javax.ws.rs.WebApplicationException: org.eclipse.jetty.io.EofException
	at org.neo4j.server.rest.repr.formats.StreamingJsonFormat$StreamingRepresentationFormat.flush(StreamingJsonFormat.java:401) ~[neo4j-server-2.0.1.jar:2.0.1]
	at org.neo4j.server.rest.repr.formats.StreamingJsonFormat$StreamingRepresentationFormat.complete(StreamingJsonFormat.java:389) ~[neo4j-server-2.0.1.jar:2.0.1]
	at org.neo4j.server.rest.repr.MappingRepresentation.serialize(MappingRepresentation.java:43) ~[server-api-2.0.1.jar:2.0.1]
	at org.neo4j.server.rest.repr.OutputFormat$1.write(OutputFormat.java:160) ~[neo4j-server-2.0.1.jar:2.0.1]
	... 30 common frames omitted
Caused by: org.eclipse.jetty.io.EofException: null
	at org.eclipse.jetty.io.ChannelEndPoint.flush(ChannelEndPoint.java:186) ~[jetty-io-9.0.5.v20130815.jar:9.0.5.v20130815]
	at org.eclipse.jetty.io.WriteFlusher.write(WriteFlusher.java:335) ~[jetty-io-9.0.5.v20130815.jar:9.0.5.v20130815]
	at org.eclipse.jetty.io.AbstractEndPoint.write(AbstractEndPoint.java:125) ~[jetty-io-9.0.5.v20130815.jar:9.0.5.v20130815]
	at org.eclipse.jetty.server.HttpConnection$ContentCallback.process(HttpConnection.java:784) ~[jetty-server-9.0.5.v20130815.jar:9.0.5.v20130815]
	at org.eclipse.jetty.util.IteratingCallback.iterate(IteratingCallback.java:79) ~[jetty-util-9.0.5.v20130815.jar:9.0.5.v20130815]
	at org.eclipse.jetty.server.HttpConnection.send(HttpConnection.java:356) [jetty-server-9.0.5.v20130815.jar:9.0.5.v20130815]
	at org.eclipse.jetty.server.HttpChannel.sendResponse(HttpChannel.java:631) [jetty-server-9.0.5.v20130815.jar:9.0.5.v20130815]
	at org.eclipse.jetty.server.HttpChannel.write(HttpChannel.java:661) [jetty-server-9.0.5.v20130815.jar:9.0.5.v20130815]
	at org.eclipse.jetty.server.HttpOutput.flush(HttpOutput.java:151) ~[jetty-server-9.0.5.v20130815.jar:9.0.5.v20130815]
	at com.sun.jersey.spi.container.servlet.WebComponent$Writer.flush(WebComponent.java:315) ~[jersey-server-1.9.jar:1.9]
	at com.sun.jersey.spi.container.ContainerResponse$CommittingOutputStream.flush(ContainerResponse.java:145) ~[jersey-server-1.9.jar:1.9]
	at org.codehaus.jackson.impl.Utf8Generator.flush(Utf8Generator.java:1091) ~[jackson-core-asl-1.9.7.jar:1.9.7]
	at org.neo4j.server.rest.repr.formats.StreamingJsonFormat$StreamingRepresentationFormat.flush(StreamingJsonFormat.java:397) ~[neo4j-server-2.0.1.jar:2.0.1]
	... 33 common frames omitted
Caused by: java.io.IOException: Broken pipe
	at sun.nio.ch.FileDispatcherImpl.writev0(Native Method) ~[na:1.7.0_17]
	at sun.nio.ch.SocketDispatcher.writev(SocketDispatcher.java:51) ~[na:1.7.0_17]
	at sun.nio.ch.IOUtil.write(IOUtil.java:149) ~[na:1.7.0_17]
	at sun.nio.ch.SocketChannelImpl.write(SocketChannelImpl.java:483) ~[na:1.7.0_17]
	at org.eclipse.jetty.io.ChannelEndPoint.flush(ChannelEndPoint.java:167) ~[jetty-io-9.0.5.v20130815.jar:9.0.5.v20130815]
	... 45 common frames omitted
2014-02-23 19:42:45.879+0000 INFO  [API] Neo4j Server shutdown initiated by request
20:42:45.884 [Thread-21] INFO  o.e.jetty.server.ServerConnector - Stopped ServerConnector@491c509d{HTTP/1.1}{localhost:7474}
20:42:45.885 [Thread-21] INFO  o.e.jetty.server.ServerConnector - Stopped ServerConnector@617e4b3f{SSL-HTTP/1.1}{localhost:7473}
20:42:45.885 [Thread-21] INFO  o.e.j.server.handler.ContextHandler - Stopped o.e.j.s.ServletContextHandler@43dde3c1{/,null,UNAVAILABLE}
20:42:45.887 [Thread-21] INFO  o.e.j.server.handler.ContextHandler - Stopped o.e.j.w.WebAppContext@13b32b54{/browser,jar:file:/Users/andreas/code/pres/neo4jtutorial/neo4j/system/lib/neo4j-browser-2.0.1.jar!/browser,UNAVAILABLE}
20:42:45.887 [Thread-21] INFO  o.e.j.server.handler.ContextHandler - Stopped o.e.j.s.ServletContextHandler@15165b1b{/db/data,null,UNAVAILABLE}
20:42:45.887 [Thread-21] INFO  o.e.j.server.handler.ContextHandler - Stopped o.e.j.s.ServletContextHandler@267ae84{/db/manage,null,UNAVAILABLE}
20:42:45.888 [Thread-21] INFO  o.e.j.server.handler.ContextHandler - Stopped o.e.j.w.WebAppContext@44bfe13d{/webadmin,jar:file:/Users/andreas/code/pres/neo4jtutorial/neo4j/system/lib/neo4j-server-2.0.1-static-web.jar!/webadmin-html,UNAVAILABLE}
20:42:45.888 [Thread-21] INFO  o.e.j.server.handler.ContextHandler - Stopped o.e.j.s.h.MovedContextHandler@3fc4a5bd{/,null,UNAVAILABLE}
2014-02-23 19:42:58.428+0000 INFO  [API] Setting startup timeout to: 120000ms based on -1
2014-02-23 19:42:59.417+0000 INFO  [API] Successfully started database
2014-02-23 19:43:00.059+0000 INFO  [API] Starting HTTP on port :7474 with 40 threads available
2014-02-23 19:43:00.230+0000 INFO  [API] Enabling HTTPS on port :7473
2014-02-23 19:43:00.459+0000 INFO  [API] Mounted discovery module at [/]
2014-02-23 19:43:00.465+0000 INFO  [API] Mounted REST API at [/db/data/]
2014-02-23 19:43:00.467+0000 INFO  [API] Mounted management API at [/db/manage/]
2014-02-23 19:43:00.468+0000 INFO  [API] Mounted webadmin at [/webadmin]
2014-02-23 19:43:00.469+0000 INFO  [API] Mounted Neo4j Browser at [/browser]
2014-02-23 19:43:00.524+0000 INFO  [API] Mounting static content at [/webadmin] from [webadmin-html]
2014-02-23 19:43:00.575+0000 INFO  [API] Mounting static content at [/browser] from [browser]
20:43:00.576 [main] WARN  o.e.j.server.handler.ContextHandler - o.e.j.s.ServletContextHandler@322fef43{/,null,null} contextPath ends with /
20:43:00.576 [main] WARN  o.e.j.server.handler.ContextHandler - Empty contextPath
20:43:00.579 [main] INFO  org.eclipse.jetty.server.Server - jetty-9.0.5.v20130815
20:43:00.601 [main] INFO  o.e.j.server.handler.ContextHandler - Started o.e.j.s.h.MovedContextHandler@64055601{/,null,AVAILABLE}
20:43:00.703 [main] INFO  o.e.j.w.StandardDescriptorProcessor - NO JSP Support for /webadmin, did not find org.apache.jasper.servlet.JspServlet
20:43:00.714 [main] INFO  o.e.j.server.handler.ContextHandler - Started o.e.j.w.WebAppContext@7a0d74e8{/webadmin,jar:file:/Users/andreas/code/pres/neo4jtutorial/neo4j/system/lib/neo4j-server-2.0.1-static-web.jar!/webadmin-html,AVAILABLE}
20:43:01.111 [main] INFO  o.e.j.server.handler.ContextHandler - Started o.e.j.s.ServletContextHandler@3e322eb3{/db/manage,null,AVAILABLE}
20:43:01.363 [main] INFO  o.e.j.server.handler.ContextHandler - Started o.e.j.s.ServletContextHandler@5959b1ba{/db/data,null,AVAILABLE}
20:43:01.380 [main] INFO  o.e.j.w.StandardDescriptorProcessor - NO JSP Support for /browser, did not find org.apache.jasper.servlet.JspServlet
20:43:01.381 [main] INFO  o.e.j.server.handler.ContextHandler - Started o.e.j.w.WebAppContext@5288e65f{/browser,jar:file:/Users/andreas/code/pres/neo4jtutorial/neo4j/system/lib/neo4j-browser-2.0.1.jar!/browser,AVAILABLE}
20:43:01.467 [main] INFO  o.e.j.server.handler.ContextHandler - Started o.e.j.s.ServletContextHandler@322fef43{/,null,AVAILABLE}
20:43:01.479 [main] INFO  o.e.jetty.server.ServerConnector - Started ServerConnector@72786e0d{HTTP/1.1}{localhost:7474}
20:43:01.939 [main] INFO  o.e.jetty.server.ServerConnector - Started ServerConnector@5eb05dfd{SSL-HTTP/1.1}{localhost:7473}
2014-02-23 19:43:01.941+0000 INFO  [API] Remote interface ready and available at [http://localhost:7474/]
2014-03-06 20:30:27.298+0000 INFO  [API] Neo4j Server shutdown initiated by request
21:30:27.339 [Thread-22] INFO  o.e.jetty.server.ServerConnector - Stopped ServerConnector@72786e0d{HTTP/1.1}{localhost:7474}
21:30:27.344 [Thread-22] INFO  o.e.jetty.server.ServerConnector - Stopped ServerConnector@5eb05dfd{SSL-HTTP/1.1}{localhost:7473}
21:30:27.347 [Thread-22] INFO  o.e.j.server.handler.ContextHandler - Stopped o.e.j.s.ServletContextHandler@322fef43{/,null,UNAVAILABLE}
21:30:27.351 [Thread-22] INFO  o.e.j.server.handler.ContextHandler - Stopped o.e.j.w.WebAppContext@5288e65f{/browser,jar:file:/Users/andreas/code/pres/neo4jtutorial/neo4j/system/lib/neo4j-browser-2.0.1.jar!/browser,UNAVAILABLE}
21:30:27.353 [Thread-22] INFO  o.e.j.server.handler.ContextHandler - Stopped o.e.j.s.ServletContextHandler@5959b1ba{/db/data,null,UNAVAILABLE}
21:30:27.353 [Thread-22] INFO  o.e.j.server.handler.ContextHandler - Stopped o.e.j.s.ServletContextHandler@3e322eb3{/db/manage,null,UNAVAILABLE}
21:30:27.354 [Thread-22] INFO  o.e.j.server.handler.ContextHandler - Stopped o.e.j.w.WebAppContext@7a0d74e8{/webadmin,jar:file:/Users/andreas/code/pres/neo4jtutorial/neo4j/system/lib/neo4j-server-2.0.1-static-web.jar!/webadmin-html,UNAVAILABLE}
21:30:27.355 [Thread-22] INFO  o.e.j.server.handler.ContextHandler - Stopped o.e.j.s.h.MovedContextHandler@64055601{/,null,UNAVAILABLE}
2014-03-06 20:31:36.258+0000 INFO  [API] Setting startup timeout to: 120000ms based on -1
2014-03-06 20:31:37.665+0000 INFO  [API] Successfully started database
2014-03-06 20:31:38.557+0000 INFO  [API] Starting HTTP on port :7474 with 40 threads available
2014-03-06 20:31:38.786+0000 INFO  [API] Enabling HTTPS on port :7473
2014-03-06 20:31:39.144+0000 INFO  [API] Mounted discovery module at [/]
2014-03-06 20:31:39.151+0000 INFO  [API] Mounted REST API at [/db/data/]
2014-03-06 20:31:39.155+0000 INFO  [API] Mounted management API at [/db/manage/]
2014-03-06 20:31:39.156+0000 INFO  [API] Mounted webadmin at [/webadmin]
2014-03-06 20:31:39.157+0000 INFO  [API] Mounted Neo4j Browser at [/browser]
2014-03-06 20:31:39.221+0000 INFO  [API] Mounting static content at [/webadmin] from [webadmin-html]
2014-03-06 20:31:39.270+0000 INFO  [API] Mounting static content at [/browser] from [browser]
21:31:39.271 [main] WARN  o.e.j.server.handler.ContextHandler - o.e.j.s.ServletContextHandler@45e4cf97{/,null,null} contextPath ends with /
21:31:39.271 [main] WARN  o.e.j.server.handler.ContextHandler - Empty contextPath
21:31:39.273 [main] INFO  org.eclipse.jetty.server.Server - jetty-9.0.5.v20130815
21:31:39.300 [main] INFO  o.e.j.server.handler.ContextHandler - Started o.e.j.s.h.MovedContextHandler@27b2d1a5{/,null,AVAILABLE}
21:31:39.398 [main] INFO  o.e.j.w.StandardDescriptorProcessor - NO JSP Support for /webadmin, did not find org.apache.jasper.servlet.JspServlet
21:31:39.408 [main] INFO  o.e.j.server.handler.ContextHandler - Started o.e.j.w.WebAppContext@7572e7e5{/webadmin,jar:file:/Users/andreas/code/pres/neo4jtutorial/neo4j/system/lib/neo4j-server-2.0.1-static-web.jar!/webadmin-html,AVAILABLE}
21:31:39.840 [main] INFO  o.e.j.server.handler.ContextHandler - Started o.e.j.s.ServletContextHandler@66df89f0{/db/manage,null,AVAILABLE}
21:31:40.076 [main] INFO  o.e.j.server.handler.ContextHandler - Started o.e.j.s.ServletContextHandler@897c240{/db/data,null,AVAILABLE}
21:31:40.093 [main] INFO  o.e.j.w.StandardDescriptorProcessor - NO JSP Support for /browser, did not find org.apache.jasper.servlet.JspServlet
21:31:40.094 [main] INFO  o.e.j.server.handler.ContextHandler - Started o.e.j.w.WebAppContext@bc05a1c{/browser,jar:file:/Users/andreas/code/pres/neo4jtutorial/neo4j/system/lib/neo4j-browser-2.0.1.jar!/browser,AVAILABLE}
21:31:40.196 [main] INFO  o.e.j.server.handler.ContextHandler - Started o.e.j.s.ServletContextHandler@45e4cf97{/,null,AVAILABLE}
21:31:40.215 [main] INFO  o.e.jetty.server.ServerConnector - Started ServerConnector@6b5cecbc{HTTP/1.1}{localhost:7474}
21:31:40.688 [main] INFO  o.e.jetty.server.ServerConnector - Started ServerConnector@1d11c878{SSL-HTTP/1.1}{localhost:7473}
2014-03-06 20:31:40.689+0000 INFO  [API] Remote interface ready and available at [http://localhost:7474/]
2014-03-07 19:41:16.595+0000 INFO  [API] Neo4j Server shutdown initiated by request
20:41:16.607 [Thread-22] INFO  o.e.jetty.server.ServerConnector - Stopped ServerConnector@6b5cecbc{HTTP/1.1}{localhost:7474}
20:41:16.608 [Thread-22] INFO  o.e.jetty.server.ServerConnector - Stopped ServerConnector@1d11c878{SSL-HTTP/1.1}{localhost:7473}
20:41:16.610 [Thread-22] INFO  o.e.j.server.handler.ContextHandler - Stopped o.e.j.s.ServletContextHandler@45e4cf97{/,null,UNAVAILABLE}
2014-03-10 20:57:49.471+0000 INFO  [API] Setting startup timeout to: 120000ms based on -1
2014-03-10 20:57:50.885+0000 INFO  [API] Successfully started database
2014-03-10 20:57:51.803+0000 INFO  [API] Starting HTTP on port :7474 with 40 threads available
2014-03-10 20:57:52.016+0000 INFO  [API] Enabling HTTPS on port :7473
2014-03-10 20:57:52.370+0000 INFO  [API] Mounted discovery module at [/]
2014-03-10 20:57:52.378+0000 INFO  [API] Mounted REST API at [/db/data/]
2014-03-10 20:57:52.382+0000 INFO  [API] Mounted management API at [/db/manage/]
2014-03-10 20:57:52.383+0000 INFO  [API] Mounted webadmin at [/webadmin]
2014-03-10 20:57:52.384+0000 INFO  [API] Mounted Neo4j Browser at [/browser]
2014-03-10 20:57:52.453+0000 INFO  [API] Mounting static content at [/webadmin] from [webadmin-html]
2014-03-10 20:57:52.514+0000 INFO  [API] Mounting static content at [/browser] from [browser]
21:57:52.515 [main] WARN  o.e.j.server.handler.ContextHandler - o.e.j.s.ServletContextHandler@5cec2c45{/,null,null} contextPath ends with /
21:57:52.515 [main] WARN  o.e.j.server.handler.ContextHandler - Empty contextPath
21:57:52.517 [main] INFO  org.eclipse.jetty.server.Server - jetty-9.0.5.v20130815
21:57:52.542 [main] INFO  o.e.j.server.handler.ContextHandler - Started o.e.j.s.h.MovedContextHandler@752122d7{/,null,AVAILABLE}
21:57:52.645 [main] INFO  o.e.j.w.StandardDescriptorProcessor - NO JSP Support for /webadmin, did not find org.apache.jasper.servlet.JspServlet
21:57:52.656 [main] INFO  o.e.j.server.handler.ContextHandler - Started o.e.j.w.WebAppContext@25e9df6d{/webadmin,jar:file:/Users/andreas/code/pres/neo4jtutorial/neo4j/system/lib/neo4j-server-2.0.1-static-web.jar!/webadmin-html,AVAILABLE}
21:57:53.090 [main] INFO  o.e.j.server.handler.ContextHandler - Started o.e.j.s.ServletContextHandler@6f58b28a{/db/manage,null,AVAILABLE}
21:57:53.321 [main] INFO  o.e.j.server.handler.ContextHandler - Started o.e.j.s.ServletContextHandler@4aa94430{/db/data,null,AVAILABLE}
21:57:53.337 [main] INFO  o.e.j.w.StandardDescriptorProcessor - NO JSP Support for /browser, did not find org.apache.jasper.servlet.JspServlet
21:57:53.338 [main] INFO  o.e.j.server.handler.ContextHandler - Started o.e.j.w.WebAppContext@5ea9dc6f{/browser,jar:file:/Users/andreas/code/pres/neo4jtutorial/neo4j/system/lib/neo4j-browser-2.0.1.jar!/browser,AVAILABLE}
21:57:53.443 [main] INFO  o.e.j.server.handler.ContextHandler - Started o.e.j.s.ServletContextHandler@5cec2c45{/,null,AVAILABLE}
21:57:53.462 [main] INFO  o.e.jetty.server.ServerConnector - Started ServerConnector@53dca157{HTTP/1.1}{localhost:7474}
21:57:53.921 [main] INFO  o.e.jetty.server.ServerConnector - Started ServerConnector@2a96de6a{SSL-HTTP/1.1}{localhost:7473}
2014-03-10 20:57:53.923+0000 INFO  [API] Remote interface ready and available at [http://localhost:7474/]
2014-03-10 20:59:47.436+0000 INFO  [API] Neo4j Server shutdown initiated by request
21:59:47.440 [Thread-20] INFO  o.e.jetty.server.ServerConnector - Stopped ServerConnector@53dca157{HTTP/1.1}{localhost:7474}
21:59:47.440 [Thread-20] INFO  o.e.jetty.server.ServerConnector - Stopped ServerConnector@2a96de6a{SSL-HTTP/1.1}{localhost:7473}
21:59:47.441 [Thread-20] INFO  o.e.j.server.handler.ContextHandler - Stopped o.e.j.s.ServletContextHandler@5cec2c45{/,null,UNAVAILABLE}
21:59:47.442 [Thread-20] INFO  o.e.j.server.handler.ContextHandler - Stopped o.e.j.w.WebAppContext@5ea9dc6f{/browser,jar:file:/Users/andreas/code/pres/neo4jtutorial/neo4j/system/lib/neo4j-browser-2.0.1.jar!/browser,UNAVAILABLE}
21:59:47.443 [Thread-20] INFO  o.e.j.server.handler.ContextHandler - Stopped o.e.j.s.ServletContextHandler@4aa94430{/db/data,null,UNAVAILABLE}
21:59:47.443 [Thread-20] INFO  o.e.j.server.handler.ContextHandler - Stopped o.e.j.s.ServletContextHandler@6f58b28a{/db/manage,null,UNAVAILABLE}
21:59:47.444 [Thread-20] INFO  o.e.j.server.handler.ContextHandler - Stopped o.e.j.w.WebAppContext@25e9df6d{/webadmin,jar:file:/Users/andreas/code/pres/neo4jtutorial/neo4j/system/lib/neo4j-server-2.0.1-static-web.jar!/webadmin-html,UNAVAILABLE}
21:59:47.444 [Thread-20] INFO  o.e.j.server.handler.ContextHandler - Stopped o.e.j.s.h.MovedContextHandler@752122d7{/,null,UNAVAILABLE}
2014-03-10 20:59:47.451+0000 INFO  [API] Successfully shutdown Neo4j Server.
2014-03-10 20:59:49.604+0000 INFO  [API] Setting startup timeout to: 120000ms based on -1
2014-03-10 20:59:50.765+0000 INFO  [API] Successfully started database
2014-03-10 20:59:51.551+0000 INFO  [API] Starting HTTP on port :7474 with 40 threads available
2014-03-10 20:59:51.812+0000 INFO  [API] Enabling HTTPS on port :7473
2014-03-10 20:59:52.107+0000 INFO  [API] Mounted discovery module at [/]
2014-03-10 20:59:52.114+0000 INFO  [API] Mounted REST API at [/db/data/]
2014-03-10 20:59:52.116+0000 INFO  [API] Mounted management API at [/db/manage/]
2014-03-10 20:59:52.117+0000 INFO  [API] Mounted webadmin at [/webadmin]
2014-03-10 20:59:52.118+0000 INFO  [API] Mounted Neo4j Browser at [/browser]
2014-03-10 20:59:52.166+0000 INFO  [API] Mounting static content at [/webadmin] from [webadmin-html]
2014-03-10 20:59:52.213+0000 INFO  [API] Mounting static content at [/browser] from [browser]
21:59:52.214 [main] WARN  o.e.j.server.handler.ContextHandler - o.e.j.s.ServletContextHandler@38870d71{/,null,null} contextPath ends with /
21:59:52.214 [main] WARN  o.e.j.server.handler.ContextHandler - Empty contextPath
21:59:52.216 [main] INFO  org.eclipse.jetty.server.Server - jetty-9.0.5.v20130815
21:59:52.237 [main] INFO  o.e.j.server.handler.ContextHandler - Started o.e.j.s.h.MovedContextHandler@49ad5bac{/,null,AVAILABLE}
21:59:52.339 [main] INFO  o.e.j.w.StandardDescriptorProcessor - NO JSP Support for /webadmin, did not find org.apache.jasper.servlet.JspServlet
21:59:52.348 [main] INFO  o.e.j.server.handler.ContextHandler - Started o.e.j.w.WebAppContext@557ab585{/webadmin,jar:file:/Users/andreas/code/pres/neo4jtutorial/neo4j/system/lib/neo4j-server-2.0.1-static-web.jar!/webadmin-html,AVAILABLE}
21:59:52.753 [main] INFO  o.e.j.server.handler.ContextHandler - Started o.e.j.s.ServletContextHandler@67fe5cb7{/db/manage,null,AVAILABLE}
21:59:53.003 [main] INFO  o.e.j.server.handler.ContextHandler - Started o.e.j.s.ServletContextHandler@46b92ad1{/db/data,null,AVAILABLE}
21:59:53.020 [main] INFO  o.e.j.w.StandardDescriptorProcessor - NO JSP Support for /browser, did not find org.apache.jasper.servlet.JspServlet
21:59:53.022 [main] INFO  o.e.j.server.handler.ContextHandler - Started o.e.j.w.WebAppContext@2351fc28{/browser,jar:file:/Users/andreas/code/pres/neo4jtutorial/neo4j/system/lib/neo4j-browser-2.0.1.jar!/browser,AVAILABLE}
21:59:53.111 [main] INFO  o.e.j.server.handler.ContextHandler - Started o.e.j.s.ServletContextHandler@38870d71{/,null,AVAILABLE}
21:59:53.119 [main] INFO  o.e.jetty.server.ServerConnector - Started ServerConnector@6a3b300c{HTTP/1.1}{localhost:7474}
21:59:53.516 [main] INFO  o.e.jetty.server.ServerConnector - Started ServerConnector@5f578222{SSL-HTTP/1.1}{localhost:7473}
2014-03-10 20:59:53.517+0000 INFO  [API] Remote interface ready and available at [http://localhost:7474/]
2014-03-10 21:29:21.347+0000 INFO  [API] Neo4j Server shutdown initiated by request
22:29:21.353 [Thread-22] INFO  o.e.jetty.server.ServerConnector - Stopped ServerConnector@6a3b300c{HTTP/1.1}{localhost:7474}
22:29:21.356 [Thread-22] INFO  o.e.jetty.server.ServerConnector - Stopped ServerConnector@5f578222{SSL-HTTP/1.1}{localhost:7473}
22:29:21.356 [Thread-22] INFO  o.e.j.server.handler.ContextHandler - Stopped o.e.j.s.ServletContextHandler@38870d71{/,null,UNAVAILABLE}
22:29:21.357 [Thread-22] INFO  o.e.j.server.handler.ContextHandler - Stopped o.e.j.w.WebAppContext@2351fc28{/browser,jar:file:/Users/andreas/code/pres/neo4jtutorial/neo4j/system/lib/neo4j-browser-2.0.1.jar!/browser,UNAVAILABLE}
22:29:21.358 [Thread-22] INFO  o.e.j.server.handler.ContextHandler - Stopped o.e.j.s.ServletContextHandler@46b92ad1{/db/data,null,UNAVAILABLE}
22:29:21.358 [Thread-22] INFO  o.e.j.server.handler.ContextHandler - Stopped o.e.j.s.ServletContextHandler@67fe5cb7{/db/manage,null,UNAVAILABLE}
22:29:21.360 [Thread-22] INFO  o.e.j.server.handler.ContextHandler - Stopped o.e.j.w.WebAppContext@557ab585{/webadmin,jar:file:/Users/andreas/code/pres/neo4jtutorial/neo4j/system/lib/neo4j-server-2.0.1-static-web.jar!/webadmin-html,UNAVAILABLE}
22:29:21.360 [Thread-22] INFO  o.e.j.server.handler.ContextHandler - Stopped o.e.j.s.h.MovedContextHandler@49ad5bac{/,null,UNAVAILABLE}
2014-03-10 21:29:23.703+0000 INFO  [API] Setting startup timeout to: 120000ms based on -1
2014-03-10 21:29:24.832+0000 INFO  [API] Successfully started database
2014-03-10 21:29:25.507+0000 INFO  [API] Starting HTTP on port :7474 with 40 threads available
2014-03-10 21:29:25.669+0000 INFO  [API] Enabling HTTPS on port :7473
2014-03-10 21:29:25.925+0000 INFO  [API] Mounted discovery module at [/]
2014-03-10 21:29:25.931+0000 INFO  [API] Mounted REST API at [/db/data/]
2014-03-10 21:29:25.933+0000 INFO  [API] Mounted management API at [/db/manage/]
2014-03-10 21:29:25.934+0000 INFO  [API] Mounted webadmin at [/webadmin]
2014-03-10 21:29:25.935+0000 INFO  [API] Mounted Neo4j Browser at [/browser]
2014-03-10 21:29:25.984+0000 INFO  [API] Mounting static content at [/webadmin] from [webadmin-html]
2014-03-10 21:29:26.039+0000 INFO  [API] Mounting static content at [/browser] from [browser]
22:29:26.040 [main] WARN  o.e.j.server.handler.ContextHandler - o.e.j.s.ServletContextHandler@3e29739a{/,null,null} contextPath ends with /
22:29:26.041 [main] WARN  o.e.j.server.handler.ContextHandler - Empty contextPath
22:29:26.043 [main] INFO  org.eclipse.jetty.server.Server - jetty-9.0.5.v20130815
22:29:26.065 [main] INFO  o.e.j.server.handler.ContextHandler - Started o.e.j.s.h.MovedContextHandler@76520c83{/,null,AVAILABLE}
22:29:26.162 [main] INFO  o.e.j.w.StandardDescriptorProcessor - NO JSP Support for /webadmin, did not find org.apache.jasper.servlet.JspServlet
22:29:26.177 [main] INFO  o.e.j.server.handler.ContextHandler - Started o.e.j.w.WebAppContext@2d676e9f{/webadmin,jar:file:/Users/andreas/code/pres/neo4jtutorial/neo4j/system/lib/neo4j-server-2.0.1-static-web.jar!/webadmin-html,AVAILABLE}
22:29:26.580 [main] INFO  o.e.j.server.handler.ContextHandler - Started o.e.j.s.ServletContextHandler@4fe35f{/db/manage,null,AVAILABLE}
22:29:26.820 [main] INFO  o.e.j.server.handler.ContextHandler - Started o.e.j.s.ServletContextHandler@2e5d9d41{/db/data,null,AVAILABLE}
22:29:26.838 [main] INFO  o.e.j.w.StandardDescriptorProcessor - NO JSP Support for /browser, did not find org.apache.jasper.servlet.JspServlet
22:29:26.839 [main] INFO  o.e.j.server.handler.ContextHandler - Started o.e.j.w.WebAppContext@46b92ad1{/browser,jar:file:/Users/andreas/code/pres/neo4jtutorial/neo4j/system/lib/neo4j-browser-2.0.1.jar!/browser,AVAILABLE}
22:29:26.929 [main] INFO  o.e.j.server.handler.ContextHandler - Started o.e.j.s.ServletContextHandler@3e29739a{/,null,AVAILABLE}
22:29:26.942 [main] INFO  o.e.jetty.server.ServerConnector - Started ServerConnector@6bad229b{HTTP/1.1}{localhost:7474}
22:29:27.351 [main] INFO  o.e.jetty.server.ServerConnector - Started ServerConnector@e936760{SSL-HTTP/1.1}{localhost:7473}
2014-03-10 21:29:27.352+0000 INFO  [API] Remote interface ready and available at [http://localhost:7474/]
2014-03-10 21:39:46.397+0000 INFO  [API] Neo4j Server shutdown initiated by request
22:39:46.400 [Thread-22] INFO  o.e.jetty.server.ServerConnector - Stopped ServerConnector@6bad229b{HTTP/1.1}{localhost:7474}
22:39:46.401 [Thread-22] INFO  o.e.jetty.server.ServerConnector - Stopped ServerConnector@e936760{SSL-HTTP/1.1}{localhost:7473}
22:39:46.402 [Thread-22] INFO  o.e.j.server.handler.ContextHandler - Stopped o.e.j.s.ServletContextHandler@3e29739a{/,null,UNAVAILABLE}
22:39:46.403 [Thread-22] INFO  o.e.j.server.handler.ContextHandler - Stopped o.e.j.w.WebAppContext@46b92ad1{/browser,jar:file:/Users/andreas/code/pres/neo4jtutorial/neo4j/system/lib/neo4j-browser-2.0.1.jar!/browser,UNAVAILABLE}
22:39:46.404 [Thread-22] INFO  o.e.j.server.handler.ContextHandler - Stopped o.e.j.s.ServletContextHandler@2e5d9d41{/db/data,null,UNAVAILABLE}
22:39:46.404 [Thread-22] INFO  o.e.j.server.handler.ContextHandler - Stopped o.e.j.s.ServletContextHandler@4fe35f{/db/manage,null,UNAVAILABLE}
22:39:46.404 [Thread-22] INFO  o.e.j.server.handler.ContextHandler - Stopped o.e.j.w.WebAppContext@2d676e9f{/webadmin,jar:file:/Users/andreas/code/pres/neo4jtutorial/neo4j/system/lib/neo4j-server-2.0.1-static-web.jar!/webadmin-html,UNAVAILABLE}
22:39:46.404 [Thread-22] INFO  o.e.j.server.handler.ContextHandler - Stopped o.e.j.s.h.MovedContextHandler@76520c83{/,null,UNAVAILABLE}
2014-03-10 21:39:48.261+0000 INFO  [API] Setting startup timeout to: 120000ms based on -1
2014-03-10 21:39:49.240+0000 INFO  [API] Successfully started database
2014-03-10 21:39:49.880+0000 INFO  [API] Starting HTTP on port :7474 with 40 threads available
2014-03-10 21:39:50.045+0000 INFO  [API] Enabling HTTPS on port :7473
2014-03-10 21:39:50.300+0000 INFO  [API] Mounted discovery module at [/]
2014-03-10 21:39:50.306+0000 INFO  [API] Mounted REST API at [/db/data/]
2014-03-10 21:39:50.308+0000 INFO  [API] Mounted management API at [/db/manage/]
2014-03-10 21:39:50.309+0000 INFO  [API] Mounted webadmin at [/webadmin]
2014-03-10 21:39:50.310+0000 INFO  [API] Mounted Neo4j Browser at [/browser]
2014-03-10 21:39:50.354+0000 INFO  [API] Mounting static content at [/webadmin] from [webadmin-html]
2014-03-10 21:39:50.395+0000 INFO  [API] Mounting static content at [/browser] from [browser]
22:39:50.396 [main] WARN  o.e.j.server.handler.ContextHandler - o.e.j.s.ServletContextHandler@6ab35f5e{/,null,null} contextPath ends with /
22:39:50.396 [main] WARN  o.e.j.server.handler.ContextHandler - Empty contextPath
22:39:50.398 [main] INFO  org.eclipse.jetty.server.Server - jetty-9.0.5.v20130815
22:39:50.421 [main] INFO  o.e.j.server.handler.ContextHandler - Started o.e.j.s.h.MovedContextHandler@e9714ab{/,null,AVAILABLE}
22:39:50.517 [main] INFO  o.e.j.w.StandardDescriptorProcessor - NO JSP Support for /webadmin, did not find org.apache.jasper.servlet.JspServlet
22:39:50.528 [main] INFO  o.e.j.server.handler.ContextHandler - Started o.e.j.w.WebAppContext@2e38468a{/webadmin,jar:file:/Users/andreas/code/pres/neo4jtutorial/neo4j/system/lib/neo4j-server-2.0.1-static-web.jar!/webadmin-html,AVAILABLE}
22:39:50.924 [main] INFO  o.e.j.server.handler.ContextHandler - Started o.e.j.s.ServletContextHandler@5cbb68b4{/db/manage,null,AVAILABLE}
22:39:51.158 [main] INFO  o.e.j.server.handler.ContextHandler - Started o.e.j.s.ServletContextHandler@28dd1d5b{/db/data,null,AVAILABLE}
22:39:51.176 [main] INFO  o.e.j.w.StandardDescriptorProcessor - NO JSP Support for /browser, did not find org.apache.jasper.servlet.JspServlet
22:39:51.177 [main] INFO  o.e.j.server.handler.ContextHandler - Started o.e.j.w.WebAppContext@30754c09{/browser,jar:file:/Users/andreas/code/pres/neo4jtutorial/neo4j/system/lib/neo4j-browser-2.0.1.jar!/browser,AVAILABLE}
22:39:51.261 [main] INFO  o.e.j.server.handler.ContextHandler - Started o.e.j.s.ServletContextHandler@6ab35f5e{/,null,AVAILABLE}
22:39:51.270 [main] INFO  o.e.jetty.server.ServerConnector - Started ServerConnector@5c4bae93{HTTP/1.1}{localhost:7474}
22:39:51.687 [main] INFO  o.e.jetty.server.ServerConnector - Started ServerConnector@4d122b7a{SSL-HTTP/1.1}{localhost:7473}
2014-03-10 21:39:51.688+0000 INFO  [API] Remote interface ready and available at [http://localhost:7474/]
2014-03-10 21:43:14.851+0000 INFO  [API] Neo4j Server shutdown initiated by request
22:43:14.856 [Thread-22] INFO  o.e.jetty.server.ServerConnector - Stopped ServerConnector@5c4bae93{HTTP/1.1}{localhost:7474}
22:43:14.857 [Thread-22] INFO  o.e.jetty.server.ServerConnector - Stopped ServerConnector@4d122b7a{SSL-HTTP/1.1}{localhost:7473}
22:43:14.857 [Thread-22] INFO  o.e.j.server.handler.ContextHandler - Stopped o.e.j.s.ServletContextHandler@6ab35f5e{/,null,UNAVAILABLE}
22:43:14.858 [Thread-22] INFO  o.e.j.server.handler.ContextHandler - Stopped o.e.j.w.WebAppContext@30754c09{/browser,jar:file:/Users/andreas/code/pres/neo4jtutorial/neo4j/system/lib/neo4j-browser-2.0.1.jar!/browser,UNAVAILABLE}
22:43:14.859 [Thread-22] INFO  o.e.j.server.handler.ContextHandler - Stopped o.e.j.s.ServletContextHandler@28dd1d5b{/db/data,null,UNAVAILABLE}
22:43:14.859 [Thread-22] INFO  o.e.j.server.handler.ContextHandler - Stopped o.e.j.s.ServletContextHandler@5cbb68b4{/db/manage,null,UNAVAILABLE}
22:43:14.859 [Thread-22] INFO  o.e.j.server.handler.ContextHandler - Stopped o.e.j.w.WebAppContext@2e38468a{/webadmin,jar:file:/Users/andreas/code/pres/neo4jtutorial/neo4j/system/lib/neo4j-server-2.0.1-static-web.jar!/webadmin-html,UNAVAILABLE}
22:43:14.860 [Thread-22] INFO  o.e.j.server.handler.ContextHandler - Stopped o.e.j.s.h.MovedContextHandler@e9714ab{/,null,UNAVAILABLE}
2014-03-10 21:43:17.073+0000 INFO  [API] Setting startup timeout to: 120000ms based on -1
2014-03-10 21:43:18.189+0000 INFO  [API] Successfully started database
2014-03-10 21:43:18.908+0000 INFO  [API] Starting HTTP on port :7474 with 40 threads available
2014-03-10 21:43:19.064+0000 INFO  [API] Enabling HTTPS on port :7473
2014-03-10 21:43:19.320+0000 INFO  [API] Mounted discovery module at [/]
2014-03-10 21:43:19.327+0000 INFO  [API] Mounted REST API at [/db/data/]
2014-03-10 21:43:19.329+0000 INFO  [API] Mounted management API at [/db/manage/]
2014-03-10 21:43:19.330+0000 INFO  [API] Mounted webadmin at [/webadmin]
2014-03-10 21:43:19.331+0000 INFO  [API] Mounted Neo4j Browser at [/browser]
2014-03-10 21:43:19.382+0000 INFO  [API] Mounting static content at [/webadmin] from [webadmin-html]
2014-03-10 21:43:19.437+0000 INFO  [API] Mounting static content at [/browser] from [browser]
22:43:19.438 [main] WARN  o.e.j.server.handler.ContextHandler - o.e.j.s.ServletContextHandler@322fef43{/,null,null} contextPath ends with /
22:43:19.438 [main] WARN  o.e.j.server.handler.ContextHandler - Empty contextPath
22:43:19.441 [main] INFO  org.eclipse.jetty.server.Server - jetty-9.0.5.v20130815
22:43:19.468 [main] INFO  o.e.j.server.handler.ContextHandler - Started o.e.j.s.h.MovedContextHandler@64055601{/,null,AVAILABLE}
22:43:19.574 [main] INFO  o.e.j.w.StandardDescriptorProcessor - NO JSP Support for /webadmin, did not find org.apache.jasper.servlet.JspServlet
22:43:19.585 [main] INFO  o.e.j.server.handler.ContextHandler - Started o.e.j.w.WebAppContext@6e053464{/webadmin,jar:file:/Users/andreas/code/pres/neo4jtutorial/neo4j/system/lib/neo4j-server-2.0.1-static-web.jar!/webadmin-html,AVAILABLE}
22:43:19.986 [main] INFO  o.e.j.server.handler.ContextHandler - Started o.e.j.s.ServletContextHandler@cc938b8{/db/manage,null,AVAILABLE}
22:43:20.229 [main] INFO  o.e.j.server.handler.ContextHandler - Started o.e.j.s.ServletContextHandler@214a725d{/db/data,null,AVAILABLE}
22:43:20.246 [main] INFO  o.e.j.w.StandardDescriptorProcessor - NO JSP Support for /browser, did not find org.apache.jasper.servlet.JspServlet
22:43:20.247 [main] INFO  o.e.j.server.handler.ContextHandler - Started o.e.j.w.WebAppContext@49180935{/browser,jar:file:/Users/andreas/code/pres/neo4jtutorial/neo4j/system/lib/neo4j-browser-2.0.1.jar!/browser,AVAILABLE}
22:43:20.348 [main] INFO  o.e.j.server.handler.ContextHandler - Started o.e.j.s.ServletContextHandler@322fef43{/,null,AVAILABLE}
22:43:20.359 [main] INFO  o.e.jetty.server.ServerConnector - Started ServerConnector@1b7b186a{HTTP/1.1}{localhost:7474}
22:43:20.792 [main] INFO  o.e.jetty.server.ServerConnector - Started ServerConnector@72282619{SSL-HTTP/1.1}{localhost:7473}
2014-03-10 21:43:20.794+0000 INFO  [API] Remote interface ready and available at [http://localhost:7474/]
2014-03-10 22:31:53.216+0000 INFO  [API] Neo4j Server shutdown initiated by request
23:31:53.235 [Thread-18] INFO  o.e.jetty.server.ServerConnector - Stopped ServerConnector@1b7b186a{HTTP/1.1}{localhost:7474}
23:31:53.240 [Thread-18] INFO  o.e.jetty.server.ServerConnector - Stopped ServerConnector@72282619{SSL-HTTP/1.1}{localhost:7473}
23:31:53.241 [Thread-18] INFO  o.e.j.server.handler.ContextHandler - Stopped o.e.j.s.ServletContextHandler@322fef43{/,null,UNAVAILABLE}
23:31:53.244 [Thread-18] INFO  o.e.j.server.handler.ContextHandler - Stopped o.e.j.w.WebAppContext@49180935{/browser,jar:file:/Users/andreas/code/pres/neo4jtutorial/neo4j/system/lib/neo4j-browser-2.0.1.jar!/browser,UNAVAILABLE}
23:31:53.246 [Thread-18] INFO  o.e.j.server.handler.ContextHandler - Stopped o.e.j.s.ServletContextHandler@214a725d{/db/data,null,UNAVAILABLE}
23:31:53.246 [Thread-18] INFO  o.e.j.server.handler.ContextHandler - Stopped o.e.j.s.ServletContextHandler@cc938b8{/db/manage,null,UNAVAILABLE}
23:31:53.248 [Thread-18] INFO  o.e.j.server.handler.ContextHandler - Stopped o.e.j.w.WebAppContext@6e053464{/webadmin,jar:file:/Users/andreas/code/pres/neo4jtutorial/neo4j/system/lib/neo4j-server-2.0.1-static-web.jar!/webadmin-html,UNAVAILABLE}
23:31:53.249 [Thread-18] INFO  o.e.j.server.handler.ContextHandler - Stopped o.e.j.s.h.MovedContextHandler@64055601{/,null,UNAVAILABLE}
2014-03-10 22:31:57.858+0000 INFO  [API] Setting startup timeout to: 120000ms based on -1
2014-03-10 22:32:00.686+0000 INFO  [API] Successfully started database
2014-03-10 22:32:02.492+0000 INFO  [API] Starting HTTP on port :7474 with 40 threads available
2014-03-10 22:32:02.984+0000 INFO  [API] Enabling HTTPS on port :7473
2014-03-10 22:32:03.689+0000 INFO  [API] Mounted discovery module at [/]
2014-03-10 22:32:03.707+0000 INFO  [API] Mounted REST API at [/db/data/]
2014-03-10 22:32:03.714+0000 INFO  [API] Mounted management API at [/db/manage/]
2014-03-10 22:32:03.716+0000 INFO  [API] Mounted webadmin at [/webadmin]
2014-03-10 22:32:03.718+0000 INFO  [API] Mounted Neo4j Browser at [/browser]
2014-03-10 22:32:03.851+0000 INFO  [API] Mounting static content at [/webadmin] from [webadmin-html]
2014-03-10 22:32:03.964+0000 INFO  [API] Mounting static content at [/browser] from [browser]
23:32:03.966 [main] WARN  o.e.j.server.handler.ContextHandler - o.e.j.s.ServletContextHandler@1e8ec0d7{/,null,null} contextPath ends with /
23:32:03.966 [main] WARN  o.e.j.server.handler.ContextHandler - Empty contextPath
23:32:03.971 [main] INFO  org.eclipse.jetty.server.Server - jetty-9.0.5.v20130815
23:32:04.031 [main] INFO  o.e.j.server.handler.ContextHandler - Started o.e.j.s.h.MovedContextHandler@3df55c9c{/,null,AVAILABLE}
23:32:04.275 [main] INFO  o.e.j.w.StandardDescriptorProcessor - NO JSP Support for /webadmin, did not find org.apache.jasper.servlet.JspServlet
23:32:04.302 [main] INFO  o.e.j.server.handler.ContextHandler - Started o.e.j.w.WebAppContext@42a57f8c{/webadmin,jar:file:/Users/andreas/code/pres/neo4jtutorial/neo4j/system/lib/neo4j-server-2.0.1-static-web.jar!/webadmin-html,AVAILABLE}
23:32:05.379 [main] INFO  o.e.j.server.handler.ContextHandler - Started o.e.j.s.ServletContextHandler@3e848c55{/db/manage,null,AVAILABLE}
23:32:06.093 [main] INFO  o.e.j.server.handler.ContextHandler - Started o.e.j.s.ServletContextHandler@761167a{/db/data,null,AVAILABLE}
23:32:06.139 [main] INFO  o.e.j.w.StandardDescriptorProcessor - NO JSP Support for /browser, did not find org.apache.jasper.servlet.JspServlet
23:32:06.142 [main] INFO  o.e.j.server.handler.ContextHandler - Started o.e.j.w.WebAppContext@5fa711a3{/browser,jar:file:/Users/andreas/code/pres/neo4jtutorial/neo4j/system/lib/neo4j-browser-2.0.1.jar!/browser,AVAILABLE}
23:32:06.387 [main] INFO  o.e.j.server.handler.ContextHandler - Started o.e.j.s.ServletContextHandler@1e8ec0d7{/,null,AVAILABLE}
23:32:06.410 [main] INFO  o.e.jetty.server.ServerConnector - Started ServerConnector@1f88c9af{HTTP/1.1}{localhost:7474}
23:32:07.648 [main] INFO  o.e.jetty.server.ServerConnector - Started ServerConnector@4ad2080e{SSL-HTTP/1.1}{localhost:7473}
2014-03-10 22:32:07.652+0000 INFO  [API] Remote interface ready and available at [http://localhost:7474/]
2014-03-10 22:58:29.025+0000 INFO  [API] Neo4j Server shutdown initiated by request
23:58:29.032 [Thread-22] INFO  o.e.jetty.server.ServerConnector - Stopped ServerConnector@1f88c9af{HTTP/1.1}{localhost:7474}
23:58:29.034 [Thread-22] INFO  o.e.jetty.server.ServerConnector - Stopped ServerConnector@4ad2080e{SSL-HTTP/1.1}{localhost:7473}
23:58:29.034 [Thread-22] INFO  o.e.j.server.handler.ContextHandler - Stopped o.e.j.s.ServletContextHandler@1e8ec0d7{/,null,UNAVAILABLE}
23:58:29.035 [Thread-22] INFO  o.e.j.server.handler.ContextHandler - Stopped o.e.j.w.WebAppContext@5fa711a3{/browser,jar:file:/Users/andreas/code/pres/neo4jtutorial/neo4j/system/lib/neo4j-browser-2.0.1.jar!/browser,UNAVAILABLE}
23:58:29.036 [Thread-22] INFO  o.e.j.server.handler.ContextHandler - Stopped o.e.j.s.ServletContextHandler@761167a{/db/data,null,UNAVAILABLE}
23:58:29.037 [Thread-22] INFO  o.e.j.server.handler.ContextHandler - Stopped o.e.j.s.ServletContextHandler@3e848c55{/db/manage,null,UNAVAILABLE}
23:58:29.038 [Thread-22] INFO  o.e.j.server.handler.ContextHandler - Stopped o.e.j.w.WebAppContext@42a57f8c{/webadmin,jar:file:/Users/andreas/code/pres/neo4jtutorial/neo4j/system/lib/neo4j-server-2.0.1-static-web.jar!/webadmin-html,UNAVAILABLE}
23:58:29.038 [Thread-22] INFO  o.e.j.server.handler.ContextHandler - Stopped o.e.j.s.h.MovedContextHandler@3df55c9c{/,null,UNAVAILABLE}
2014-03-10 22:58:29.042+0000 INFO  [API] Successfully shutdown Neo4j Server.
2014-03-10 22:58:32.005+0000 INFO  [API] Setting startup timeout to: 120000ms based on -1
2014-03-10 22:58:33.035+0000 INFO  [API] Successfully started database
2014-03-10 22:58:33.680+0000 INFO  [API] Starting HTTP on port :7474 with 40 threads available
2014-03-10 22:58:33.849+0000 INFO  [API] Enabling HTTPS on port :7473
2014-03-10 22:58:34.097+0000 INFO  [API] Mounted discovery module at [/]
2014-03-10 22:58:34.107+0000 INFO  [API] Mounted REST API at [/db/data/]
2014-03-10 22:58:34.110+0000 INFO  [API] Mounted management API at [/db/manage/]
2014-03-10 22:58:34.111+0000 INFO  [API] Mounted webadmin at [/webadmin]
2014-03-10 22:58:34.112+0000 INFO  [API] Mounted Neo4j Browser at [/browser]
2014-03-10 22:58:34.160+0000 INFO  [API] Mounting static content at [/webadmin] from [webadmin-html]
2014-03-10 22:58:34.212+0000 INFO  [API] Mounting static content at [/browser] from [browser]
23:58:34.213 [main] WARN  o.e.j.server.handler.ContextHandler - o.e.j.s.ServletContextHandler@4dffb848{/,null,null} contextPath ends with /
23:58:34.213 [main] WARN  o.e.j.server.handler.ContextHandler - Empty contextPath
23:58:34.215 [main] INFO  org.eclipse.jetty.server.Server - jetty-9.0.5.v20130815
23:58:34.242 [main] INFO  o.e.j.server.handler.ContextHandler - Started o.e.j.s.h.MovedContextHandler@1a8405ec{/,null,AVAILABLE}
23:58:34.338 [main] INFO  o.e.j.w.StandardDescriptorProcessor - NO JSP Support for /webadmin, did not find org.apache.jasper.servlet.JspServlet
23:58:34.352 [main] INFO  o.e.j.server.handler.ContextHandler - Started o.e.j.w.WebAppContext@3990848{/webadmin,jar:file:/Users/andreas/code/pres/neo4jtutorial/neo4j/system/lib/neo4j-server-2.0.1-static-web.jar!/webadmin-html,AVAILABLE}
23:58:34.749 [main] INFO  o.e.j.server.handler.ContextHandler - Started o.e.j.s.ServletContextHandler@57ead1aa{/db/manage,null,AVAILABLE}
23:58:34.997 [main] INFO  o.e.j.server.handler.ContextHandler - Started o.e.j.s.ServletContextHandler@3cf62267{/db/data,null,AVAILABLE}
23:58:35.015 [main] INFO  o.e.j.w.StandardDescriptorProcessor - NO JSP Support for /browser, did not find org.apache.jasper.servlet.JspServlet
23:58:35.016 [main] INFO  o.e.j.server.handler.ContextHandler - Started o.e.j.w.WebAppContext@79c68933{/browser,jar:file:/Users/andreas/code/pres/neo4jtutorial/neo4j/system/lib/neo4j-browser-2.0.1.jar!/browser,AVAILABLE}
23:58:35.103 [main] INFO  o.e.j.server.handler.ContextHandler - Started o.e.j.s.ServletContextHandler@4dffb848{/,null,AVAILABLE}
23:58:35.112 [main] INFO  o.e.jetty.server.ServerConnector - Started ServerConnector@62b57ee2{HTTP/1.1}{localhost:7474}
23:58:35.575 [main] INFO  o.e.jetty.server.ServerConnector - Started ServerConnector@49da5b64{SSL-HTTP/1.1}{localhost:7473}
2014-03-10 22:58:35.577+0000 INFO  [API] Remote interface ready and available at [http://localhost:7474/]
2014-03-10 23:15:08.950+0000 INFO  [API] Neo4j Server shutdown initiated by request
00:15:08.954 [Thread-22] INFO  o.e.jetty.server.ServerConnector - Stopped ServerConnector@62b57ee2{HTTP/1.1}{localhost:7474}
00:15:08.955 [Thread-22] INFO  o.e.jetty.server.ServerConnector - Stopped ServerConnector@49da5b64{SSL-HTTP/1.1}{localhost:7473}
00:15:08.956 [Thread-22] INFO  o.e.j.server.handler.ContextHandler - Stopped o.e.j.s.ServletContextHandler@4dffb848{/,null,UNAVAILABLE}
00:15:08.957 [Thread-22] INFO  o.e.j.server.handler.ContextHandler - Stopped o.e.j.w.WebAppContext@79c68933{/browser,jar:file:/Users/andreas/code/pres/neo4jtutorial/neo4j/system/lib/neo4j-browser-2.0.1.jar!/browser,UNAVAILABLE}
00:15:08.958 [Thread-22] INFO  o.e.j.server.handler.ContextHandler - Stopped o.e.j.s.ServletContextHandler@3cf62267{/db/data,null,UNAVAILABLE}
00:15:08.958 [Thread-22] INFO  o.e.j.server.handler.ContextHandler - Stopped o.e.j.s.ServletContextHandler@57ead1aa{/db/manage,null,UNAVAILABLE}
00:15:08.959 [Thread-22] INFO  o.e.j.server.handler.ContextHandler - Stopped o.e.j.w.WebAppContext@3990848{/webadmin,jar:file:/Users/andreas/code/pres/neo4jtutorial/neo4j/system/lib/neo4j-server-2.0.1-static-web.jar!/webadmin-html,UNAVAILABLE}
00:15:08.959 [Thread-22] INFO  o.e.j.server.handler.ContextHandler - Stopped o.e.j.s.h.MovedContextHandler@1a8405ec{/,null,UNAVAILABLE}
2014-03-10 23:15:11.610+0000 INFO  [API] Setting startup timeout to: 120000ms based on -1
2014-03-10 23:15:12.701+0000 INFO  [API] Successfully started database
2014-03-10 23:15:13.321+0000 INFO  [API] Starting HTTP on port :7474 with 40 threads available
2014-03-10 23:15:13.483+0000 INFO  [API] Enabling HTTPS on port :7473
2014-03-10 23:15:13.747+0000 INFO  [API] Mounted discovery module at [/]
2014-03-10 23:15:13.752+0000 INFO  [API] Mounted REST API at [/db/data/]
2014-03-10 23:15:13.755+0000 INFO  [API] Mounted management API at [/db/manage/]
2014-03-10 23:15:13.756+0000 INFO  [API] Mounted webadmin at [/webadmin]
2014-03-10 23:15:13.756+0000 INFO  [API] Mounted Neo4j Browser at [/browser]
2014-03-10 23:15:13.801+0000 INFO  [API] Mounting static content at [/webadmin] from [webadmin-html]
2014-03-10 23:15:13.854+0000 INFO  [API] Mounting static content at [/browser] from [browser]
00:15:13.855 [main] WARN  o.e.j.server.handler.ContextHandler - o.e.j.s.ServletContextHandler@1f3027a0{/,null,null} contextPath ends with /
00:15:13.855 [main] WARN  o.e.j.server.handler.ContextHandler - Empty contextPath
00:15:13.858 [main] INFO  org.eclipse.jetty.server.Server - jetty-9.0.5.v20130815
00:15:13.884 [main] INFO  o.e.j.server.handler.ContextHandler - Started o.e.j.s.h.MovedContextHandler@608042ab{/,null,AVAILABLE}
00:15:13.979 [main] INFO  o.e.j.w.StandardDescriptorProcessor - NO JSP Support for /webadmin, did not find org.apache.jasper.servlet.JspServlet
00:15:13.992 [main] INFO  o.e.j.server.handler.ContextHandler - Started o.e.j.w.WebAppContext@66e185b6{/webadmin,jar:file:/Users/andreas/code/pres/neo4jtutorial/neo4j/system/lib/neo4j-server-2.0.1-static-web.jar!/webadmin-html,AVAILABLE}
00:15:14.442 [main] INFO  o.e.j.server.handler.ContextHandler - Started o.e.j.s.ServletContextHandler@23168938{/db/manage,null,AVAILABLE}
00:15:14.698 [main] INFO  o.e.j.server.handler.ContextHandler - Started o.e.j.s.ServletContextHandler@7e25a483{/db/data,null,AVAILABLE}
00:15:14.717 [main] INFO  o.e.j.w.StandardDescriptorProcessor - NO JSP Support for /browser, did not find org.apache.jasper.servlet.JspServlet
00:15:14.718 [main] INFO  o.e.j.server.handler.ContextHandler - Started o.e.j.w.WebAppContext@3ff2e2f{/browser,jar:file:/Users/andreas/code/pres/neo4jtutorial/neo4j/system/lib/neo4j-browser-2.0.1.jar!/browser,AVAILABLE}
00:15:14.848 [main] INFO  o.e.j.server.handler.ContextHandler - Started o.e.j.s.ServletContextHandler@1f3027a0{/,null,AVAILABLE}
00:15:14.861 [main] INFO  o.e.jetty.server.ServerConnector - Started ServerConnector@2e7c2f99{HTTP/1.1}{localhost:7474}
00:15:15.371 [main] INFO  o.e.jetty.server.ServerConnector - Started ServerConnector@19912a48{SSL-HTTP/1.1}{localhost:7473}
2014-03-10 23:15:15.373+0000 INFO  [API] Remote interface ready and available at [http://localhost:7474/]
2014-03-10 23:17:57.834+0000 INFO  [API] Neo4j Server shutdown initiated by request
00:17:57.838 [Thread-22] INFO  o.e.jetty.server.ServerConnector - Stopped ServerConnector@2e7c2f99{HTTP/1.1}{localhost:7474}
00:17:57.841 [Thread-22] INFO  o.e.jetty.server.ServerConnector - Stopped ServerConnector@19912a48{SSL-HTTP/1.1}{localhost:7473}
00:17:57.841 [Thread-22] INFO  o.e.j.server.handler.ContextHandler - Stopped o.e.j.s.ServletContextHandler@1f3027a0{/,null,UNAVAILABLE}
00:17:57.843 [Thread-22] INFO  o.e.j.server.handler.ContextHandler - Stopped o.e.j.w.WebAppContext@3ff2e2f{/browser,jar:file:/Users/andreas/code/pres/neo4jtutorial/neo4j/system/lib/neo4j-browser-2.0.1.jar!/browser,UNAVAILABLE}
00:17:57.844 [Thread-22] INFO  o.e.j.server.handler.ContextHandler - Stopped o.e.j.s.ServletContextHandler@7e25a483{/db/data,null,UNAVAILABLE}
00:17:57.844 [Thread-22] INFO  o.e.j.server.handler.ContextHandler - Stopped o.e.j.s.ServletContextHandler@23168938{/db/manage,null,UNAVAILABLE}
00:17:57.845 [Thread-22] INFO  o.e.j.server.handler.ContextHandler - Stopped o.e.j.w.WebAppContext@66e185b6{/webadmin,jar:file:/Users/andreas/code/pres/neo4jtutorial/neo4j/system/lib/neo4j-server-2.0.1-static-web.jar!/webadmin-html,UNAVAILABLE}
00:17:57.845 [Thread-22] INFO  o.e.j.server.handler.ContextHandler - Stopped o.e.j.s.h.MovedContextHandler@608042ab{/,null,UNAVAILABLE}
2014-03-10 23:18:00.715+0000 INFO  [API] Setting startup timeout to: 120000ms based on -1
2014-03-10 23:18:01.704+0000 INFO  [API] Successfully started database
2014-03-10 23:18:02.354+0000 INFO  [API] Starting HTTP on port :7474 with 40 threads available
2014-03-10 23:18:02.514+0000 INFO  [API] Enabling HTTPS on port :7473
2014-03-10 23:18:02.753+0000 INFO  [API] Mounted discovery module at [/]
2014-03-10 23:18:02.758+0000 INFO  [API] Mounted REST API at [/db/data/]
2014-03-10 23:18:02.763+0000 INFO  [API] Mounted management API at [/db/manage/]
2014-03-10 23:18:02.764+0000 INFO  [API] Mounted webadmin at [/webadmin]
2014-03-10 23:18:02.764+0000 INFO  [API] Mounted Neo4j Browser at [/browser]
2014-03-10 23:18:02.816+0000 INFO  [API] Mounting static content at [/webadmin] from [webadmin-html]
2014-03-10 23:18:02.860+0000 INFO  [API] Mounting static content at [/browser] from [browser]
00:18:02.861 [main] WARN  o.e.j.server.handler.ContextHandler - o.e.j.s.ServletContextHandler@21787c2f{/,null,null} contextPath ends with /
00:18:02.861 [main] WARN  o.e.j.server.handler.ContextHandler - Empty contextPath
00:18:02.863 [main] INFO  org.eclipse.jetty.server.Server - jetty-9.0.5.v20130815
00:18:02.884 [main] INFO  o.e.j.server.handler.ContextHandler - Started o.e.j.s.h.MovedContextHandler@4df7cfae{/,null,AVAILABLE}
00:18:02.980 [main] INFO  o.e.j.w.StandardDescriptorProcessor - NO JSP Support for /webadmin, did not find org.apache.jasper.servlet.JspServlet
00:18:02.989 [main] INFO  o.e.j.server.handler.ContextHandler - Started o.e.j.w.WebAppContext@428d43cc{/webadmin,jar:file:/Users/andreas/code/pres/neo4jtutorial/neo4j/system/lib/neo4j-server-2.0.1-static-web.jar!/webadmin-html,AVAILABLE}
00:18:03.391 [main] INFO  o.e.j.server.handler.ContextHandler - Started o.e.j.s.ServletContextHandler@15ec1be1{/db/manage,null,AVAILABLE}
00:18:03.640 [main] INFO  o.e.j.server.handler.ContextHandler - Started o.e.j.s.ServletContextHandler@5a1e82cb{/db/data,null,AVAILABLE}
00:18:03.659 [main] INFO  o.e.j.w.StandardDescriptorProcessor - NO JSP Support for /browser, did not find org.apache.jasper.servlet.JspServlet
00:18:03.660 [main] INFO  o.e.j.server.handler.ContextHandler - Started o.e.j.w.WebAppContext@37dbbe73{/browser,jar:file:/Users/andreas/code/pres/neo4jtutorial/neo4j/system/lib/neo4j-browser-2.0.1.jar!/browser,AVAILABLE}
00:18:03.762 [main] INFO  o.e.j.server.handler.ContextHandler - Started o.e.j.s.ServletContextHandler@21787c2f{/,null,AVAILABLE}
00:18:03.773 [main] INFO  o.e.jetty.server.ServerConnector - Started ServerConnector@364211d7{HTTP/1.1}{localhost:7474}
00:18:04.266 [main] INFO  o.e.jetty.server.ServerConnector - Started ServerConnector@37e1e5c{SSL-HTTP/1.1}{localhost:7473}
2014-03-10 23:18:04.267+0000 INFO  [API] Remote interface ready and available at [http://localhost:7474/]
2014-03-11 16:50:02.302+0000 INFO  [API] Neo4j Server shutdown initiated by request
17:50:02.313 [Thread-22] INFO  o.e.jetty.server.ServerConnector - Stopped ServerConnector@364211d7{HTTP/1.1}{localhost:7474}
17:50:02.315 [Thread-22] INFO  o.e.jetty.server.ServerConnector - Stopped ServerConnector@37e1e5c{SSL-HTTP/1.1}{localhost:7473}
17:50:02.315 [Thread-22] INFO  o.e.j.server.handler.ContextHandler - Stopped o.e.j.s.ServletContextHandler@21787c2f{/,null,UNAVAILABLE}
17:50:02.319 [Thread-22] INFO  o.e.j.server.handler.ContextHandler - Stopped o.e.j.w.WebAppContext@37dbbe73{/browser,jar:file:/Users/andreas/code/pres/neo4jtutorial/neo4j/system/lib/neo4j-browser-2.0.1.jar!/browser,UNAVAILABLE}
17:50:02.320 [Thread-22] INFO  o.e.j.server.handler.ContextHandler - Stopped o.e.j.s.ServletContextHandler@5a1e82cb{/db/data,null,UNAVAILABLE}
17:50:02.320 [Thread-22] INFO  o.e.j.server.handler.ContextHandler - Stopped o.e.j.s.ServletContextHandler@15ec1be1{/db/manage,null,UNAVAILABLE}
17:50:02.321 [Thread-22] INFO  o.e.j.server.handler.ContextHandler - Stopped o.e.j.w.WebAppContext@428d43cc{/webadmin,jar:file:/Users/andreas/code/pres/neo4jtutorial/neo4j/system/lib/neo4j-server-2.0.1-static-web.jar!/webadmin-html,UNAVAILABLE}
17:50:02.321 [Thread-22] INFO  o.e.j.server.handler.ContextHandler - Stopped o.e.j.s.h.MovedContextHandler@4df7cfae{/,null,UNAVAILABLE}
2014-03-11 16:50:02.328+0000 INFO  [API] Successfully shutdown Neo4j Server.
2014-03-11 16:50:06.145+0000 INFO  [API] Setting startup timeout to: 120000ms based on -1
2014-03-11 16:50:07.505+0000 INFO  [API] Successfully started database
2014-03-11 16:50:08.389+0000 INFO  [API] Starting HTTP on port :7474 with 40 threads available
2014-03-11 16:50:08.601+0000 INFO  [API] Enabling HTTPS on port :7473
2014-03-11 16:50:08.978+0000 INFO  [API] Mounted discovery module at [/]
2014-03-11 16:50:08.986+0000 INFO  [API] Mounted REST API at [/db/data/]
2014-03-11 16:50:08.990+0000 INFO  [API] Mounted management API at [/db/manage/]
2014-03-11 16:50:08.991+0000 INFO  [API] Mounted webadmin at [/webadmin]
2014-03-11 16:50:08.991+0000 INFO  [API] Mounted Neo4j Browser at [/browser]
2014-03-11 16:50:09.057+0000 INFO  [API] Mounting static content at [/webadmin] from [webadmin-html]
2014-03-11 16:50:09.108+0000 INFO  [API] Mounting static content at [/browser] from [browser]
17:50:09.108 [main] WARN  o.e.j.server.handler.ContextHandler - o.e.j.s.ServletContextHandler@598a02d1{/,null,null} contextPath ends with /
17:50:09.109 [main] WARN  o.e.j.server.handler.ContextHandler - Empty contextPath
17:50:09.110 [main] INFO  org.eclipse.jetty.server.Server - jetty-9.0.5.v20130815
17:50:09.133 [main] INFO  o.e.j.server.handler.ContextHandler - Started o.e.j.s.h.MovedContextHandler@3eb6814a{/,null,AVAILABLE}
17:50:09.238 [main] INFO  o.e.j.w.StandardDescriptorProcessor - NO JSP Support for /webadmin, did not find org.apache.jasper.servlet.JspServlet
17:50:09.248 [main] INFO  o.e.j.server.handler.ContextHandler - Started o.e.j.w.WebAppContext@2c9115ac{/webadmin,jar:file:/Users/andreas/code/pres/neo4jtutorial/neo4j/system/lib/neo4j-server-2.0.1-static-web.jar!/webadmin-html,AVAILABLE}
17:50:09.680 [main] INFO  o.e.j.server.handler.ContextHandler - Started o.e.j.s.ServletContextHandler@3e39e30c{/db/manage,null,AVAILABLE}
17:50:09.919 [main] INFO  o.e.j.server.handler.ContextHandler - Started o.e.j.s.ServletContextHandler@2a193b49{/db/data,null,AVAILABLE}
17:50:09.936 [main] INFO  o.e.j.w.StandardDescriptorProcessor - NO JSP Support for /browser, did not find org.apache.jasper.servlet.JspServlet
17:50:09.937 [main] INFO  o.e.j.server.handler.ContextHandler - Started o.e.j.w.WebAppContext@1ed72085{/browser,jar:file:/Users/andreas/code/pres/neo4jtutorial/neo4j/system/lib/neo4j-browser-2.0.1.jar!/browser,AVAILABLE}
17:50:10.085 [main] INFO  o.e.j.server.handler.ContextHandler - Started o.e.j.s.ServletContextHandler@598a02d1{/,null,AVAILABLE}
17:50:10.103 [main] INFO  o.e.jetty.server.ServerConnector - Started ServerConnector@2c136305{HTTP/1.1}{localhost:7474}
17:50:10.559 [main] INFO  o.e.jetty.server.ServerConnector - Started ServerConnector@d1cac97{SSL-HTTP/1.1}{localhost:7473}
2014-03-11 16:50:10.561+0000 INFO  [API] Remote interface ready and available at [http://localhost:7474/]
2014-03-11 17:00:23.382+0000 INFO  [API] Neo4j Server shutdown initiated by request
18:00:23.387 [Thread-22] INFO  o.e.jetty.server.ServerConnector - Stopped ServerConnector@2c136305{HTTP/1.1}{localhost:7474}
18:00:23.388 [Thread-22] INFO  o.e.jetty.server.ServerConnector - Stopped ServerConnector@d1cac97{SSL-HTTP/1.1}{localhost:7473}
18:00:23.390 [Thread-22] INFO  o.e.j.server.handler.ContextHandler - Stopped o.e.j.s.ServletContextHandler@598a02d1{/,null,UNAVAILABLE}
18:00:23.391 [Thread-22] INFO  o.e.j.server.handler.ContextHandler - Stopped o.e.j.w.WebAppContext@1ed72085{/browser,jar:file:/Users/andreas/code/pres/neo4jtutorial/neo4j/system/lib/neo4j-browser-2.0.1.jar!/browser,UNAVAILABLE}
18:00:23.391 [Thread-22] INFO  o.e.j.server.handler.ContextHandler - Stopped o.e.j.s.ServletContextHandler@2a193b49{/db/data,null,UNAVAILABLE}
18:00:23.392 [Thread-22] INFO  o.e.j.server.handler.ContextHandler - Stopped o.e.j.s.ServletContextHandler@3e39e30c{/db/manage,null,UNAVAILABLE}
18:00:23.393 [Thread-22] INFO  o.e.j.server.handler.ContextHandler - Stopped o.e.j.w.WebAppContext@2c9115ac{/webadmin,jar:file:/Users/andreas/code/pres/neo4jtutorial/neo4j/system/lib/neo4j-server-2.0.1-static-web.jar!/webadmin-html,UNAVAILABLE}
18:00:23.393 [Thread-22] INFO  o.e.j.server.handler.ContextHandler - Stopped o.e.j.s.h.MovedContextHandler@3eb6814a{/,null,UNAVAILABLE}
2014-03-11 19:40:53.375+0000 INFO  [API] Setting startup timeout to: 120000ms based on -1
2014-03-11 19:40:54.339+0000 INFO  [API] Successfully started database
2014-03-11 19:40:55.020+0000 INFO  [API] Starting HTTP on port :7474 with 40 threads available
2014-03-11 19:40:55.184+0000 INFO  [API] Enabling HTTPS on port :7473
2014-03-11 19:40:55.421+0000 INFO  [API] Mounted discovery module at [/]
2014-03-11 19:40:55.428+0000 INFO  [API] Mounted REST API at [/db/data/]
2014-03-11 19:40:55.430+0000 INFO  [API] Mounted management API at [/db/manage/]
2014-03-11 19:40:55.431+0000 INFO  [API] Mounted webadmin at [/webadmin]
2014-03-11 19:40:55.432+0000 INFO  [API] Mounted Neo4j Browser at [/browser]
2014-03-11 19:40:55.475+0000 INFO  [API] Mounting static content at [/webadmin] from [webadmin-html]
2014-03-11 19:40:55.522+0000 INFO  [API] Mounting static content at [/browser] from [browser]
20:40:55.523 [main] WARN  o.e.j.server.handler.ContextHandler - o.e.j.s.ServletContextHandler@79786352{/,null,null} contextPath ends with /
20:40:55.523 [main] WARN  o.e.j.server.handler.ContextHandler - Empty contextPath
20:40:55.525 [main] INFO  org.eclipse.jetty.server.Server - jetty-9.0.5.v20130815
20:40:55.550 [main] INFO  o.e.j.server.handler.ContextHandler - Started o.e.j.s.h.MovedContextHandler@8eea465{/,null,AVAILABLE}
20:40:55.643 [main] INFO  o.e.j.w.StandardDescriptorProcessor - NO JSP Support for /webadmin, did not find org.apache.jasper.servlet.JspServlet
20:40:55.652 [main] INFO  o.e.j.server.handler.ContextHandler - Started o.e.j.w.WebAppContext@2d950731{/webadmin,jar:file:/Users/andreas/code/pres/neo4jtutorial/neo4j/system/lib/neo4j-server-2.0.1-static-web.jar!/webadmin-html,AVAILABLE}
20:40:56.042 [main] INFO  o.e.j.server.handler.ContextHandler - Started o.e.j.s.ServletContextHandler@6ec8ef1e{/db/manage,null,AVAILABLE}
20:40:56.281 [main] INFO  o.e.j.server.handler.ContextHandler - Started o.e.j.s.ServletContextHandler@1f9a7bd8{/db/data,null,AVAILABLE}
20:40:56.299 [main] INFO  o.e.j.w.StandardDescriptorProcessor - NO JSP Support for /browser, did not find org.apache.jasper.servlet.JspServlet
20:40:56.301 [main] INFO  o.e.j.server.handler.ContextHandler - Started o.e.j.w.WebAppContext@2028a3ed{/browser,jar:file:/Users/andreas/code/pres/neo4jtutorial/neo4j/system/lib/neo4j-browser-2.0.1.jar!/browser,AVAILABLE}
20:40:56.401 [main] INFO  o.e.j.server.handler.ContextHandler - Started o.e.j.s.ServletContextHandler@79786352{/,null,AVAILABLE}
20:40:56.412 [main] INFO  o.e.jetty.server.ServerConnector - Started ServerConnector@3e259429{HTTP/1.1}{localhost:7474}
20:40:56.858 [main] INFO  o.e.jetty.server.ServerConnector - Started ServerConnector@6bbb381d{SSL-HTTP/1.1}{localhost:7473}
2014-03-11 19:40:56.859+0000 INFO  [API] Remote interface ready and available at [http://localhost:7474/]
