feb 14, 2014 10:42:23 AM org.neo4j.server.logging.Logger log
INFO: Setting startup timeout to: 120000ms based on -1
feb 14, 2014 10:42:24 AM org.neo4j.server.logging.Logger log
INFO: Successfully started database
feb 14, 2014 10:42:25 AM org.neo4j.server.logging.Logger log
INFO: Starting HTTP on port :7474 with 40 threads available
feb 14, 2014 10:42:25 AM org.neo4j.server.logging.Logger log
INFO: Enabling HTTPS on port :7473
feb 14, 2014 10:42:25 AM org.neo4j.server.logging.Logger log
INFO: No SSL certificate found, generating a self-signed certificate..
feb 14, 2014 10:42:26 AM org.neo4j.server.logging.Logger log
INFO: Mounted discovery module at [/]
feb 14, 2014 10:42:26 AM org.neo4j.server.logging.Logger log
INFO: Mounted REST API at [/db/data/]
feb 14, 2014 10:42:26 AM org.neo4j.server.logging.Logger log
INFO: Mounted management API at [/db/manage/]
feb 14, 2014 10:42:26 AM org.neo4j.server.logging.Logger log
INFO: Mounted webadmin at [/webadmin]
feb 14, 2014 10:42:26 AM org.neo4j.server.logging.Logger log
INFO: Mounted Neo4j Browser at [/browser]
feb 14, 2014 10:42:26 AM org.neo4j.server.logging.Logger log
INFO: Mounting static content at [/webadmin] from [webadmin-html]
feb 14, 2014 10:42:26 AM org.neo4j.server.logging.Logger log
INFO: Mounting static content at [/browser] from [browser]
feb 14, 2014 10:42:26 AM com.sun.jersey.server.impl.application.WebApplicationImpl _initiate
INFO: Initiating Jersey application, version 'Jersey: 1.9 09/02/2011 11:17 AM'
feb 14, 2014 10:42:26 AM com.sun.jersey.server.impl.application.WebApplicationImpl _initiate
INFO: Initiating Jersey application, version 'Jersey: 1.9 09/02/2011 11:17 AM'
feb 14, 2014 10:42:27 AM com.sun.jersey.server.impl.application.WebApplicationImpl _initiate
INFO: Initiating Jersey application, version 'Jersey: 1.9 09/02/2011 11:17 AM'
feb 14, 2014 10:42:27 AM org.neo4j.server.logging.Logger log
INFO: Remote interface ready and available at [http://localhost:7474/]
feb 23, 2014 8:27:18 PM org.neo4j.server.logging.Logger log
INFO: Neo4j Server shutdown initiated by request
feb 23, 2014 8:27:37 PM org.neo4j.server.logging.Logger log
INFO: Setting startup timeout to: 120000ms based on -1
feb 23, 2014 8:27:39 PM org.neo4j.server.logging.Logger log
INFO: Successfully started database
feb 23, 2014 8:27:39 PM org.neo4j.server.logging.Logger log
INFO: Starting HTTP on port :7474 with 40 threads available
feb 23, 2014 8:27:39 PM org.neo4j.server.logging.Logger log
INFO: Enabling HTTPS on port :7473
feb 23, 2014 8:27:40 PM org.neo4j.server.logging.Logger log
INFO: Mounted discovery module at [/]
feb 23, 2014 8:27:40 PM org.neo4j.server.logging.Logger log
INFO: Mounted REST API at [/db/data/]
feb 23, 2014 8:27:40 PM org.neo4j.server.logging.Logger log
INFO: Mounted management API at [/db/manage/]
feb 23, 2014 8:27:40 PM org.neo4j.server.logging.Logger log
INFO: Mounted webadmin at [/webadmin]
feb 23, 2014 8:27:40 PM org.neo4j.server.logging.Logger log
INFO: Mounted Neo4j Browser at [/browser]
feb 23, 2014 8:27:40 PM org.neo4j.server.logging.Logger log
INFO: Mounting static content at [/webadmin] from [webadmin-html]
feb 23, 2014 8:27:40 PM org.neo4j.server.logging.Logger log
INFO: Mounting static content at [/browser] from [browser]
feb 23, 2014 8:27:40 PM com.sun.jersey.server.impl.application.WebApplicationImpl _initiate
INFO: Initiating Jersey application, version 'Jersey: 1.9 09/02/2011 11:17 AM'
feb 23, 2014 8:27:40 PM com.sun.jersey.server.impl.application.WebApplicationImpl _initiate
INFO: Initiating Jersey application, version 'Jersey: 1.9 09/02/2011 11:17 AM'
feb 23, 2014 8:27:41 PM com.sun.jersey.server.impl.application.WebApplicationImpl _initiate
INFO: Initiating Jersey application, version 'Jersey: 1.9 09/02/2011 11:17 AM'
feb 23, 2014 8:27:41 PM org.neo4j.server.logging.Logger log
INFO: Remote interface ready and available at [http://localhost:7474/]
feb 23, 2014 8:34:47 PM org.neo4j.server.logging.Logger log
INFO: Neo4j Server shutdown initiated by request
feb 23, 2014 8:34:57 PM org.neo4j.server.logging.Logger log
INFO: Setting startup timeout to: 120000ms based on -1
feb 23, 2014 8:34:58 PM org.neo4j.server.logging.Logger log
INFO: Successfully started database
feb 23, 2014 8:34:59 PM org.neo4j.server.logging.Logger log
INFO: Starting HTTP on port :7474 with 40 threads available
feb 23, 2014 8:34:59 PM org.neo4j.server.logging.Logger log
INFO: Enabling HTTPS on port :7473
feb 23, 2014 8:34:59 PM org.neo4j.server.logging.Logger log
INFO: Mounted discovery module at [/]
feb 23, 2014 8:34:59 PM org.neo4j.server.logging.Logger log
INFO: Mounted REST API at [/db/data/]
feb 23, 2014 8:34:59 PM org.neo4j.server.logging.Logger log
INFO: Mounted management API at [/db/manage/]
feb 23, 2014 8:34:59 PM org.neo4j.server.logging.Logger log
INFO: Mounted webadmin at [/webadmin]
feb 23, 2014 8:34:59 PM org.neo4j.server.logging.Logger log
INFO: Mounted Neo4j Browser at [/browser]
feb 23, 2014 8:34:59 PM org.neo4j.server.logging.Logger log
INFO: Mounting static content at [/webadmin] from [webadmin-html]
feb 23, 2014 8:34:59 PM org.neo4j.server.logging.Logger log
INFO: Mounting static content at [/browser] from [browser]
feb 23, 2014 8:35:00 PM com.sun.jersey.server.impl.application.WebApplicationImpl _initiate
INFO: Initiating Jersey application, version 'Jersey: 1.9 09/02/2011 11:17 AM'
feb 23, 2014 8:35:00 PM com.sun.jersey.server.impl.application.WebApplicationImpl _initiate
INFO: Initiating Jersey application, version 'Jersey: 1.9 09/02/2011 11:17 AM'
feb 23, 2014 8:35:00 PM com.sun.jersey.server.impl.application.WebApplicationImpl _initiate
INFO: Initiating Jersey application, version 'Jersey: 1.9 09/02/2011 11:17 AM'
feb 23, 2014 8:35:01 PM org.neo4j.server.logging.Logger log
INFO: Remote interface ready and available at [http://localhost:7474/]
feb 23, 2014 8:35:05 PM com.sun.jersey.server.impl.application.WebApplicationImpl _handleRequest
SEVERE: The response of the WebApplicationException cannot be utilized as the response is already committed. Re-throwing to the HTTP container
javax.ws.rs.WebApplicationException: javax.ws.rs.WebApplicationException: org.eclipse.jetty.io.EofException
	at org.neo4j.server.rest.repr.OutputFormat$1.write(OutputFormat.java:174)
	at com.sun.jersey.core.impl.provider.entity.StreamingOutputProvider.writeTo(StreamingOutputProvider.java:71)
	at com.sun.jersey.core.impl.provider.entity.StreamingOutputProvider.writeTo(StreamingOutputProvider.java:57)
	at com.sun.jersey.spi.container.ContainerResponse.write(ContainerResponse.java:306)
	at com.sun.jersey.server.impl.application.WebApplicationImpl._handleRequest(WebApplicationImpl.java:1437)
	at com.sun.jersey.server.impl.application.WebApplicationImpl.handleRequest(WebApplicationImpl.java:1349)
	at com.sun.jersey.server.impl.application.WebApplicationImpl.handleRequest(WebApplicationImpl.java:1339)
	at com.sun.jersey.spi.container.servlet.WebComponent.service(WebComponent.java:416)
	at com.sun.jersey.spi.container.servlet.ServletContainer.service(ServletContainer.java:537)
	at com.sun.jersey.spi.container.servlet.ServletContainer.service(ServletContainer.java:699)
	at javax.servlet.http.HttpServlet.service(HttpServlet.java:848)
	at org.eclipse.jetty.servlet.ServletHolder.handle(ServletHolder.java:698)
	at org.eclipse.jetty.servlet.ServletHandler$CachedChain.doFilter(ServletHandler.java:1506)
	at org.neo4j.server.rest.security.SecurityFilter.doFilter(SecurityFilter.java:112)
	at org.eclipse.jetty.servlet.ServletHandler$CachedChain.doFilter(ServletHandler.java:1477)
	at org.eclipse.jetty.servlet.ServletHandler.doHandle(ServletHandler.java:503)
	at org.eclipse.jetty.server.session.SessionHandler.doHandle(SessionHandler.java:211)
	at org.eclipse.jetty.server.handler.ContextHandler.doHandle(ContextHandler.java:1096)
	at org.eclipse.jetty.servlet.ServletHandler.doScope(ServletHandler.java:432)
	at org.eclipse.jetty.server.session.SessionHandler.doScope(SessionHandler.java:175)
	at org.eclipse.jetty.server.handler.ContextHandler.doScope(ContextHandler.java:1030)
	at org.eclipse.jetty.server.handler.ScopedHandler.handle(ScopedHandler.java:136)
	at org.eclipse.jetty.server.handler.HandlerList.handle(HandlerList.java:52)
	at org.eclipse.jetty.server.handler.HandlerWrapper.handle(HandlerWrapper.java:97)
	at org.eclipse.jetty.server.Server.handle(Server.java:445)
	at org.eclipse.jetty.server.HttpChannel.handle(HttpChannel.java:268)
	at org.eclipse.jetty.server.HttpConnection.onFillable(HttpConnection.java:229)
	at org.eclipse.jetty.io.AbstractConnection$ReadCallback.run(AbstractConnection.java:358)
	at org.eclipse.jetty.util.thread.QueuedThreadPool.runJob(QueuedThreadPool.java:601)
	at org.eclipse.jetty.util.thread.QueuedThreadPool$3.run(QueuedThreadPool.java:532)
	at java.lang.Thread.run(Thread.java:722)
Caused by: javax.ws.rs.WebApplicationException: org.eclipse.jetty.io.EofException
	at org.neo4j.server.rest.repr.formats.StreamingJsonFormat$StreamingRepresentationFormat.flush(StreamingJsonFormat.java:401)
	at org.neo4j.server.rest.repr.formats.StreamingJsonFormat$StreamingRepresentationFormat.complete(StreamingJsonFormat.java:389)
	at org.neo4j.server.rest.repr.MappingRepresentation.serialize(MappingRepresentation.java:43)
	at org.neo4j.server.rest.repr.OutputFormat$1.write(OutputFormat.java:160)
	... 30 more
Caused by: org.eclipse.jetty.io.EofException
	at org.eclipse.jetty.io.ChannelEndPoint.flush(ChannelEndPoint.java:186)
	at org.eclipse.jetty.io.WriteFlusher.write(WriteFlusher.java:335)
	at org.eclipse.jetty.io.AbstractEndPoint.write(AbstractEndPoint.java:125)
	at org.eclipse.jetty.server.HttpConnection$ContentCallback.process(HttpConnection.java:784)
	at org.eclipse.jetty.util.IteratingCallback.iterate(IteratingCallback.java:79)
	at org.eclipse.jetty.server.HttpConnection.send(HttpConnection.java:356)
	at org.eclipse.jetty.server.HttpChannel.sendResponse(HttpChannel.java:631)
	at org.eclipse.jetty.server.HttpChannel.write(HttpChannel.java:661)
	at org.eclipse.jetty.server.HttpOutput.flush(HttpOutput.java:151)
	at com.sun.jersey.spi.container.servlet.WebComponent$Writer.flush(WebComponent.java:315)
	at com.sun.jersey.spi.container.ContainerResponse$CommittingOutputStream.flush(ContainerResponse.java:145)
	at org.codehaus.jackson.impl.Utf8Generator.flush(Utf8Generator.java:1091)
	at org.neo4j.server.rest.repr.formats.StreamingJsonFormat$StreamingRepresentationFormat.flush(StreamingJsonFormat.java:397)
	... 33 more
Caused by: java.io.IOException: Broken pipe
	at sun.nio.ch.FileDispatcherImpl.writev0(Native Method)
	at sun.nio.ch.SocketDispatcher.writev(SocketDispatcher.java:51)
	at sun.nio.ch.IOUtil.write(IOUtil.java:149)
	at sun.nio.ch.SocketChannelImpl.write(SocketChannelImpl.java:483)
	at org.eclipse.jetty.io.ChannelEndPoint.flush(ChannelEndPoint.java:167)
	... 45 more

feb 23, 2014 8:42:58 PM org.neo4j.server.logging.Logger log
INFO: Setting startup timeout to: 120000ms based on -1
feb 23, 2014 8:42:59 PM org.neo4j.server.logging.Logger log
INFO: Successfully started database
feb 23, 2014 8:43:00 PM org.neo4j.server.logging.Logger log
INFO: Starting HTTP on port :7474 with 40 threads available
feb 23, 2014 8:43:00 PM org.neo4j.server.logging.Logger log
INFO: Enabling HTTPS on port :7473
feb 23, 2014 8:43:00 PM org.neo4j.server.logging.Logger log
INFO: Mounted discovery module at [/]
feb 23, 2014 8:43:00 PM org.neo4j.server.logging.Logger log
INFO: Mounted REST API at [/db/data/]
feb 23, 2014 8:43:00 PM org.neo4j.server.logging.Logger log
INFO: Mounted management API at [/db/manage/]
feb 23, 2014 8:43:00 PM org.neo4j.server.logging.Logger log
INFO: Mounted webadmin at [/webadmin]
feb 23, 2014 8:43:00 PM org.neo4j.server.logging.Logger log
INFO: Mounted Neo4j Browser at [/browser]
feb 23, 2014 8:43:00 PM org.neo4j.server.logging.Logger log
INFO: Mounting static content at [/webadmin] from [webadmin-html]
feb 23, 2014 8:43:00 PM org.neo4j.server.logging.Logger log
INFO: Mounting static content at [/browser] from [browser]
feb 23, 2014 8:43:00 PM com.sun.jersey.server.impl.application.WebApplicationImpl _initiate
INFO: Initiating Jersey application, version 'Jersey: 1.9 09/02/2011 11:17 AM'
feb 23, 2014 8:43:01 PM com.sun.jersey.server.impl.application.WebApplicationImpl _initiate
INFO: Initiating Jersey application, version 'Jersey: 1.9 09/02/2011 11:17 AM'
feb 23, 2014 8:43:01 PM com.sun.jersey.server.impl.application.WebApplicationImpl _initiate
INFO: Initiating Jersey application, version 'Jersey: 1.9 09/02/2011 11:17 AM'
feb 23, 2014 8:43:01 PM org.neo4j.server.logging.Logger log
INFO: Remote interface ready and available at [http://localhost:7474/]
mar 06, 2014 9:31:36 PM org.neo4j.server.logging.Logger log
INFO: Setting startup timeout to: 120000ms based on -1
mar 06, 2014 9:31:37 PM org.neo4j.server.logging.Logger log
INFO: Successfully started database
mar 06, 2014 9:31:38 PM org.neo4j.server.logging.Logger log
INFO: Starting HTTP on port :7474 with 40 threads available
mar 06, 2014 9:31:38 PM org.neo4j.server.logging.Logger log
INFO: Enabling HTTPS on port :7473
mar 06, 2014 9:31:39 PM org.neo4j.server.logging.Logger log
INFO: Mounted discovery module at [/]
mar 06, 2014 9:31:39 PM org.neo4j.server.logging.Logger log
INFO: Mounted REST API at [/db/data/]
mar 06, 2014 9:31:39 PM org.neo4j.server.logging.Logger log
INFO: Mounted management API at [/db/manage/]
mar 06, 2014 9:31:39 PM org.neo4j.server.logging.Logger log
INFO: Mounted webadmin at [/webadmin]
mar 06, 2014 9:31:39 PM org.neo4j.server.logging.Logger log
INFO: Mounted Neo4j Browser at [/browser]
mar 06, 2014 9:31:39 PM org.neo4j.server.logging.Logger log
INFO: Mounting static content at [/webadmin] from [webadmin-html]
mar 06, 2014 9:31:39 PM org.neo4j.server.logging.Logger log
INFO: Mounting static content at [/browser] from [browser]
mar 06, 2014 9:31:39 PM com.sun.jersey.server.impl.application.WebApplicationImpl _initiate
INFO: Initiating Jersey application, version 'Jersey: 1.9 09/02/2011 11:17 AM'
mar 06, 2014 9:31:39 PM com.sun.jersey.server.impl.application.WebApplicationImpl _initiate
INFO: Initiating Jersey application, version 'Jersey: 1.9 09/02/2011 11:17 AM'
mar 06, 2014 9:31:40 PM com.sun.jersey.server.impl.application.WebApplicationImpl _initiate
INFO: Initiating Jersey application, version 'Jersey: 1.9 09/02/2011 11:17 AM'
mar 06, 2014 9:31:40 PM org.neo4j.server.logging.Logger log
INFO: Remote interface ready and available at [http://localhost:7474/]
mar 10, 2014 9:57:49 PM org.neo4j.server.logging.Logger log
INFO: Setting startup timeout to: 120000ms based on -1
mar 10, 2014 9:57:50 PM org.neo4j.server.logging.Logger log
INFO: Successfully started database
mar 10, 2014 9:57:51 PM org.neo4j.server.logging.Logger log
INFO: Starting HTTP on port :7474 with 40 threads available
mar 10, 2014 9:57:52 PM org.neo4j.server.logging.Logger log
INFO: Enabling HTTPS on port :7473
mar 10, 2014 9:57:52 PM org.neo4j.server.logging.Logger log
INFO: Mounted discovery module at [/]
mar 10, 2014 9:57:52 PM org.neo4j.server.logging.Logger log
INFO: Mounted REST API at [/db/data/]
mar 10, 2014 9:57:52 PM org.neo4j.server.logging.Logger log
INFO: Mounted management API at [/db/manage/]
mar 10, 2014 9:57:52 PM org.neo4j.server.logging.Logger log
INFO: Mounted webadmin at [/webadmin]
mar 10, 2014 9:57:52 PM org.neo4j.server.logging.Logger log
INFO: Mounted Neo4j Browser at [/browser]
mar 10, 2014 9:57:52 PM org.neo4j.server.logging.Logger log
INFO: Mounting static content at [/webadmin] from [webadmin-html]
mar 10, 2014 9:57:52 PM org.neo4j.server.logging.Logger log
INFO: Mounting static content at [/browser] from [browser]
mar 10, 2014 9:57:52 PM com.sun.jersey.server.impl.application.WebApplicationImpl _initiate
INFO: Initiating Jersey application, version 'Jersey: 1.9 09/02/2011 11:17 AM'
mar 10, 2014 9:57:53 PM com.sun.jersey.server.impl.application.WebApplicationImpl _initiate
INFO: Initiating Jersey application, version 'Jersey: 1.9 09/02/2011 11:17 AM'
mar 10, 2014 9:57:53 PM com.sun.jersey.server.impl.application.WebApplicationImpl _initiate
INFO: Initiating Jersey application, version 'Jersey: 1.9 09/02/2011 11:17 AM'
mar 10, 2014 9:57:53 PM org.neo4j.server.logging.Logger log
INFO: Remote interface ready and available at [http://localhost:7474/]
mar 10, 2014 9:59:49 PM org.neo4j.server.logging.Logger log
INFO: Setting startup timeout to: 120000ms based on -1
mar 10, 2014 9:59:50 PM org.neo4j.server.logging.Logger log
INFO: Successfully started database
mar 10, 2014 9:59:51 PM org.neo4j.server.logging.Logger log
INFO: Starting HTTP on port :7474 with 40 threads available
mar 10, 2014 9:59:51 PM org.neo4j.server.logging.Logger log
INFO: Enabling HTTPS on port :7473
mar 10, 2014 9:59:52 PM org.neo4j.server.logging.Logger log
INFO: Mounted discovery module at [/]
mar 10, 2014 9:59:52 PM org.neo4j.server.logging.Logger log
INFO: Mounted REST API at [/db/data/]
mar 10, 2014 9:59:52 PM org.neo4j.server.logging.Logger log
INFO: Mounted management API at [/db/manage/]
mar 10, 2014 9:59:52 PM org.neo4j.server.logging.Logger log
INFO: Mounted webadmin at [/webadmin]
mar 10, 2014 9:59:52 PM org.neo4j.server.logging.Logger log
INFO: Mounted Neo4j Browser at [/browser]
mar 10, 2014 9:59:52 PM org.neo4j.server.logging.Logger log
INFO: Mounting static content at [/webadmin] from [webadmin-html]
mar 10, 2014 9:59:52 PM org.neo4j.server.logging.Logger log
INFO: Mounting static content at [/browser] from [browser]
mar 10, 2014 9:59:52 PM com.sun.jersey.server.impl.application.WebApplicationImpl _initiate
INFO: Initiating Jersey application, version 'Jersey: 1.9 09/02/2011 11:17 AM'
mar 10, 2014 9:59:52 PM com.sun.jersey.server.impl.application.WebApplicationImpl _initiate
INFO: Initiating Jersey application, version 'Jersey: 1.9 09/02/2011 11:17 AM'
mar 10, 2014 9:59:53 PM com.sun.jersey.server.impl.application.WebApplicationImpl _initiate
INFO: Initiating Jersey application, version 'Jersey: 1.9 09/02/2011 11:17 AM'
mar 10, 2014 9:59:53 PM org.neo4j.server.logging.Logger log
INFO: Remote interface ready and available at [http://localhost:7474/]
mar 10, 2014 10:29:23 PM org.neo4j.server.logging.Logger log
INFO: Setting startup timeout to: 120000ms based on -1
mar 10, 2014 10:29:24 PM org.neo4j.server.logging.Logger log
INFO: Successfully started database
mar 10, 2014 10:29:25 PM org.neo4j.server.logging.Logger log
INFO: Starting HTTP on port :7474 with 40 threads available
mar 10, 2014 10:29:25 PM org.neo4j.server.logging.Logger log
INFO: Enabling HTTPS on port :7473
mar 10, 2014 10:29:25 PM org.neo4j.server.logging.Logger log
INFO: Mounted discovery module at [/]
mar 10, 2014 10:29:25 PM org.neo4j.server.logging.Logger log
INFO: Mounted REST API at [/db/data/]
mar 10, 2014 10:29:25 PM org.neo4j.server.logging.Logger log
INFO: Mounted management API at [/db/manage/]
mar 10, 2014 10:29:25 PM org.neo4j.server.logging.Logger log
INFO: Mounted webadmin at [/webadmin]
mar 10, 2014 10:29:25 PM org.neo4j.server.logging.Logger log
INFO: Mounted Neo4j Browser at [/browser]
mar 10, 2014 10:29:25 PM org.neo4j.server.logging.Logger log
INFO: Mounting static content at [/webadmin] from [webadmin-html]
mar 10, 2014 10:29:26 PM org.neo4j.server.logging.Logger log
INFO: Mounting static content at [/browser] from [browser]
mar 10, 2014 10:29:26 PM com.sun.jersey.server.impl.application.WebApplicationImpl _initiate
INFO: Initiating Jersey application, version 'Jersey: 1.9 09/02/2011 11:17 AM'
mar 10, 2014 10:29:26 PM com.sun.jersey.server.impl.application.WebApplicationImpl _initiate
INFO: Initiating Jersey application, version 'Jersey: 1.9 09/02/2011 11:17 AM'
mar 10, 2014 10:29:26 PM com.sun.jersey.server.impl.application.WebApplicationImpl _initiate
INFO: Initiating Jersey application, version 'Jersey: 1.9 09/02/2011 11:17 AM'
mar 10, 2014 10:29:27 PM org.neo4j.server.logging.Logger log
INFO: Remote interface ready and available at [http://localhost:7474/]
mar 10, 2014 10:39:48 PM org.neo4j.server.logging.Logger log
INFO: Setting startup timeout to: 120000ms based on -1
mar 10, 2014 10:39:49 PM org.neo4j.server.logging.Logger log
INFO: Successfully started database
mar 10, 2014 10:39:49 PM org.neo4j.server.logging.Logger log
INFO: Starting HTTP on port :7474 with 40 threads available
mar 10, 2014 10:39:50 PM org.neo4j.server.logging.Logger log
INFO: Enabling HTTPS on port :7473
mar 10, 2014 10:39:50 PM org.neo4j.server.logging.Logger log
INFO: Mounted discovery module at [/]
mar 10, 2014 10:39:50 PM org.neo4j.server.logging.Logger log
INFO: Mounted REST API at [/db/data/]
mar 10, 2014 10:39:50 PM org.neo4j.server.logging.Logger log
INFO: Mounted management API at [/db/manage/]
mar 10, 2014 10:39:50 PM org.neo4j.server.logging.Logger log
INFO: Mounted webadmin at [/webadmin]
mar 10, 2014 10:39:50 PM org.neo4j.server.logging.Logger log
INFO: Mounted Neo4j Browser at [/browser]
mar 10, 2014 10:39:50 PM org.neo4j.server.logging.Logger log
INFO: Mounting static content at [/webadmin] from [webadmin-html]
mar 10, 2014 10:39:50 PM org.neo4j.server.logging.Logger log
INFO: Mounting static content at [/browser] from [browser]
mar 10, 2014 10:39:50 PM com.sun.jersey.server.impl.application.WebApplicationImpl _initiate
INFO: Initiating Jersey application, version 'Jersey: 1.9 09/02/2011 11:17 AM'
mar 10, 2014 10:39:50 PM com.sun.jersey.server.impl.application.WebApplicationImpl _initiate
INFO: Initiating Jersey application, version 'Jersey: 1.9 09/02/2011 11:17 AM'
mar 10, 2014 10:39:51 PM com.sun.jersey.server.impl.application.WebApplicationImpl _initiate
INFO: Initiating Jersey application, version 'Jersey: 1.9 09/02/2011 11:17 AM'
mar 10, 2014 10:39:51 PM org.neo4j.server.logging.Logger log
INFO: Remote interface ready and available at [http://localhost:7474/]
mar 10, 2014 10:43:14 PM org.neo4j.server.logging.Logger log
INFO: Neo4j Server shutdown initiated by request
mar 10, 2014 10:43:17 PM org.neo4j.server.logging.Logger log
INFO: Setting startup timeout to: 120000ms based on -1
mar 10, 2014 10:43:18 PM org.neo4j.server.logging.Logger log
INFO: Successfully started database
mar 10, 2014 10:43:18 PM org.neo4j.server.logging.Logger log
INFO: Starting HTTP on port :7474 with 40 threads available
mar 10, 2014 10:43:19 PM org.neo4j.server.logging.Logger log
INFO: Enabling HTTPS on port :7473
mar 10, 2014 10:43:19 PM org.neo4j.server.logging.Logger log
INFO: Mounted discovery module at [/]
mar 10, 2014 10:43:19 PM org.neo4j.server.logging.Logger log
INFO: Mounted REST API at [/db/data/]
mar 10, 2014 10:43:19 PM org.neo4j.server.logging.Logger log
INFO: Mounted management API at [/db/manage/]
mar 10, 2014 10:43:19 PM org.neo4j.server.logging.Logger log
INFO: Mounted webadmin at [/webadmin]
mar 10, 2014 10:43:19 PM org.neo4j.server.logging.Logger log
INFO: Mounted Neo4j Browser at [/browser]
mar 10, 2014 10:43:19 PM org.neo4j.server.logging.Logger log
INFO: Mounting static content at [/webadmin] from [webadmin-html]
mar 10, 2014 10:43:19 PM org.neo4j.server.logging.Logger log
INFO: Mounting static content at [/browser] from [browser]
mar 10, 2014 10:43:19 PM com.sun.jersey.server.impl.application.WebApplicationImpl _initiate
INFO: Initiating Jersey application, version 'Jersey: 1.9 09/02/2011 11:17 AM'
mar 10, 2014 10:43:19 PM com.sun.jersey.server.impl.application.WebApplicationImpl _initiate
INFO: Initiating Jersey application, version 'Jersey: 1.9 09/02/2011 11:17 AM'
mar 10, 2014 10:43:20 PM com.sun.jersey.server.impl.application.WebApplicationImpl _initiate
INFO: Initiating Jersey application, version 'Jersey: 1.9 09/02/2011 11:17 AM'
mar 10, 2014 10:43:20 PM org.neo4j.server.logging.Logger log
INFO: Remote interface ready and available at [http://localhost:7474/]
mar 10, 2014 11:31:57 PM org.neo4j.server.logging.Logger log
INFO: Setting startup timeout to: 120000ms based on -1
mar 10, 2014 11:32:00 PM org.neo4j.server.logging.Logger log
INFO: Successfully started database
mar 10, 2014 11:32:02 PM org.neo4j.server.logging.Logger log
INFO: Starting HTTP on port :7474 with 40 threads available
mar 10, 2014 11:32:02 PM org.neo4j.server.logging.Logger log
INFO: Enabling HTTPS on port :7473
mar 10, 2014 11:32:03 PM org.neo4j.server.logging.Logger log
INFO: Mounted discovery module at [/]
mar 10, 2014 11:32:03 PM org.neo4j.server.logging.Logger log
INFO: Mounted REST API at [/db/data/]
mar 10, 2014 11:32:03 PM org.neo4j.server.logging.Logger log
INFO: Mounted management API at [/db/manage/]
mar 10, 2014 11:32:03 PM org.neo4j.server.logging.Logger log
INFO: Mounted webadmin at [/webadmin]
mar 10, 2014 11:32:03 PM org.neo4j.server.logging.Logger log
INFO: Mounted Neo4j Browser at [/browser]
mar 10, 2014 11:32:03 PM org.neo4j.server.logging.Logger log
INFO: Mounting static content at [/webadmin] from [webadmin-html]
mar 10, 2014 11:32:03 PM org.neo4j.server.logging.Logger log
INFO: Mounting static content at [/browser] from [browser]
mar 10, 2014 11:32:04 PM com.sun.jersey.server.impl.application.WebApplicationImpl _initiate
INFO: Initiating Jersey application, version 'Jersey: 1.9 09/02/2011 11:17 AM'
mar 10, 2014 11:32:05 PM com.sun.jersey.server.impl.application.WebApplicationImpl _initiate
INFO: Initiating Jersey application, version 'Jersey: 1.9 09/02/2011 11:17 AM'
mar 10, 2014 11:32:06 PM com.sun.jersey.server.impl.application.WebApplicationImpl _initiate
INFO: Initiating Jersey application, version 'Jersey: 1.9 09/02/2011 11:17 AM'
mar 10, 2014 11:32:07 PM org.neo4j.server.logging.Logger log
INFO: Remote interface ready and available at [http://localhost:7474/]
mar 10, 2014 11:58:31 PM org.neo4j.server.logging.Logger log
INFO: Setting startup timeout to: 120000ms based on -1
mar 10, 2014 11:58:33 PM org.neo4j.server.logging.Logger log
INFO: Successfully started database
mar 10, 2014 11:58:33 PM org.neo4j.server.logging.Logger log
INFO: Starting HTTP on port :7474 with 40 threads available
mar 10, 2014 11:58:33 PM org.neo4j.server.logging.Logger log
INFO: Enabling HTTPS on port :7473
mar 10, 2014 11:58:34 PM org.neo4j.server.logging.Logger log
INFO: Mounted discovery module at [/]
mar 10, 2014 11:58:34 PM org.neo4j.server.logging.Logger log
INFO: Mounted REST API at [/db/data/]
mar 10, 2014 11:58:34 PM org.neo4j.server.logging.Logger log
INFO: Mounted management API at [/db/manage/]
mar 10, 2014 11:58:34 PM org.neo4j.server.logging.Logger log
INFO: Mounted webadmin at [/webadmin]
mar 10, 2014 11:58:34 PM org.neo4j.server.logging.Logger log
INFO: Mounted Neo4j Browser at [/browser]
mar 10, 2014 11:58:34 PM org.neo4j.server.logging.Logger log
INFO: Mounting static content at [/webadmin] from [webadmin-html]
mar 10, 2014 11:58:34 PM org.neo4j.server.logging.Logger log
INFO: Mounting static content at [/browser] from [browser]
mar 10, 2014 11:58:34 PM com.sun.jersey.server.impl.application.WebApplicationImpl _initiate
INFO: Initiating Jersey application, version 'Jersey: 1.9 09/02/2011 11:17 AM'
mar 10, 2014 11:58:34 PM com.sun.jersey.server.impl.application.WebApplicationImpl _initiate
INFO: Initiating Jersey application, version 'Jersey: 1.9 09/02/2011 11:17 AM'
mar 10, 2014 11:58:35 PM com.sun.jersey.server.impl.application.WebApplicationImpl _initiate
INFO: Initiating Jersey application, version 'Jersey: 1.9 09/02/2011 11:17 AM'
mar 10, 2014 11:58:35 PM org.neo4j.server.logging.Logger log
INFO: Remote interface ready and available at [http://localhost:7474/]
mar 11, 2014 12:15:11 AM org.neo4j.server.logging.Logger log
INFO: Setting startup timeout to: 120000ms based on -1
mar 11, 2014 12:15:12 AM org.neo4j.server.logging.Logger log
INFO: Successfully started database
mar 11, 2014 12:15:13 AM org.neo4j.server.logging.Logger log
INFO: Starting HTTP on port :7474 with 40 threads available
mar 11, 2014 12:15:13 AM org.neo4j.server.logging.Logger log
INFO: Enabling HTTPS on port :7473
mar 11, 2014 12:15:13 AM org.neo4j.server.logging.Logger log
INFO: Mounted discovery module at [/]
mar 11, 2014 12:15:13 AM org.neo4j.server.logging.Logger log
INFO: Mounted REST API at [/db/data/]
mar 11, 2014 12:15:13 AM org.neo4j.server.logging.Logger log
INFO: Mounted management API at [/db/manage/]
mar 11, 2014 12:15:13 AM org.neo4j.server.logging.Logger log
INFO: Mounted webadmin at [/webadmin]
mar 11, 2014 12:15:13 AM org.neo4j.server.logging.Logger log
INFO: Mounted Neo4j Browser at [/browser]
mar 11, 2014 12:15:13 AM org.neo4j.server.logging.Logger log
INFO: Mounting static content at [/webadmin] from [webadmin-html]
mar 11, 2014 12:15:13 AM org.neo4j.server.logging.Logger log
INFO: Mounting static content at [/browser] from [browser]
mar 11, 2014 12:15:14 AM com.sun.jersey.server.impl.application.WebApplicationImpl _initiate
INFO: Initiating Jersey application, version 'Jersey: 1.9 09/02/2011 11:17 AM'
mar 11, 2014 12:15:14 AM com.sun.jersey.server.impl.application.WebApplicationImpl _initiate
INFO: Initiating Jersey application, version 'Jersey: 1.9 09/02/2011 11:17 AM'
mar 11, 2014 12:15:14 AM com.sun.jersey.server.impl.application.WebApplicationImpl _initiate
INFO: Initiating Jersey application, version 'Jersey: 1.9 09/02/2011 11:17 AM'
mar 11, 2014 12:15:15 AM org.neo4j.server.logging.Logger log
INFO: Remote interface ready and available at [http://localhost:7474/]
mar 11, 2014 12:18:00 AM org.neo4j.server.logging.Logger log
INFO: Setting startup timeout to: 120000ms based on -1
mar 11, 2014 12:18:01 AM org.neo4j.server.logging.Logger log
INFO: Successfully started database
mar 11, 2014 12:18:02 AM org.neo4j.server.logging.Logger log
INFO: Starting HTTP on port :7474 with 40 threads available
mar 11, 2014 12:18:02 AM org.neo4j.server.logging.Logger log
INFO: Enabling HTTPS on port :7473
mar 11, 2014 12:18:02 AM org.neo4j.server.logging.Logger log
INFO: Mounted discovery module at [/]
mar 11, 2014 12:18:02 AM org.neo4j.server.logging.Logger log
INFO: Mounted REST API at [/db/data/]
mar 11, 2014 12:18:02 AM org.neo4j.server.logging.Logger log
INFO: Mounted management API at [/db/manage/]
mar 11, 2014 12:18:02 AM org.neo4j.server.logging.Logger log
INFO: Mounted webadmin at [/webadmin]
mar 11, 2014 12:18:02 AM org.neo4j.server.logging.Logger log
INFO: Mounted Neo4j Browser at [/browser]
mar 11, 2014 12:18:02 AM org.neo4j.server.logging.Logger log
INFO: Mounting static content at [/webadmin] from [webadmin-html]
mar 11, 2014 12:18:02 AM org.neo4j.server.logging.Logger log
INFO: Mounting static content at [/browser] from [browser]
mar 11, 2014 12:18:03 AM com.sun.jersey.server.impl.application.WebApplicationImpl _initiate
INFO: Initiating Jersey application, version 'Jersey: 1.9 09/02/2011 11:17 AM'
mar 11, 2014 12:18:03 AM com.sun.jersey.server.impl.application.WebApplicationImpl _initiate
INFO: Initiating Jersey application, version 'Jersey: 1.9 09/02/2011 11:17 AM'
mar 11, 2014 12:18:03 AM com.sun.jersey.server.impl.application.WebApplicationImpl _initiate
INFO: Initiating Jersey application, version 'Jersey: 1.9 09/02/2011 11:17 AM'
mar 11, 2014 12:18:04 AM org.neo4j.server.logging.Logger log
INFO: Remote interface ready and available at [http://localhost:7474/]
mar 11, 2014 5:50:02 PM org.neo4j.server.logging.Logger log
INFO: Neo4j Server shutdown initiated by request
mar 11, 2014 5:50:06 PM org.neo4j.server.logging.Logger log
INFO: Setting startup timeout to: 120000ms based on -1
mar 11, 2014 5:50:07 PM org.neo4j.server.logging.Logger log
INFO: Successfully started database
mar 11, 2014 5:50:08 PM org.neo4j.server.logging.Logger log
INFO: Starting HTTP on port :7474 with 40 threads available
mar 11, 2014 5:50:08 PM org.neo4j.server.logging.Logger log
INFO: Enabling HTTPS on port :7473
mar 11, 2014 5:50:08 PM org.neo4j.server.logging.Logger log
INFO: Mounted discovery module at [/]
mar 11, 2014 5:50:08 PM org.neo4j.server.logging.Logger log
INFO: Mounted REST API at [/db/data/]
mar 11, 2014 5:50:08 PM org.neo4j.server.logging.Logger log
INFO: Mounted management API at [/db/manage/]
mar 11, 2014 5:50:08 PM org.neo4j.server.logging.Logger log
INFO: Mounted webadmin at [/webadmin]
mar 11, 2014 5:50:08 PM org.neo4j.server.logging.Logger log
INFO: Mounted Neo4j Browser at [/browser]
mar 11, 2014 5:50:09 PM org.neo4j.server.logging.Logger log
INFO: Mounting static content at [/webadmin] from [webadmin-html]
mar 11, 2014 5:50:09 PM org.neo4j.server.logging.Logger log
INFO: Mounting static content at [/browser] from [browser]
mar 11, 2014 5:50:09 PM com.sun.jersey.server.impl.application.WebApplicationImpl _initiate
INFO: Initiating Jersey application, version 'Jersey: 1.9 09/02/2011 11:17 AM'
mar 11, 2014 5:50:09 PM com.sun.jersey.server.impl.application.WebApplicationImpl _initiate
INFO: Initiating Jersey application, version 'Jersey: 1.9 09/02/2011 11:17 AM'
mar 11, 2014 5:50:09 PM com.sun.jersey.server.impl.application.WebApplicationImpl _initiate
INFO: Initiating Jersey application, version 'Jersey: 1.9 09/02/2011 11:17 AM'
mar 11, 2014 5:50:10 PM org.neo4j.server.logging.Logger log
INFO: Remote interface ready and available at [http://localhost:7474/]
mar 11, 2014 8:40:53 PM org.neo4j.server.logging.Logger log
INFO: Setting startup timeout to: 120000ms based on -1
mar 11, 2014 8:40:54 PM org.neo4j.server.logging.Logger log
INFO: Successfully started database
mar 11, 2014 8:40:55 PM org.neo4j.server.logging.Logger log
INFO: Starting HTTP on port :7474 with 40 threads available
mar 11, 2014 8:40:55 PM org.neo4j.server.logging.Logger log
INFO: Enabling HTTPS on port :7473
mar 11, 2014 8:40:55 PM org.neo4j.server.logging.Logger log
INFO: Mounted discovery module at [/]
mar 11, 2014 8:40:55 PM org.neo4j.server.logging.Logger log
INFO: Mounted REST API at [/db/data/]
mar 11, 2014 8:40:55 PM org.neo4j.server.logging.Logger log
INFO: Mounted management API at [/db/manage/]
mar 11, 2014 8:40:55 PM org.neo4j.server.logging.Logger log
INFO: Mounted webadmin at [/webadmin]
mar 11, 2014 8:40:55 PM org.neo4j.server.logging.Logger log
INFO: Mounted Neo4j Browser at [/browser]
mar 11, 2014 8:40:55 PM org.neo4j.server.logging.Logger log
INFO: Mounting static content at [/webadmin] from [webadmin-html]
mar 11, 2014 8:40:55 PM org.neo4j.server.logging.Logger log
INFO: Mounting static content at [/browser] from [browser]
mar 11, 2014 8:40:55 PM com.sun.jersey.server.impl.application.WebApplicationImpl _initiate
INFO: Initiating Jersey application, version 'Jersey: 1.9 09/02/2011 11:17 AM'
mar 11, 2014 8:40:56 PM com.sun.jersey.server.impl.application.WebApplicationImpl _initiate
INFO: Initiating Jersey application, version 'Jersey: 1.9 09/02/2011 11:17 AM'
mar 11, 2014 8:40:56 PM com.sun.jersey.server.impl.application.WebApplicationImpl _initiate
INFO: Initiating Jersey application, version 'Jersey: 1.9 09/02/2011 11:17 AM'
mar 11, 2014 8:40:56 PM org.neo4j.server.logging.Logger log
INFO: Remote interface ready and available at [http://localhost:7474/]
