2014-03-11 16:50:06.696+0000 INFO  [o.n.k.i.DiagnosticsManager]: --- INITIALIZED diagnostics START ---
2014-03-11 16:50:06.701+0000 INFO  [o.n.k.i.DiagnosticsManager]: Neo4j Kernel properties:
2014-03-11 16:50:06.708+0000 INFO  [o.n.k.i.DiagnosticsManager]: neostore.propertystore.db.mapped_memory=825M
2014-03-11 16:50:06.708+0000 INFO  [o.n.k.i.DiagnosticsManager]: neo_store=/Users/andreas/code/pres/neo4jtutorial/neo4j/data/graph.db/neostore
2014-03-11 16:50:06.708+0000 INFO  [o.n.k.i.DiagnosticsManager]: neostore.nodestore.db.mapped_memory=229M
2014-03-11 16:50:06.708+0000 INFO  [o.n.k.i.DiagnosticsManager]: neostore.propertystore.db.strings.mapped_memory=701M
2014-03-11 16:50:06.708+0000 INFO  [o.n.k.i.DiagnosticsManager]: neo4j.ext.udc.source=server
2014-03-11 16:50:06.708+0000 INFO  [o.n.k.i.DiagnosticsManager]: store_dir=data/graph.db
2014-03-11 16:50:06.708+0000 INFO  [o.n.k.i.DiagnosticsManager]: neostore.relationshipstore.db.mapped_memory=1011M
2014-03-11 16:50:06.708+0000 INFO  [o.n.k.i.DiagnosticsManager]: keep_logical_logs=true
2014-03-11 16:50:06.708+0000 INFO  [o.n.k.i.DiagnosticsManager]: neostore.propertystore.db.arrays.mapped_memory=795M
2014-03-11 16:50:06.708+0000 INFO  [o.n.k.i.DiagnosticsManager]: remote_shell_enabled=true
2014-03-11 16:50:06.708+0000 INFO  [o.n.k.i.DiagnosticsManager]: ephemeral=false
2014-03-11 16:50:06.709+0000 INFO  [o.n.k.i.DiagnosticsManager]: Diagnostics providers:
2014-03-11 16:50:06.709+0000 INFO  [o.n.k.i.DiagnosticsManager]: org.neo4j.kernel.configuration.Config
2014-03-11 16:50:06.710+0000 INFO  [o.n.k.i.DiagnosticsManager]: org.neo4j.kernel.info.DiagnosticsManager
2014-03-11 16:50:06.710+0000 INFO  [o.n.k.i.DiagnosticsManager]: SYSTEM_MEMORY
2014-03-11 16:50:06.710+0000 INFO  [o.n.k.i.DiagnosticsManager]: JAVA_MEMORY
2014-03-11 16:50:06.710+0000 INFO  [o.n.k.i.DiagnosticsManager]: OPERATING_SYSTEM
2014-03-11 16:50:06.710+0000 INFO  [o.n.k.i.DiagnosticsManager]: JAVA_VIRTUAL_MACHINE
2014-03-11 16:50:06.710+0000 INFO  [o.n.k.i.DiagnosticsManager]: CLASSPATH
2014-03-11 16:50:06.710+0000 INFO  [o.n.k.i.DiagnosticsManager]: LIBRARY_PATH
2014-03-11 16:50:06.710+0000 INFO  [o.n.k.i.DiagnosticsManager]: SYSTEM_PROPERTIES
2014-03-11 16:50:06.710+0000 INFO  [o.n.k.i.DiagnosticsManager]: NETWORK
2014-03-11 16:50:06.710+0000 INFO  [o.n.k.i.DiagnosticsManager]: System memory information:
2014-03-11 16:50:06.712+0000 INFO  [o.n.k.i.DiagnosticsManager]: Total Physical memory: 8,00 GB
2014-03-11 16:50:06.713+0000 INFO  [o.n.k.i.DiagnosticsManager]: Free Physical memory: 3,37 GB
2014-03-11 16:50:06.713+0000 INFO  [o.n.k.i.DiagnosticsManager]: Committed virtual memory: 2,83 GB
2014-03-11 16:50:06.713+0000 INFO  [o.n.k.i.DiagnosticsManager]: Total swap space: 1,00 GB
2014-03-11 16:50:06.714+0000 INFO  [o.n.k.i.DiagnosticsManager]: Free swap space: 633,75 MB
2014-03-11 16:50:06.714+0000 INFO  [o.n.k.i.DiagnosticsManager]: JVM memory information:
2014-03-11 16:50:06.714+0000 INFO  [o.n.k.i.DiagnosticsManager]: Free  memory: 12,48 MB
2014-03-11 16:50:06.715+0000 INFO  [o.n.k.i.DiagnosticsManager]: Total memory: 16,19 MB
2014-03-11 16:50:06.715+0000 INFO  [o.n.k.i.DiagnosticsManager]: Max   memory: 259,19 MB
2014-03-11 16:50:06.721+0000 INFO  [o.n.k.i.DiagnosticsManager]: Garbage Collector: ParNew: [Par Eden Space, Par Survivor Space]
2014-03-11 16:50:06.721+0000 INFO  [o.n.k.i.DiagnosticsManager]: Garbage Collector: ConcurrentMarkSweep: [Par Eden Space, Par Survivor Space, CMS Old Gen, CMS Perm Gen]
2014-03-11 16:50:06.722+0000 INFO  [o.n.k.i.DiagnosticsManager]: Memory Pool: Code Cache (Non-heap memory): committed=2,44 MB, used=689,44 kB, max=48,00 MB, threshold=0,00 B
2014-03-11 16:50:06.723+0000 INFO  [o.n.k.i.DiagnosticsManager]: Memory Pool: Par Eden Space (Heap memory): committed=4,56 MB, used=431,42 kB, max=71,00 MB, threshold=?
2014-03-11 16:50:06.723+0000 INFO  [o.n.k.i.DiagnosticsManager]: Memory Pool: Par Survivor Space (Heap memory): committed=512,00 kB, used=511,98 kB, max=8,81 MB, threshold=?
2014-03-11 16:50:06.724+0000 INFO  [o.n.k.i.DiagnosticsManager]: Memory Pool: CMS Old Gen (Heap memory): committed=11,13 MB, used=2,87 MB, max=179,38 MB, threshold=0,00 B
2014-03-11 16:50:06.724+0000 INFO  [o.n.k.i.DiagnosticsManager]: Memory Pool: CMS Perm Gen (Non-heap memory): committed=20,94 MB, used=13,10 MB, max=82,00 MB, threshold=0,00 B
2014-03-11 16:50:06.724+0000 INFO  [o.n.k.i.DiagnosticsManager]: Operating system information:
2014-03-11 16:50:06.725+0000 INFO  [o.n.k.i.DiagnosticsManager]: Operating System: Mac OS X; version: 10.9; arch: x86_64; cpus: 4
2014-03-11 16:50:06.725+0000 INFO  [o.n.k.i.DiagnosticsManager]: Max number of file descriptors: 10240
2014-03-11 16:50:06.725+0000 INFO  [o.n.k.i.DiagnosticsManager]: Number of open file descriptors: 86
2014-03-11 16:50:06.726+0000 INFO  [o.n.k.i.DiagnosticsManager]: Process id: 30415@mac-andreasheim.local
2014-03-11 16:50:06.726+0000 INFO  [o.n.k.i.DiagnosticsManager]: Byte order: LITTLE_ENDIAN
2014-03-11 16:50:06.726+0000 INFO  [o.n.k.i.DiagnosticsManager]: Local timezone: Europe/Oslo
2014-03-11 16:50:06.726+0000 INFO  [o.n.k.i.DiagnosticsManager]: JVM information:
2014-03-11 16:50:06.726+0000 INFO  [o.n.k.i.DiagnosticsManager]: VM Name: Java HotSpot(TM) 64-Bit Server VM
2014-03-11 16:50:06.726+0000 INFO  [o.n.k.i.DiagnosticsManager]: VM Vendor: Oracle Corporation
2014-03-11 16:50:06.726+0000 INFO  [o.n.k.i.DiagnosticsManager]: VM Version: 23.7-b01
2014-03-11 16:50:06.727+0000 INFO  [o.n.k.i.DiagnosticsManager]: JIT compiler: HotSpot 64-Bit Tiered Compilers
2014-03-11 16:50:06.728+0000 INFO  [o.n.k.i.DiagnosticsManager]: VM Arguments: [-XX:+DisableExplicitGC, -Dorg.neo4j.server.properties=conf/neo4j-server.properties, -Djava.util.logging.config.file=conf/logging.properties, -Dlog4j.configuration=file:conf/log4j.properties, -XX:+UseConcMarkSweepGC, -XX:+CMSClassUnloadingEnabled, -Dneo4j.home=/Users/andreas/code/pres/neo4jtutorial/neo4j, -Dneo4j.instance=/Users/andreas/code/pres/neo4jtutorial/neo4j, -Dfile.encoding=UTF-8]
2014-03-11 16:50:06.728+0000 INFO  [o.n.k.i.DiagnosticsManager]: Java classpath:
2014-03-11 16:50:06.729+0000 INFO  [o.n.k.i.DiagnosticsManager]:  [classpath + loader.0] file:/Users/andreas/code/pres/neo4jtutorial/neo4j/system/lib/neo4j-browser-2.0.1.jar
2014-03-11 16:50:06.730+0000 INFO  [o.n.k.i.DiagnosticsManager]:  [classpath + loader.0] file:/Users/andreas/code/pres/neo4jtutorial/neo4j/system/lib/jetty-security-9.0.5.v20130815.jar
2014-03-11 16:50:06.730+0000 INFO  [o.n.k.i.DiagnosticsManager]:  [classpath + loader.0] file:/Users/andreas/code/pres/neo4jtutorial/neo4j/lib/neo4j-cypher-compiler-2.0-2.0.1.jar
2014-03-11 16:50:06.730+0000 INFO  [o.n.k.i.DiagnosticsManager]:  [loader.1] file:/System/Library/Java/Extensions/dns_sd.jar
2014-03-11 16:50:06.730+0000 INFO  [o.n.k.i.DiagnosticsManager]:  [classpath + loader.0] file:/Users/andreas/code/pres/neo4jtutorial/neo4j/lib/concurrentlinkedhashmap-lru-1.3.1.jar
2014-03-11 16:50:06.730+0000 INFO  [o.n.k.i.DiagnosticsManager]:  [classpath + loader.0] file:/Users/andreas/code/pres/neo4jtutorial/neo4j/lib/neo4j-udc-2.0.1.jar
2014-03-11 16:50:06.730+0000 INFO  [o.n.k.i.DiagnosticsManager]:  [loader.1] file:/System/Library/Java/Extensions/MRJToolkit.jar
2014-03-11 16:50:06.730+0000 INFO  [o.n.k.i.DiagnosticsManager]:  [classpath + loader.0] file:/Users/andreas/code/pres/neo4jtutorial/neo4j/system/lib/jersey-multipart-1.9.jar
2014-03-11 16:50:06.730+0000 INFO  [o.n.k.i.DiagnosticsManager]:  [loader.1] file:/System/Library/Java/Extensions/vecmath.jar
2014-03-11 16:50:06.730+0000 INFO  [o.n.k.i.DiagnosticsManager]:  [classpath + loader.0] file:/Users/andreas/code/pres/neo4jtutorial/neo4j/system/lib/commons-collections-3.2.1.jar
2014-03-11 16:50:06.730+0000 INFO  [o.n.k.i.DiagnosticsManager]:  [loader.1] file:/System/Library/Java/Extensions/libmlib_jai.jnilib
2014-03-11 16:50:06.730+0000 INFO  [o.n.k.i.DiagnosticsManager]:  [classpath + loader.0] file:/Users/andreas/code/pres/neo4jtutorial/neo4j/system/lib/jetty-server-9.0.5.v20130815.jar
2014-03-11 16:50:06.730+0000 INFO  [o.n.k.i.DiagnosticsManager]:  [classpath + loader.0] file:/Users/andreas/code/pres/neo4jtutorial/neo4j/lib/neo4j-graph-algo-2.0.1.jar
2014-03-11 16:50:06.730+0000 INFO  [o.n.k.i.DiagnosticsManager]:  [classpath + loader.0] file:/Users/andreas/code/pres/neo4jtutorial/neo4j/system/lib/logback-classic-1.0.9.jar
2014-03-11 16:50:06.730+0000 INFO  [o.n.k.i.DiagnosticsManager]:  [classpath + loader.0] file:/Users/andreas/code/pres/neo4jtutorial/neo4j/lib/neo4j-cypher-commons-2.0.1.jar
2014-03-11 16:50:06.730+0000 INFO  [o.n.k.i.DiagnosticsManager]:  [classpath + loader.0] file:/Users/andreas/code/pres/neo4jtutorial/neo4j/system/lib/jackson-mapper-asl-1.9.7.jar
2014-03-11 16:50:06.730+0000 INFO  [o.n.k.i.DiagnosticsManager]:  [classpath + loader.0] file:/Users/andreas/code/pres/neo4jtutorial/neo4j/system/lib/jetty-xml-9.0.5.v20130815.jar
2014-03-11 16:50:06.730+0000 INFO  [o.n.k.i.DiagnosticsManager]:  [classpath + loader.0] file:/Users/andreas/code/pres/neo4jtutorial/neo4j/system/lib/jetty-servlet-9.0.5.v20130815.jar
2014-03-11 16:50:06.730+0000 INFO  [o.n.k.i.DiagnosticsManager]:  [bootstrap] /Library/Java/JavaVirtualMachines/jdk1.7.0_17.jdk/Contents/Home/jre/lib/jsse.jar
2014-03-11 16:50:06.730+0000 INFO  [o.n.k.i.DiagnosticsManager]:  [classpath + loader.0] file:/Users/andreas/code/pres/neo4jtutorial/neo4j/system/lib/logback-core-1.0.9.jar
2014-03-11 16:50:06.730+0000 INFO  [o.n.k.i.DiagnosticsManager]:  [classpath + loader.0] file:/Users/andreas/code/pres/neo4jtutorial/neo4j/lib/neo4j-cypher-compiler-1.9-2.0.1.jar
2014-03-11 16:50:06.730+0000 INFO  [o.n.k.i.DiagnosticsManager]:  [loader.1] file:/System/Library/Java/Extensions/libJ3D.jnilib
2014-03-11 16:50:06.730+0000 INFO  [o.n.k.i.DiagnosticsManager]:  [loader.1] file:/System/Library/Java/Extensions/mlibwrapper_jai.jar
2014-03-11 16:50:06.730+0000 INFO  [o.n.k.i.DiagnosticsManager]:  [classpath + loader.0] file:/Users/andreas/code/pres/neo4jtutorial/neo4j/system/lib/jersey-server-1.9.jar
2014-03-11 16:50:06.730+0000 INFO  [o.n.k.i.DiagnosticsManager]:  [classpath + loader.0] file:/Users/andreas/code/pres/neo4jtutorial/neo4j/conf/
2014-03-11 16:50:06.730+0000 INFO  [o.n.k.i.DiagnosticsManager]:  [loader.1] file:/System/Library/Java/Extensions/QTJava.zip
2014-03-11 16:50:06.730+0000 INFO  [o.n.k.i.DiagnosticsManager]:  [classpath + loader.0] file:/Users/andreas/code/pres/neo4jtutorial/neo4j/lib/neo4j-cypher-2.0.1.jar
2014-03-11 16:50:06.730+0000 INFO  [o.n.k.i.DiagnosticsManager]:  [loader.1] file:/Library/Java/JavaVirtualMachines/jdk1.7.0_17.jdk/Contents/Home/jre/lib/ext/zipfs.jar
2014-03-11 16:50:06.731+0000 INFO  [o.n.k.i.DiagnosticsManager]:  [classpath + loader.0] file:/Users/andreas/code/pres/neo4jtutorial/neo4j/lib/neo4j-graph-matching-2.0.1.jar
2014-03-11 16:50:06.731+0000 INFO  [o.n.k.i.DiagnosticsManager]:  [loader.1] file:/Library/Java/JavaVirtualMachines/jdk1.7.0_17.jdk/Contents/Home/jre/lib/ext/sunpkcs11.jar
2014-03-11 16:50:06.731+0000 INFO  [o.n.k.i.DiagnosticsManager]:  [classpath + loader.0] file:/Users/andreas/code/pres/neo4jtutorial/neo4j/system/lib/bcprov-jdk16-140.jar
2014-03-11 16:50:06.731+0000 INFO  [o.n.k.i.DiagnosticsManager]:  [loader.1] file:/System/Library/Java/Extensions/libJ3DAudio.jnilib
2014-03-11 16:50:06.731+0000 INFO  [o.n.k.i.DiagnosticsManager]:  [loader.1] file:/System/Library/Java/Extensions/libAppleScriptEngine.jnilib
2014-03-11 16:50:06.731+0000 INFO  [o.n.k.i.DiagnosticsManager]:  [loader.1] file:/System/Library/Java/Extensions/j3daudio.jar
2014-03-11 16:50:06.731+0000 INFO  [o.n.k.i.DiagnosticsManager]:  [classpath + loader.0] file:/Users/andreas/code/pres/neo4jtutorial/neo4j/system/lib/commons-configuration-1.6.jar
2014-03-11 16:50:06.731+0000 INFO  [o.n.k.i.DiagnosticsManager]:  [loader.1] file:/System/Library/Java/Extensions/libJ3DUtils.jnilib
2014-03-11 16:50:06.731+0000 INFO  [o.n.k.i.DiagnosticsManager]:  [classpath + loader.0] file:/Users/andreas/code/pres/neo4jtutorial/neo4j/lib/scala-library-2.10.3.jar
2014-03-11 16:50:06.731+0000 INFO  [o.n.k.i.DiagnosticsManager]:  [classpath + loader.0] file:/Users/andreas/code/pres/neo4jtutorial/neo4j/system/lib/jersey-core-1.9.jar
2014-03-11 16:50:06.731+0000 INFO  [o.n.k.i.DiagnosticsManager]:  [loader.1] file:/System/Library/Java/Extensions/libQTJNative.jnilib
2014-03-11 16:50:06.731+0000 INFO  [o.n.k.i.DiagnosticsManager]:  [classpath + loader.0] file:/Users/andreas/code/pres/neo4jtutorial/neo4j/lib/neo4j-kernel-2.0.1.jar
2014-03-11 16:50:06.731+0000 INFO  [o.n.k.i.DiagnosticsManager]:  [loader.1] file:/System/Library/Java/Extensions/j3dcore.jar
2014-03-11 16:50:06.731+0000 INFO  [o.n.k.i.DiagnosticsManager]:  [classpath + loader.0] file:/Users/andreas/code/pres/neo4jtutorial/neo4j/system/lib/neo4j-server-2.0.1-static-web.jar
2014-03-11 16:50:06.731+0000 INFO  [o.n.k.i.DiagnosticsManager]:  [classpath + loader.0] file:/Users/andreas/code/pres/neo4jtutorial/neo4j/system/lib/commons-compiler-2.6.1.jar
2014-03-11 16:50:06.731+0000 INFO  [o.n.k.i.DiagnosticsManager]:  [classpath + loader.0] file:/Users/andreas/code/pres/neo4jtutorial/neo4j/lib/parboiled-core-1.1.6.jar
2014-03-11 16:50:06.731+0000 INFO  [o.n.k.i.DiagnosticsManager]:  [bootstrap] /Library/Java/JavaVirtualMachines/jdk1.7.0_17.jdk/Contents/Home/jre/classes
2014-03-11 16:50:06.731+0000 INFO  [o.n.k.i.DiagnosticsManager]:  [classpath + loader.0] file:/Users/andreas/code/pres/neo4jtutorial/neo4j/lib/lucene-core-3.6.2.jar
2014-03-11 16:50:06.731+0000 INFO  [o.n.k.i.DiagnosticsManager]:  [bootstrap] /Library/Java/JavaVirtualMachines/jdk1.7.0_17.jdk/Contents/Home/jre/lib/JObjC.jar
2014-03-11 16:50:06.731+0000 INFO  [o.n.k.i.DiagnosticsManager]:  [loader.1] file:/usr/lib/java/libjdns_sd.jnilib
2014-03-11 16:50:06.731+0000 INFO  [o.n.k.i.DiagnosticsManager]:  [bootstrap] /Library/Java/JavaVirtualMachines/jdk1.7.0_17.jdk/Contents/Home/jre/lib/sunrsasign.jar
2014-03-11 16:50:06.731+0000 INFO  [o.n.k.i.DiagnosticsManager]:  [classpath + loader.0] file:/Users/andreas/code/pres/neo4jtutorial/neo4j/system/lib/rrd4j-2.0.7.jar
2014-03-11 16:50:06.731+0000 INFO  [o.n.k.i.DiagnosticsManager]:  [classpath + loader.0] file:/Users/andreas/code/pres/neo4jtutorial/neo4j/system/lib/janino-2.6.1.jar
2014-03-11 16:50:06.731+0000 INFO  [o.n.k.i.DiagnosticsManager]:  [classpath + loader.0] file:/Users/andreas/code/pres/neo4jtutorial/neo4j/lib/server-api-2.0.1.jar
2014-03-11 16:50:06.731+0000 INFO  [o.n.k.i.DiagnosticsManager]:  [classpath + loader.0] file:/Users/andreas/code/pres/neo4jtutorial/neo4j/system/lib/mimepull-1.6.jar
2014-03-11 16:50:06.731+0000 INFO  [o.n.k.i.DiagnosticsManager]:  [classpath + loader.0] file:/Users/andreas/code/pres/neo4jtutorial/neo4j/system/lib/jsr311-api-1.1.2.r612.jar
2014-03-11 16:50:06.731+0000 INFO  [o.n.k.i.DiagnosticsManager]:  [classpath + loader.0] file:/Users/andreas/code/pres/neo4jtutorial/neo4j/lib/geronimo-jta_1.1_spec-1.1.1.jar
2014-03-11 16:50:06.731+0000 INFO  [o.n.k.i.DiagnosticsManager]:  [loader.1] file:/System/Library/Java/Extensions/j3dutils.jar
2014-03-11 16:50:06.731+0000 INFO  [o.n.k.i.DiagnosticsManager]:  [loader.1] file:/System/Library/Java/Extensions/jai_core.jar
2014-03-11 16:50:06.732+0000 INFO  [o.n.k.i.DiagnosticsManager]:  [loader.1] file:/Library/Java/JavaVirtualMachines/jdk1.7.0_17.jdk/Contents/Home/jre/lib/ext/localedata.jar
2014-03-11 16:50:06.732+0000 INFO  [o.n.k.i.DiagnosticsManager]:  [classpath + loader.0] file:/Users/andreas/code/pres/neo4jtutorial/neo4j/system/lib/asm-3.1.jar
2014-03-11 16:50:06.732+0000 INFO  [o.n.k.i.DiagnosticsManager]:  [bootstrap] /Library/Java/JavaVirtualMachines/jdk1.7.0_17.jdk/Contents/Home/jre/lib/charsets.jar
2014-03-11 16:50:06.732+0000 INFO  [o.n.k.i.DiagnosticsManager]:  [classpath + loader.0] file:/Users/andreas/code/pres/neo4jtutorial/neo4j/system/lib/commons-io-1.4.jar
2014-03-11 16:50:06.732+0000 INFO  [o.n.k.i.DiagnosticsManager]:  [loader.1] file:/System/Library/Java/Extensions/jai_codec.jar
2014-03-11 16:50:06.732+0000 INFO  [o.n.k.i.DiagnosticsManager]:  [classpath + loader.0] file:/Users/andreas/code/pres/neo4jtutorial/neo4j/system/lib/commons-beanutils-core-1.8.0.jar
2014-03-11 16:50:06.732+0000 INFO  [o.n.k.i.DiagnosticsManager]:  [classpath + loader.0] file:/Users/andreas/code/pres/neo4jtutorial/neo4j/lib/neo4j-jmx-2.0.1.jar
2014-03-11 16:50:06.732+0000 INFO  [o.n.k.i.DiagnosticsManager]:  [bootstrap] /Library/Java/JavaVirtualMachines/jdk1.7.0_17.jdk/Contents/Home/jre/lib/jfr.jar
2014-03-11 16:50:06.732+0000 INFO  [o.n.k.i.DiagnosticsManager]:  [bootstrap] /Library/Java/JavaVirtualMachines/jdk1.7.0_17.jdk/Contents/Home/jre/lib/resources.jar
2014-03-11 16:50:06.732+0000 INFO  [o.n.k.i.DiagnosticsManager]:  [bootstrap] /Library/Java/JavaVirtualMachines/jdk1.7.0_17.jdk/Contents/Home/jre/lib/rt.jar
2014-03-11 16:50:06.732+0000 INFO  [o.n.k.i.DiagnosticsManager]:  [classpath + loader.0] file:/Users/andreas/code/pres/neo4jtutorial/neo4j/system/lib/jackson-core-asl-1.9.7.jar
2014-03-11 16:50:06.732+0000 INFO  [o.n.k.i.DiagnosticsManager]:  [classpath + loader.0] file:/Users/andreas/code/pres/neo4jtutorial/neo4j/system/lib/jetty-io-9.0.5.v20130815.jar
2014-03-11 16:50:06.732+0000 INFO  [o.n.k.i.DiagnosticsManager]:  [classpath + loader.0] file:/Users/andreas/code/pres/neo4jtutorial/neo4j/system/lib/logback-access-1.0.9.jar
2014-03-11 16:50:06.732+0000 INFO  [o.n.k.i.DiagnosticsManager]:  [classpath + loader.0] file:/Users/andreas/code/pres/neo4jtutorial/neo4j/system/lib/jetty-webapp-9.0.5.v20130815.jar
2014-03-11 16:50:06.732+0000 INFO  [o.n.k.i.DiagnosticsManager]:  [classpath + loader.0] file:/Users/andreas/code/pres/neo4jtutorial/neo4j/system/lib/commons-digester-1.8.1.jar
2014-03-11 16:50:06.732+0000 INFO  [o.n.k.i.DiagnosticsManager]:  [loader.1] file:/Library/Java/JavaVirtualMachines/jdk1.7.0_17.jdk/Contents/Home/jre/lib/ext/sunjce_provider.jar
2014-03-11 16:50:06.732+0000 INFO  [o.n.k.i.DiagnosticsManager]:  [classpath + loader.0] file:/Users/andreas/code/pres/neo4jtutorial/neo4j/system/lib/jackson-jaxrs-1.9.7.jar
2014-03-11 16:50:06.732+0000 INFO  [o.n.k.i.DiagnosticsManager]:  [classpath + loader.0] file:/Users/andreas/code/pres/neo4jtutorial/neo4j/system/lib/commons-lang-2.4.jar
2014-03-11 16:50:06.732+0000 INFO  [o.n.k.i.DiagnosticsManager]:  [bootstrap] /Library/Java/JavaVirtualMachines/jdk1.7.0_17.jdk/Contents/Home/jre/lib/jce.jar
2014-03-11 16:50:06.732+0000 INFO  [o.n.k.i.DiagnosticsManager]:  [classpath + loader.0] file:/Users/andreas/code/pres/neo4jtutorial/neo4j/lib/parboiled-scala_2.10-1.1.6.jar
2014-03-11 16:50:06.732+0000 INFO  [o.n.k.i.DiagnosticsManager]:  [classpath + loader.0] file:/Users/andreas/code/pres/neo4jtutorial/neo4j/system/lib/rhino-1.7R3.jar
2014-03-11 16:50:06.732+0000 INFO  [o.n.k.i.DiagnosticsManager]:  [loader.1] file:/Library/Java/JavaVirtualMachines/jdk1.7.0_17.jdk/Contents/Home/jre/lib/ext/dnsns.jar
2014-03-11 16:50:06.732+0000 INFO  [o.n.k.i.DiagnosticsManager]:  [classpath + loader.0] file:/Users/andreas/code/pres/neo4jtutorial/neo4j/lib/neo4j-lucene-index-2.0.1.jar
2014-03-11 16:50:06.732+0000 INFO  [o.n.k.i.DiagnosticsManager]:  [classpath + loader.0] file:/Users/andreas/code/pres/neo4jtutorial/neo4j/system/lib/jcl-over-slf4j-1.6.1.jar
2014-03-11 16:50:06.732+0000 INFO  [o.n.k.i.DiagnosticsManager]:  [loader.1] file:/System/Library/Java/Extensions/AppleScriptEngine.jar
2014-03-11 16:50:06.732+0000 INFO  [o.n.k.i.DiagnosticsManager]:  [classpath + loader.0] file:/Users/andreas/code/pres/neo4jtutorial/neo4j/system/lib/slf4j-api-1.6.2.jar
2014-03-11 16:50:06.732+0000 INFO  [o.n.k.i.DiagnosticsManager]:  [classpath + loader.0] file:/Users/andreas/code/pres/neo4jtutorial/neo4j/lib/neo4j-shell-2.0.1.jar
2014-03-11 16:50:06.732+0000 INFO  [o.n.k.i.DiagnosticsManager]:  [classpath + loader.0] file:/Users/andreas/code/pres/neo4jtutorial/neo4j/system/lib/jetty-http-9.0.5.v20130815.jar
2014-03-11 16:50:06.733+0000 INFO  [o.n.k.i.DiagnosticsManager]:  [classpath + loader.0] file:/Users/andreas/code/pres/neo4jtutorial/neo4j/lib/org.apache.servicemix.bundles.jline-0.9.94_1.jar
2014-03-11 16:50:06.733+0000 INFO  [o.n.k.i.DiagnosticsManager]:  [classpath + loader.0] file:/Users/andreas/code/pres/neo4jtutorial/neo4j/system/lib/neo4j-server-2.0.1.jar
2014-03-11 16:50:06.733+0000 INFO  [o.n.k.i.DiagnosticsManager]:  [classpath + loader.0] file:/Users/andreas/code/pres/neo4jtutorial/neo4j/system/lib/commons-logging-1.1.1.jar
2014-03-11 16:50:06.733+0000 INFO  [o.n.k.i.DiagnosticsManager]:  [classpath + loader.0] file:/Users/andreas/code/pres/neo4jtutorial/neo4j/system/lib/jetty-util-9.0.5.v20130815.jar
2014-03-11 16:50:06.733+0000 INFO  [o.n.k.i.DiagnosticsManager]:  [classpath + loader.0] file:/Users/andreas/code/pres/neo4jtutorial/neo4j/system/lib/commons-beanutils-1.8.0.jar
2014-03-11 16:50:06.733+0000 INFO  [o.n.k.i.DiagnosticsManager]:  [classpath + loader.0] file:/Users/andreas/code/pres/neo4jtutorial/neo4j/system/lib/javax.servlet-3.0.0.v201112011016.jar
2014-03-11 16:50:06.733+0000 INFO  [o.n.k.i.DiagnosticsManager]:  [loader.1] file:/Library/Java/JavaVirtualMachines/jdk1.7.0_17.jdk/Contents/Home/jre/lib/ext/sunec.jar
2014-03-11 16:50:06.733+0000 INFO  [o.n.k.i.DiagnosticsManager]: Library path:
2014-03-11 16:50:06.733+0000 INFO  [o.n.k.i.DiagnosticsManager]: /Users/andreas/Library/Java/Extensions
2014-03-11 16:50:06.733+0000 INFO  [o.n.k.i.DiagnosticsManager]: /Library/Java/Extensions
2014-03-11 16:50:06.733+0000 INFO  [o.n.k.i.DiagnosticsManager]: /Network/Library/Java/Extensions
2014-03-11 16:50:06.733+0000 INFO  [o.n.k.i.DiagnosticsManager]: /System/Library/Java/Extensions
2014-03-11 16:50:06.733+0000 INFO  [o.n.k.i.DiagnosticsManager]: /usr/lib/java
2014-03-11 16:50:06.733+0000 INFO  [o.n.k.i.DiagnosticsManager]: /Users/andreas/code/pres/neo4jtutorial/neo4j
2014-03-11 16:50:06.733+0000 INFO  [o.n.k.i.DiagnosticsManager]: System.properties:
2014-03-11 16:50:06.734+0000 INFO  [o.n.k.i.DiagnosticsManager]: sun.boot.library.path = /Library/Java/JavaVirtualMachines/jdk1.7.0_17.jdk/Contents/Home/jre/lib
2014-03-11 16:50:06.734+0000 INFO  [o.n.k.i.DiagnosticsManager]: org.neo4j.server.properties = conf/neo4j-server.properties
2014-03-11 16:50:06.734+0000 INFO  [o.n.k.i.DiagnosticsManager]: gopherProxySet = false
2014-03-11 16:50:06.734+0000 INFO  [o.n.k.i.DiagnosticsManager]: path.separator = :
2014-03-11 16:50:06.734+0000 INFO  [o.n.k.i.DiagnosticsManager]: file.encoding.pkg = sun.io
2014-03-11 16:50:06.734+0000 INFO  [o.n.k.i.DiagnosticsManager]: user.country = NO
2014-03-11 16:50:06.734+0000 INFO  [o.n.k.i.DiagnosticsManager]: sun.java.launcher = SUN_STANDARD
2014-03-11 16:50:06.734+0000 INFO  [o.n.k.i.DiagnosticsManager]: sun.os.patch.level = unknown
2014-03-11 16:50:06.735+0000 INFO  [o.n.k.i.DiagnosticsManager]: user.dir = /Users/andreas/code/pres/neo4jtutorial/neo4j
2014-03-11 16:50:06.735+0000 INFO  [o.n.k.i.DiagnosticsManager]: log4j.configuration = file:conf/log4j.properties
2014-03-11 16:50:06.735+0000 INFO  [o.n.k.i.DiagnosticsManager]: sun.jnu.encoding = US-ASCII
2014-03-11 16:50:06.735+0000 INFO  [o.n.k.i.DiagnosticsManager]: sun.management.compiler = HotSpot 64-Bit Tiered Compilers
2014-03-11 16:50:06.735+0000 INFO  [o.n.k.i.DiagnosticsManager]: http.nonProxyHosts = local|*.local|169.254/16|*.169.254/16
2014-03-11 16:50:06.735+0000 INFO  [o.n.k.i.DiagnosticsManager]: user.home = /Users/andreas
2014-03-11 16:50:06.735+0000 INFO  [o.n.k.i.DiagnosticsManager]: user.timezone = Europe/Oslo
2014-03-11 16:50:06.735+0000 INFO  [o.n.k.i.DiagnosticsManager]: file.encoding = UTF-8
2014-03-11 16:50:06.735+0000 INFO  [o.n.k.i.DiagnosticsManager]: user.name = andreas heim
2014-03-11 16:50:06.735+0000 INFO  [o.n.k.i.DiagnosticsManager]: sun.java.command = org.neo4j.server.Bootstrapper
2014-03-11 16:50:06.735+0000 INFO  [o.n.k.i.DiagnosticsManager]: sun.arch.data.model = 64
2014-03-11 16:50:06.735+0000 INFO  [o.n.k.i.DiagnosticsManager]: user.language = nb
2014-03-11 16:50:06.735+0000 INFO  [o.n.k.i.DiagnosticsManager]: awt.toolkit = sun.lwawt.macosx.LWCToolkit
2014-03-11 16:50:06.735+0000 INFO  [o.n.k.i.DiagnosticsManager]: file.separator = /
2014-03-11 16:50:06.735+0000 INFO  [o.n.k.i.DiagnosticsManager]: sun.io.unicode.encoding = UnicodeBig
2014-03-11 16:50:06.735+0000 INFO  [o.n.k.i.DiagnosticsManager]: sun.cpu.endian = little
2014-03-11 16:50:06.735+0000 INFO  [o.n.k.i.DiagnosticsManager]: socksNonProxyHosts = local|*.local|169.254/16|*.169.254/16
2014-03-11 16:50:06.735+0000 INFO  [o.n.k.i.DiagnosticsManager]: neo4j.instance = /Users/andreas/code/pres/neo4jtutorial/neo4j
2014-03-11 16:50:06.736+0000 INFO  [o.n.k.i.DiagnosticsManager]: ftp.nonProxyHosts = local|*.local|169.254/16|*.169.254/16
2014-03-11 16:50:06.736+0000 INFO  [o.n.k.i.DiagnosticsManager]: neo4j.home = /Users/andreas/code/pres/neo4jtutorial/neo4j
2014-03-11 16:50:06.736+0000 INFO  [o.n.k.i.DiagnosticsManager]: sun.cpu.isalist = 
2014-03-11 16:50:06.736+0000 INFO  [o.n.k.i.DiagnosticsManager]: Network information:
2014-03-11 16:50:06.739+0000 INFO  [o.n.k.i.DiagnosticsManager]: Interface en0:
2014-03-11 16:50:06.739+0000 INFO  [o.n.k.i.DiagnosticsManager]:     address: fe80:0:0:0:22c9:d0ff:fe87:d48d%4
2014-03-11 16:50:06.739+0000 INFO  [o.n.k.i.DiagnosticsManager]:     address: 192.168.168.66
2014-03-11 16:50:06.739+0000 INFO  [o.n.k.i.DiagnosticsManager]: Interface lo0:
2014-03-11 16:50:06.739+0000 INFO  [o.n.k.i.DiagnosticsManager]:     address: fe80:0:0:0:0:0:0:1%1
2014-03-11 16:50:06.739+0000 INFO  [o.n.k.i.DiagnosticsManager]:     address: 0:0:0:0:0:0:0:1
2014-03-11 16:50:06.739+0000 INFO  [o.n.k.i.DiagnosticsManager]:     address: 127.0.0.1
2014-03-11 16:50:06.739+0000 INFO  [o.n.k.i.DiagnosticsManager]: --- INITIALIZED diagnostics END ---
2014-03-11 16:50:06.900+0000 INFO  [o.n.k.i.n.s.StoreFactory]: Creating new db @ /Users/andreas/code/pres/neo4jtutorial/neo4j/data/graph.db/neostore
2014-03-11 16:50:06.955+0000 INFO  [o.n.k.i.n.s.StoreFactory]: [/Users/andreas/code/pres/neo4jtutorial/neo4j/data/graph.db/neostore.relationshiptypestore.db.names] brickCount=0 brickSize=0b mappedMem=0b (storeSize=38b)
2014-03-11 16:50:06.957+0000 INFO  [o.n.k.i.n.s.StoreFactory]: [/Users/andreas/code/pres/neo4jtutorial/neo4j/data/graph.db/neostore.relationshiptypestore.db] brickCount=0 brickSize=0b mappedMem=0b (storeSize=0b)
2014-03-11 16:50:06.957+0000 INFO  [o.n.k.i.n.s.StoreFactory]: /Users/andreas/code/pres/neo4jtutorial/neo4j/data/graph.db/neostore.relationshiptypestore.db.names hit=0 miss=0 switches=0 ooe=0
2014-03-11 16:50:06.959+0000 INFO  [o.n.k.i.n.s.StoreFactory]: /Users/andreas/code/pres/neo4jtutorial/neo4j/data/graph.db/neostore.relationshiptypestore.db hit=0 miss=0 switches=0 ooe=0
2014-03-11 16:50:06.966+0000 INFO  [o.n.k.i.n.s.StoreFactory]: [/Users/andreas/code/pres/neo4jtutorial/neo4j/data/graph.db/neostore.labeltokenstore.db.names] brickCount=0 brickSize=0b mappedMem=0b (storeSize=38b)
2014-03-11 16:50:06.967+0000 INFO  [o.n.k.i.n.s.StoreFactory]: [/Users/andreas/code/pres/neo4jtutorial/neo4j/data/graph.db/neostore.labeltokenstore.db] brickCount=0 brickSize=0b mappedMem=0b (storeSize=0b)
2014-03-11 16:50:06.967+0000 INFO  [o.n.k.i.n.s.StoreFactory]: /Users/andreas/code/pres/neo4jtutorial/neo4j/data/graph.db/neostore.labeltokenstore.db.names hit=0 miss=0 switches=0 ooe=0
2014-03-11 16:50:06.969+0000 INFO  [o.n.k.i.n.s.StoreFactory]: /Users/andreas/code/pres/neo4jtutorial/neo4j/data/graph.db/neostore.labeltokenstore.db hit=0 miss=0 switches=0 ooe=0
2014-03-11 16:50:06.975+0000 INFO  [o.n.k.i.n.s.StoreFactory]: [/Users/andreas/code/pres/neo4jtutorial/neo4j/data/graph.db/neostore.relationshiptypestore.db.names] brickCount=0 brickSize=0b mappedMem=0b (storeSize=38b)
2014-03-11 16:50:06.975+0000 INFO  [o.n.k.i.n.s.StoreFactory]: [/Users/andreas/code/pres/neo4jtutorial/neo4j/data/graph.db/neostore.relationshiptypestore.db] brickCount=0 brickSize=0b mappedMem=0b (storeSize=0b)
2014-03-11 16:50:06.975+0000 INFO  [o.n.k.i.n.s.StoreFactory]: [/Users/andreas/code/pres/neo4jtutorial/neo4j/data/graph.db/neostore.labeltokenstore.db.names] brickCount=0 brickSize=0b mappedMem=0b (storeSize=38b)
2014-03-11 16:50:06.975+0000 INFO  [o.n.k.i.n.s.StoreFactory]: [/Users/andreas/code/pres/neo4jtutorial/neo4j/data/graph.db/neostore.labeltokenstore.db] brickCount=0 brickSize=0b mappedMem=0b (storeSize=0b)
2014-03-11 16:50:06.976+0000 INFO  [o.n.k.i.n.s.StoreFactory]: [/Users/andreas/code/pres/neo4jtutorial/neo4j/data/graph.db/neostore.propertystore.db.strings] brickCount=0 brickSize=734976b mappedMem=735051776b (storeSize=128b)
2014-03-11 16:50:06.976+0000 INFO  [o.n.k.i.n.s.StoreFactory]: [/Users/andreas/code/pres/neo4jtutorial/neo4j/data/graph.db/neostore.propertystore.db.index.keys] brickCount=0 brickSize=0b mappedMem=0b (storeSize=38b)
2014-03-11 16:50:06.977+0000 INFO  [o.n.k.i.n.s.StoreFactory]: [/Users/andreas/code/pres/neo4jtutorial/neo4j/data/graph.db/neostore.propertystore.db.index] brickCount=0 brickSize=0b mappedMem=0b (storeSize=0b)
2014-03-11 16:50:06.977+0000 INFO  [o.n.k.i.n.s.StoreFactory]: [/Users/andreas/code/pres/neo4jtutorial/neo4j/data/graph.db/neostore.propertystore.db.arrays] brickCount=0 brickSize=833536b mappedMem=833617920b (storeSize=128b)
2014-03-11 16:50:06.980+0000 INFO  [o.n.k.i.n.s.StoreFactory]: [/Users/andreas/code/pres/neo4jtutorial/neo4j/data/graph.db/neostore.propertystore.db] brickCount=0 brickSize=8650713b mappedMem=865075200b (storeSize=0b)
2014-03-11 16:50:06.982+0000 INFO  [o.n.k.i.n.s.StoreFactory]: [/Users/andreas/code/pres/neo4jtutorial/neo4j/data/graph.db/neostore.relationshipstore.db] brickCount=0 brickSize=10601085b mappedMem=1060110336b (storeSize=0b)
2014-03-11 16:50:06.983+0000 INFO  [o.n.k.i.n.s.StoreFactory]: [/Users/andreas/code/pres/neo4jtutorial/neo4j/data/graph.db/neostore.nodestore.db.labels] brickCount=0 brickSize=0b mappedMem=0b (storeSize=68b)
2014-03-11 16:50:06.985+0000 INFO  [o.n.k.i.n.s.StoreFactory]: [/Users/andreas/code/pres/neo4jtutorial/neo4j/data/graph.db/neostore.nodestore.db] brickCount=0 brickSize=2401238b mappedMem=240123904b (storeSize=0b)
2014-03-11 16:50:06.986+0000 INFO  [o.n.k.i.n.s.StoreFactory]: [/Users/andreas/code/pres/neo4jtutorial/neo4j/data/graph.db/neostore.schemastore.db] brickCount=0 brickSize=0b mappedMem=0b (storeSize=64b)
2014-03-11 16:50:06.987+0000 INFO  [o.n.k.i.n.s.StoreFactory]: [/Users/andreas/code/pres/neo4jtutorial/neo4j/data/graph.db/neostore] brickCount=0 brickSize=0b mappedMem=0b (storeSize=0b)
2014-03-11 16:50:06.993+0000 INFO  [o.n.k.i.n.s.StoreFactory]: /Users/andreas/code/pres/neo4jtutorial/neo4j/data/graph.db/neostore.relationshiptypestore.db.names hit=0 miss=0 switches=0 ooe=0
2014-03-11 16:50:06.996+0000 INFO  [o.n.k.i.n.s.StoreFactory]: /Users/andreas/code/pres/neo4jtutorial/neo4j/data/graph.db/neostore.relationshiptypestore.db hit=0 miss=0 switches=0 ooe=0
2014-03-11 16:50:06.997+0000 INFO  [o.n.k.i.n.s.StoreFactory]: /Users/andreas/code/pres/neo4jtutorial/neo4j/data/graph.db/neostore.labeltokenstore.db.names hit=0 miss=0 switches=0 ooe=0
2014-03-11 16:50:06.999+0000 INFO  [o.n.k.i.n.s.StoreFactory]: /Users/andreas/code/pres/neo4jtutorial/neo4j/data/graph.db/neostore.labeltokenstore.db hit=0 miss=0 switches=0 ooe=0
2014-03-11 16:50:07.001+0000 INFO  [o.n.k.i.n.s.StoreFactory]: /Users/andreas/code/pres/neo4jtutorial/neo4j/data/graph.db/neostore.propertystore.db.strings hit=0 miss=0 switches=0 ooe=0
2014-03-11 16:50:07.003+0000 INFO  [o.n.k.i.n.s.StoreFactory]: /Users/andreas/code/pres/neo4jtutorial/neo4j/data/graph.db/neostore.propertystore.db.index.keys hit=0 miss=0 switches=0 ooe=0
2014-03-11 16:50:07.005+0000 INFO  [o.n.k.i.n.s.StoreFactory]: /Users/andreas/code/pres/neo4jtutorial/neo4j/data/graph.db/neostore.propertystore.db.index hit=0 miss=0 switches=0 ooe=0
2014-03-11 16:50:07.007+0000 INFO  [o.n.k.i.n.s.StoreFactory]: /Users/andreas/code/pres/neo4jtutorial/neo4j/data/graph.db/neostore.propertystore.db.arrays hit=0 miss=0 switches=0 ooe=0
2014-03-11 16:50:07.011+0000 INFO  [o.n.k.i.n.s.StoreFactory]: /Users/andreas/code/pres/neo4jtutorial/neo4j/data/graph.db/neostore.propertystore.db hit=0 miss=0 switches=0 ooe=0
2014-03-11 16:50:07.014+0000 INFO  [o.n.k.i.n.s.StoreFactory]: /Users/andreas/code/pres/neo4jtutorial/neo4j/data/graph.db/neostore.relationshipstore.db hit=0 miss=0 switches=0 ooe=0
2014-03-11 16:50:07.017+0000 INFO  [o.n.k.i.n.s.StoreFactory]: /Users/andreas/code/pres/neo4jtutorial/neo4j/data/graph.db/neostore.nodestore.db.labels hit=0 miss=0 switches=0 ooe=0
2014-03-11 16:50:07.020+0000 INFO  [o.n.k.i.n.s.StoreFactory]: /Users/andreas/code/pres/neo4jtutorial/neo4j/data/graph.db/neostore.nodestore.db hit=0 miss=0 switches=0 ooe=0
2014-03-11 16:50:07.023+0000 INFO  [o.n.k.i.n.s.StoreFactory]: /Users/andreas/code/pres/neo4jtutorial/neo4j/data/graph.db/neostore.schemastore.db hit=0 miss=0 switches=0 ooe=0
2014-03-11 16:50:07.026+0000 INFO  [o.n.k.i.n.s.StoreFactory]: /Users/andreas/code/pres/neo4jtutorial/neo4j/data/graph.db/neostore hit=0 miss=8 switches=0 ooe=0
2014-03-11 16:50:07.034+0000 INFO  [o.n.k.i.n.s.StoreFactory]: [/Users/andreas/code/pres/neo4jtutorial/neo4j/data/graph.db/neostore.relationshiptypestore.db.names] brickCount=0 brickSize=0b mappedMem=0b (storeSize=38b)
2014-03-11 16:50:07.034+0000 INFO  [o.n.k.i.n.s.StoreFactory]: [/Users/andreas/code/pres/neo4jtutorial/neo4j/data/graph.db/neostore.relationshiptypestore.db] brickCount=0 brickSize=0b mappedMem=0b (storeSize=0b)
2014-03-11 16:50:07.035+0000 INFO  [o.n.k.i.n.s.StoreFactory]: [/Users/andreas/code/pres/neo4jtutorial/neo4j/data/graph.db/neostore.labeltokenstore.db.names] brickCount=0 brickSize=0b mappedMem=0b (storeSize=38b)
2014-03-11 16:50:07.035+0000 INFO  [o.n.k.i.n.s.StoreFactory]: [/Users/andreas/code/pres/neo4jtutorial/neo4j/data/graph.db/neostore.labeltokenstore.db] brickCount=0 brickSize=0b mappedMem=0b (storeSize=0b)
2014-03-11 16:50:07.036+0000 INFO  [o.n.k.i.n.s.StoreFactory]: [/Users/andreas/code/pres/neo4jtutorial/neo4j/data/graph.db/neostore.propertystore.db.strings] brickCount=0 brickSize=734976b mappedMem=735051776b (storeSize=128b)
2014-03-11 16:50:07.036+0000 INFO  [o.n.k.i.n.s.StoreFactory]: [/Users/andreas/code/pres/neo4jtutorial/neo4j/data/graph.db/neostore.propertystore.db.index.keys] brickCount=0 brickSize=0b mappedMem=0b (storeSize=38b)
2014-03-11 16:50:07.037+0000 INFO  [o.n.k.i.n.s.StoreFactory]: [/Users/andreas/code/pres/neo4jtutorial/neo4j/data/graph.db/neostore.propertystore.db.index] brickCount=0 brickSize=0b mappedMem=0b (storeSize=0b)
2014-03-11 16:50:07.037+0000 INFO  [o.n.k.i.n.s.StoreFactory]: [/Users/andreas/code/pres/neo4jtutorial/neo4j/data/graph.db/neostore.propertystore.db.arrays] brickCount=0 brickSize=833536b mappedMem=833617920b (storeSize=128b)
2014-03-11 16:50:07.038+0000 INFO  [o.n.k.i.n.s.StoreFactory]: [/Users/andreas/code/pres/neo4jtutorial/neo4j/data/graph.db/neostore.propertystore.db] brickCount=0 brickSize=8650713b mappedMem=865075200b (storeSize=0b)
2014-03-11 16:50:07.038+0000 INFO  [o.n.k.i.n.s.StoreFactory]: [/Users/andreas/code/pres/neo4jtutorial/neo4j/data/graph.db/neostore.relationshipstore.db] brickCount=0 brickSize=10601085b mappedMem=1060110336b (storeSize=0b)
2014-03-11 16:50:07.039+0000 INFO  [o.n.k.i.n.s.StoreFactory]: [/Users/andreas/code/pres/neo4jtutorial/neo4j/data/graph.db/neostore.nodestore.db.labels] brickCount=0 brickSize=0b mappedMem=0b (storeSize=68b)
2014-03-11 16:50:07.039+0000 INFO  [o.n.k.i.n.s.StoreFactory]: [/Users/andreas/code/pres/neo4jtutorial/neo4j/data/graph.db/neostore.nodestore.db] brickCount=0 brickSize=2401238b mappedMem=240123904b (storeSize=0b)
2014-03-11 16:50:07.040+0000 INFO  [o.n.k.i.n.s.StoreFactory]: [/Users/andreas/code/pres/neo4jtutorial/neo4j/data/graph.db/neostore.schemastore.db] brickCount=0 brickSize=0b mappedMem=0b (storeSize=64b)
2014-03-11 16:50:07.041+0000 INFO  [o.n.k.i.n.s.StoreFactory]: [/Users/andreas/code/pres/neo4jtutorial/neo4j/data/graph.db/neostore] brickCount=0 brickSize=0b mappedMem=0b (storeSize=63b)
2014-03-11 16:50:07.127+0000 INFO  [o.n.k.a.i.i.LuceneLabelScanStore]: No lucene scan store index found, this might just be first use. Preparing to rebuild.
2014-03-11 16:50:07.155+0000 INFO  [o.n.k.a.i.i.LuceneLabelScanStore]: No lucene scan store index found, this might just be first use. Preparing to rebuild.
2014-03-11 16:50:07.251+0000 INFO  [o.n.k.i.t.x.XaLogicalLog]: Opened logical log [data/graph.db/nioneo_logical.log.1] version=0, lastTxId=1 (clean)
2014-03-11 16:50:07.256+0000 INFO  [o.n.k.a.i.i.LuceneLabelScanStore]: Rebuilding lucene scan store, this may take a while
2014-03-11 16:50:07.257+0000 INFO  [o.n.k.a.i.i.LuceneLabelScanStore]: Lucene scan store rebuilt (roughly -1 nodes)
2014-03-11 16:50:07.261+0000 INFO  [o.n.k.i.t.TxManager]: TM new log: tm_tx_log.1
2014-03-11 16:50:07.435+0000 INFO  [o.n.k.i.t.x.XaLogicalLog]: Opened logical log [data/graph.db/index/lucene.log.1] version=0, lastTxId=1 (clean)
2014-03-11 16:50:07.440+0000 INFO  [o.n.k.i.DiagnosticsManager]: --- STARTED diagnostics for KernelDiagnostics:Versions START ---
2014-03-11 16:50:07.440+0000 INFO  [o.n.k.i.DiagnosticsManager]: Graph Database: org.neo4j.kernel.EmbeddedGraphDatabase StoreId[time:1394556606904, id:5840252068823456535, store version: 13843131341501958]
2014-03-11 16:50:07.440+0000 INFO  [o.n.k.i.DiagnosticsManager]: Kernel version: Neo4j - Graph Database Kernel (neo4j-kernel), version: 2.0.1
2014-03-11 16:50:07.440+0000 INFO  [o.n.k.i.DiagnosticsManager]: Neo4j component versions:
2014-03-11 16:50:07.446+0000 INFO  [o.n.k.i.DiagnosticsManager]:   Neo4j - Lucene Index (neo4j-lucene-index), version: 2.0.1; revision: 2.0.1:master:878/8bb63c9c059d8a491b7909e08da86a820c28d3a5
2014-03-11 16:50:07.447+0000 INFO  [o.n.k.i.DiagnosticsManager]:   Neo4j - JMX support (neo4j-jmx), version: 2.0.1; revision: 2.0.1:master:878/8bb63c9c059d8a491b7909e08da86a820c28d3a5
2014-03-11 16:50:07.447+0000 INFO  [o.n.k.i.DiagnosticsManager]:   Neo4j - Graph Matching (neo4j-graph-matching), version: 2.0.1; revision: 2.0.1:master:878/8bb63c9c059d8a491b7909e08da86a820c28d3a5
2014-03-11 16:50:07.447+0000 INFO  [o.n.k.i.DiagnosticsManager]:   Neo4j Server API (server-api), version: 2.0.1; revision: 2.0.1:master:878/8bb63c9c059d8a491b7909e08da86a820c28d3a5
2014-03-11 16:50:07.447+0000 INFO  [o.n.k.i.DiagnosticsManager]:   Neo4j - Graph Database Kernel (neo4j-kernel), version: 2.0.1; revision: 2.0.1:master:878/8bb63c9c059d8a491b7909e08da86a820c28d3a5
2014-03-11 16:50:07.447+0000 INFO  [o.n.k.i.DiagnosticsManager]:   Neo4j - Cypher (neo4j-cypher), version: 2.0.1; revision: 2.0.1:master:878/8bb63c9c059d8a491b7909e08da86a820c28d3a5
2014-03-11 16:50:07.447+0000 INFO  [o.n.k.i.DiagnosticsManager]:   Neo4j Server (neo4j-server), version: 2.0.1; revision: 2.0.1:master:878/8bb63c9c059d8a491b7909e08da86a820c28d3a5
2014-03-11 16:50:07.447+0000 INFO  [o.n.k.i.DiagnosticsManager]:   Neo4j - Graph Algorithms (neo4j-graph-algo), version: 2.0.1; revision: 2.0.1:master:878/8bb63c9c059d8a491b7909e08da86a820c28d3a5
2014-03-11 16:50:07.447+0000 INFO  [o.n.k.i.DiagnosticsManager]:   Neo4j - Cypher Compiler 2.0 (neo4j-cypher-compiler-2.0), version: 2.0.1; revision: 2.0.1:master:878/8bb63c9c059d8a491b7909e08da86a820c28d3a5
2014-03-11 16:50:07.447+0000 INFO  [o.n.k.i.DiagnosticsManager]:   Neo4j - Generic shell (neo4j-shell), version: 2.0.1; revision: 2.0.1:master:878/8bb63c9c059d8a491b7909e08da86a820c28d3a5
2014-03-11 16:50:07.447+0000 INFO  [o.n.k.i.DiagnosticsManager]:   Neo4j - Cypher Compiler 1.9 (neo4j-cypher-compiler-1.9), version: 2.0.1; revision: 2.0.1:master:878/8bb63c9c059d8a491b7909e08da86a820c28d3a5
2014-03-11 16:50:07.447+0000 INFO  [o.n.k.i.DiagnosticsManager]:   neo4j-udc, version: 2.0.1; revision: 2.0.1:master:878/8bb63c9c059d8a491b7909e08da86a820c28d3a5
2014-03-11 16:50:07.447+0000 INFO  [o.n.k.i.DiagnosticsManager]:   Neo4j - Cypher Commons (neo4j-cypher-commons), version: 2.0.1; revision: 2.0.1:master:878/8bb63c9c059d8a491b7909e08da86a820c28d3a5
2014-03-11 16:50:07.447+0000 INFO  [o.n.k.i.DiagnosticsManager]: --- STARTED diagnostics for KernelDiagnostics:Versions END ---
2014-03-11 16:50:07.450+0000 INFO  [o.n.k.i.DiagnosticsManager]: --- STARTED diagnostics for NEO_STORE_VERSIONS START ---
2014-03-11 16:50:07.451+0000 INFO  [o.n.k.i.DiagnosticsManager]: Store versions:
2014-03-11 16:50:07.451+0000 INFO  [o.n.k.i.DiagnosticsManager]: Store versions:
2014-03-11 16:50:07.451+0000 INFO  [o.n.k.i.DiagnosticsManager]:   NeoStore v0.A.1
2014-03-11 16:50:07.451+0000 INFO  [o.n.k.i.DiagnosticsManager]:   SchemaStore v0.A.1
2014-03-11 16:50:07.451+0000 INFO  [o.n.k.i.DiagnosticsManager]:   NodeStore v0.A.1
2014-03-11 16:50:07.451+0000 INFO  [o.n.k.i.DiagnosticsManager]:   RelationshipStore v0.A.1
2014-03-11 16:50:07.451+0000 INFO  [o.n.k.i.DiagnosticsManager]:   RelationshipTypeStore v0.A.1
2014-03-11 16:50:07.451+0000 INFO  [o.n.k.i.DiagnosticsManager]:   LabelTokenStore v0.A.1
2014-03-11 16:50:07.451+0000 INFO  [o.n.k.i.DiagnosticsManager]:   PropertyStore v0.A.1
2014-03-11 16:50:07.451+0000 INFO  [o.n.k.i.DiagnosticsManager]:   PropertyIndexStore v0.A.1
2014-03-11 16:50:07.451+0000 INFO  [o.n.k.i.DiagnosticsManager]:   StringPropertyStore v0.A.1
2014-03-11 16:50:07.451+0000 INFO  [o.n.k.i.DiagnosticsManager]:   ArrayPropertyStore v0.A.1
2014-03-11 16:50:07.451+0000 INFO  [o.n.k.i.DiagnosticsManager]: --- STARTED diagnostics for NEO_STORE_VERSIONS END ---
2014-03-11 16:50:07.451+0000 INFO  [o.n.k.i.DiagnosticsManager]: --- STARTED diagnostics for NEO_STORE_ID_USAGE START ---
2014-03-11 16:50:07.452+0000 INFO  [o.n.k.i.DiagnosticsManager]: Id usage:
2014-03-11 16:50:07.452+0000 INFO  [o.n.k.i.DiagnosticsManager]: Id usage:
2014-03-11 16:50:07.452+0000 INFO  [o.n.k.i.DiagnosticsManager]:   SchemaStore: used=1 high=0
2014-03-11 16:50:07.452+0000 INFO  [o.n.k.i.DiagnosticsManager]:   NodeStore: used=0 high=-1
2014-03-11 16:50:07.452+0000 INFO  [o.n.k.i.DiagnosticsManager]:   RelationshipStore: used=0 high=-1
2014-03-11 16:50:07.452+0000 INFO  [o.n.k.i.DiagnosticsManager]:   RelationshipTypeStore: used=0 high=-1
2014-03-11 16:50:07.452+0000 INFO  [o.n.k.i.DiagnosticsManager]:   LabelTokenStore: used=0 high=-1
2014-03-11 16:50:07.453+0000 INFO  [o.n.k.i.DiagnosticsManager]:   PropertyStore: used=0 high=-1
2014-03-11 16:50:07.453+0000 INFO  [o.n.k.i.DiagnosticsManager]:   PropertyIndexStore: used=0 high=-1
2014-03-11 16:50:07.453+0000 INFO  [o.n.k.i.DiagnosticsManager]:   StringPropertyStore: used=1 high=0
2014-03-11 16:50:07.453+0000 INFO  [o.n.k.i.DiagnosticsManager]:   ArrayPropertyStore: used=1 high=0
2014-03-11 16:50:07.453+0000 INFO  [o.n.k.i.DiagnosticsManager]: --- STARTED diagnostics for NEO_STORE_ID_USAGE END ---
2014-03-11 16:50:07.453+0000 INFO  [o.n.k.i.DiagnosticsManager]: --- STARTED diagnostics for PERSISTENCE_WINDOW_POOL_STATS START ---
2014-03-11 16:50:07.453+0000 INFO  [o.n.k.i.DiagnosticsManager]: --- STARTED diagnostics for PERSISTENCE_WINDOW_POOL_STATS END ---
2014-03-11 16:50:07.454+0000 INFO  [o.n.k.i.DiagnosticsManager]: --- STARTED diagnostics for KernelDiagnostics:StoreFiles START ---
2014-03-11 16:50:07.454+0000 INFO  [o.n.k.i.DiagnosticsManager]: Disk space on partition (Total / Free / Free %): 449485783040 / 51360387072 / 11
Storage files: (filename : modification date - size)
2014-03-11 16:50:07.455+0000 INFO  [o.n.k.i.DiagnosticsManager]:   active_tx_log: 2014-03-11T17:50:07+0100 - 11,00 B
2014-03-11 16:50:07.455+0000 INFO  [o.n.k.i.DiagnosticsManager]:   index:
2014-03-11 16:50:07.455+0000 INFO  [o.n.k.i.DiagnosticsManager]:     lucene-store.db: 2014-03-11T17:50:07+0100 - 40,00 B
2014-03-11 16:50:07.456+0000 INFO  [o.n.k.i.DiagnosticsManager]:     lucene.log.1: 2014-03-11T17:50:07+0100 - 16,00 B
2014-03-11 16:50:07.456+0000 INFO  [o.n.k.i.DiagnosticsManager]:     lucene.log.active: 2014-03-11T17:50:07+0100 - 4,00 B
2014-03-11 16:50:07.456+0000 INFO  [o.n.k.i.DiagnosticsManager]:   - Total: 2014-03-11T17:50:07+0100 - 60,00 B
2014-03-11 16:50:07.457+0000 INFO  [o.n.k.i.DiagnosticsManager]:   lock: 2014-03-11T17:50:07+0100 - 0,00 B
2014-03-11 16:50:07.457+0000 INFO  [o.n.k.i.DiagnosticsManager]:   messages.log: 2014-03-11T17:50:07+0100 - 43,02 kB
2014-03-11 16:50:07.457+0000 INFO  [o.n.k.i.DiagnosticsManager]:   neostore: 2014-03-11T17:50:07+0100 - 63,00 B
2014-03-11 16:50:07.458+0000 INFO  [o.n.k.i.DiagnosticsManager]:   neostore.id: 2014-03-11T17:50:07+0100 - 9,00 B
2014-03-11 16:50:07.458+0000 INFO  [o.n.k.i.DiagnosticsManager]:   neostore.labeltokenstore.db: 2014-03-11T17:50:07+0100 - 0,00 B
2014-03-11 16:50:07.458+0000 INFO  [o.n.k.i.DiagnosticsManager]:   neostore.labeltokenstore.db.id: 2014-03-11T17:50:07+0100 - 9,00 B
2014-03-11 16:50:07.459+0000 INFO  [o.n.k.i.DiagnosticsManager]:   neostore.labeltokenstore.db.names: 2014-03-11T17:50:07+0100 - 38,00 B
2014-03-11 16:50:07.459+0000 INFO  [o.n.k.i.DiagnosticsManager]:   neostore.labeltokenstore.db.names.id: 2014-03-11T17:50:07+0100 - 9,00 B
2014-03-11 16:50:07.459+0000 INFO  [o.n.k.i.DiagnosticsManager]:   neostore.nodestore.db: 2014-03-11T17:50:07+0100 - 0,00 B
2014-03-11 16:50:07.460+0000 INFO  [o.n.k.i.DiagnosticsManager]:   neostore.nodestore.db.id: 2014-03-11T17:50:07+0100 - 9,00 B
2014-03-11 16:50:07.460+0000 INFO  [o.n.k.i.DiagnosticsManager]:   neostore.nodestore.db.labels: 2014-03-11T17:50:07+0100 - 68,00 B
2014-03-11 16:50:07.460+0000 INFO  [o.n.k.i.DiagnosticsManager]:   neostore.nodestore.db.labels.id: 2014-03-11T17:50:07+0100 - 9,00 B
2014-03-11 16:50:07.461+0000 INFO  [o.n.k.i.DiagnosticsManager]:   neostore.propertystore.db: 2014-03-11T17:50:07+0100 - 0,00 B
2014-03-11 16:50:07.461+0000 INFO  [o.n.k.i.DiagnosticsManager]:   neostore.propertystore.db.arrays: 2014-03-11T17:50:07+0100 - 128,00 B
2014-03-11 16:50:07.461+0000 INFO  [o.n.k.i.DiagnosticsManager]:   neostore.propertystore.db.arrays.id: 2014-03-11T17:50:07+0100 - 9,00 B
2014-03-11 16:50:07.462+0000 INFO  [o.n.k.i.DiagnosticsManager]:   neostore.propertystore.db.id: 2014-03-11T17:50:07+0100 - 9,00 B
2014-03-11 16:50:07.462+0000 INFO  [o.n.k.i.DiagnosticsManager]:   neostore.propertystore.db.index: 2014-03-11T17:50:07+0100 - 0,00 B
2014-03-11 16:50:07.462+0000 INFO  [o.n.k.i.DiagnosticsManager]:   neostore.propertystore.db.index.id: 2014-03-11T17:50:07+0100 - 9,00 B
2014-03-11 16:50:07.463+0000 INFO  [o.n.k.i.DiagnosticsManager]:   neostore.propertystore.db.index.keys: 2014-03-11T17:50:07+0100 - 38,00 B
2014-03-11 16:50:07.463+0000 INFO  [o.n.k.i.DiagnosticsManager]:   neostore.propertystore.db.index.keys.id: 2014-03-11T17:50:07+0100 - 9,00 B
2014-03-11 16:50:07.464+0000 INFO  [o.n.k.i.DiagnosticsManager]:   neostore.propertystore.db.strings: 2014-03-11T17:50:07+0100 - 128,00 B
2014-03-11 16:50:07.464+0000 INFO  [o.n.k.i.DiagnosticsManager]:   neostore.propertystore.db.strings.id: 2014-03-11T17:50:07+0100 - 9,00 B
2014-03-11 16:50:07.464+0000 INFO  [o.n.k.i.DiagnosticsManager]:   neostore.relationshipstore.db: 2014-03-11T17:50:07+0100 - 0,00 B
2014-03-11 16:50:07.464+0000 INFO  [o.n.k.i.DiagnosticsManager]:   neostore.relationshipstore.db.id: 2014-03-11T17:50:07+0100 - 9,00 B
2014-03-11 16:50:07.465+0000 INFO  [o.n.k.i.DiagnosticsManager]:   neostore.relationshiptypestore.db: 2014-03-11T17:50:07+0100 - 0,00 B
2014-03-11 16:50:07.465+0000 INFO  [o.n.k.i.DiagnosticsManager]:   neostore.relationshiptypestore.db.id: 2014-03-11T17:50:07+0100 - 9,00 B
2014-03-11 16:50:07.465+0000 INFO  [o.n.k.i.DiagnosticsManager]:   neostore.relationshiptypestore.db.names: 2014-03-11T17:50:07+0100 - 38,00 B
2014-03-11 16:50:07.466+0000 INFO  [o.n.k.i.DiagnosticsManager]:   neostore.relationshiptypestore.db.names.id: 2014-03-11T17:50:07+0100 - 9,00 B
2014-03-11 16:50:07.466+0000 INFO  [o.n.k.i.DiagnosticsManager]:   neostore.schemastore.db: 2014-03-11T17:50:07+0100 - 64,00 B
2014-03-11 16:50:07.466+0000 INFO  [o.n.k.i.DiagnosticsManager]:   neostore.schemastore.db.id: 2014-03-11T17:50:07+0100 - 9,00 B
2014-03-11 16:50:07.467+0000 INFO  [o.n.k.i.DiagnosticsManager]:   nioneo_logical.log.1: 2014-03-11T17:50:07+0100 - 16,00 B
2014-03-11 16:50:07.467+0000 INFO  [o.n.k.i.DiagnosticsManager]:   nioneo_logical.log.active: 2014-03-11T17:50:07+0100 - 4,00 B
2014-03-11 16:50:07.467+0000 INFO  [o.n.k.i.DiagnosticsManager]:   schema:
2014-03-11 16:50:07.467+0000 INFO  [o.n.k.i.DiagnosticsManager]:     label:
2014-03-11 16:50:07.467+0000 INFO  [o.n.k.i.DiagnosticsManager]:       lucene:
2014-03-11 16:50:07.468+0000 INFO  [o.n.k.i.DiagnosticsManager]:         write.lock: 2014-03-11T17:50:07+0100 - 0,00 B
2014-03-11 16:50:07.468+0000 INFO  [o.n.k.i.DiagnosticsManager]:       - Total: 2014-03-11T17:50:07+0100 - 0,00 B
2014-03-11 16:50:07.468+0000 INFO  [o.n.k.i.DiagnosticsManager]:     - Total: 2014-03-11T17:50:07+0100 - 0,00 B
2014-03-11 16:50:07.469+0000 INFO  [o.n.k.i.DiagnosticsManager]:   - Total: 2014-03-11T17:50:07+0100 - 0,00 B
2014-03-11 16:50:07.469+0000 INFO  [o.n.k.i.DiagnosticsManager]:   store_lock: 2014-03-11T17:50:06+0100 - 0,00 B
2014-03-11 16:50:07.469+0000 INFO  [o.n.k.i.DiagnosticsManager]:   tm_tx_log.1: 2014-03-11T17:50:07+0100 - 0,00 B
2014-03-11 16:50:07.470+0000 INFO  [o.n.k.i.DiagnosticsManager]: --- STARTED diagnostics for KernelDiagnostics:StoreFiles END ---
2014-03-11 16:50:07.503+0000 INFO  [o.n.k.EmbeddedGraphDatabase]: GC Monitor started. 
2014-03-11 16:50:07.504+0000 INFO  [o.n.k.EmbeddedGraphDatabase]: Database is now ready
2014-03-11 16:50:07.505+0000 INFO  [o.n.k.i.DiagnosticsManager]: --- SERVER STARTED START ---
2014-03-11 16:50:08.969+0000 INFO  [o.n.k.i.DiagnosticsManager]: --- STARTED diagnostics for org.neo4j.server.configuration.Configurator START ---
2014-03-11 16:50:08.971+0000 INFO  [o.n.k.i.DiagnosticsManager]: Server configuration:
2014-03-11 16:50:08.971+0000 INFO  [o.n.k.i.DiagnosticsManager]: org.neo4j.server.database.location = data/graph.db
2014-03-11 16:50:08.971+0000 INFO  [o.n.k.i.DiagnosticsManager]: org.neo4j.server.webserver.port = 7474
2014-03-11 16:50:08.971+0000 INFO  [o.n.k.i.DiagnosticsManager]: org.neo4j.server.webserver.https.enabled = true
2014-03-11 16:50:08.971+0000 INFO  [o.n.k.i.DiagnosticsManager]: org.neo4j.server.webserver.https.port = 7473
2014-03-11 16:50:08.971+0000 INFO  [o.n.k.i.DiagnosticsManager]: org.neo4j.server.webserver.https.cert.location = conf/ssl/snakeoil.cert
2014-03-11 16:50:08.971+0000 INFO  [o.n.k.i.DiagnosticsManager]: org.neo4j.server.webserver.https.key.location = conf/ssl/snakeoil.key
2014-03-11 16:50:08.971+0000 INFO  [o.n.k.i.DiagnosticsManager]: org.neo4j.server.webserver.https.keystore.location = data/keystore
2014-03-11 16:50:08.971+0000 INFO  [o.n.k.i.DiagnosticsManager]: org.neo4j.server.webadmin.rrdb.location = data/rrd
2014-03-11 16:50:08.971+0000 INFO  [o.n.k.i.DiagnosticsManager]: org.neo4j.server.db.tuning.properties = conf/neo4j.properties
2014-03-11 16:50:08.971+0000 INFO  [o.n.k.i.DiagnosticsManager]: org.neo4j.server.manage.console_engines = shell
2014-03-11 16:50:08.971+0000 INFO  [o.n.k.i.DiagnosticsManager]: org.neo4j.server.http.log.enabled = false
2014-03-11 16:50:08.972+0000 INFO  [o.n.k.i.DiagnosticsManager]: org.neo4j.server.http.log.config = conf/neo4j-http-logging.xml
2014-03-11 16:50:08.972+0000 INFO  [o.n.k.i.DiagnosticsManager]: org.neo4j.server.webadmin.management.uri = /db/manage/
2014-03-11 16:50:08.972+0000 INFO  [o.n.k.i.DiagnosticsManager]: org.neo4j.server.webadmin.data.uri = /db/data/
2014-03-11 16:50:08.972+0000 INFO  [o.n.k.i.DiagnosticsManager]: --- STARTED diagnostics for org.neo4j.server.configuration.Configurator END ---
2014-03-11 16:50:08.978+0000 INFO  [o.n.k.i.DiagnosticsManager]: Mounted discovery module (org.neo4j.server.rest.discovery) at: /
2014-03-11 16:50:08.986+0000 INFO  [o.n.k.i.DiagnosticsManager]: Mounted REST API at: /db/data/
2014-03-11 16:50:08.990+0000 INFO  [o.n.k.i.DiagnosticsManager]: Mounted management API at: /db/manage/
2014-03-11 16:50:08.991+0000 INFO  [o.n.k.i.DiagnosticsManager]: Mounted webadmin at: /webadmin
2014-03-11 16:50:08.991+0000 INFO  [o.n.k.i.DiagnosticsManager]: Mounted Neo4j Browser at: /browser
2014-03-11 16:50:10.560+0000 INFO  [o.n.k.i.DiagnosticsManager]: Server started on: http://localhost:7474/
2014-03-11 16:50:10.561+0000 INFO  [o.n.k.i.DiagnosticsManager]: --- SERVER STARTED END ---
2014-03-11 17:00:23.397+0000 INFO  [o.n.k.EmbeddedGraphDatabase]: Shutdown started
2014-03-11 17:00:23.397+0000 INFO  [o.n.k.EmbeddedGraphDatabase]: Database is now unavailable
2014-03-11 17:00:23.397+0000 INFO  [o.n.k.EmbeddedGraphDatabase]: GC Monitor stopped. 
2014-03-11 17:00:23.401+0000 INFO  [o.n.k.i.t.x.XaLogicalLog]: Closed log data/graph.db/index/lucene.log
2014-03-11 17:00:23.404+0000 INFO  [o.n.k.i.t.TxManager]: TM shutting down
2014-03-11 17:00:23.412+0000 INFO  [o.n.k.i.t.x.XaLogicalLog]: Closed log data/graph.db/nioneo_logical.log
2014-03-11 17:00:23.413+0000 INFO  [o.n.k.i.n.s.StoreFactory]: /Users/andreas/code/pres/neo4jtutorial/neo4j/data/graph.db/neostore.relationshiptypestore.db.names hit=0 miss=0 switches=0 ooe=0
2014-03-11 17:00:23.415+0000 INFO  [o.n.k.i.n.s.StoreFactory]: /Users/andreas/code/pres/neo4jtutorial/neo4j/data/graph.db/neostore.relationshiptypestore.db hit=0 miss=0 switches=0 ooe=0
2014-03-11 17:00:23.417+0000 INFO  [o.n.k.i.n.s.StoreFactory]: /Users/andreas/code/pres/neo4jtutorial/neo4j/data/graph.db/neostore.labeltokenstore.db.names hit=0 miss=0 switches=0 ooe=0
2014-03-11 17:00:23.420+0000 INFO  [o.n.k.i.n.s.StoreFactory]: /Users/andreas/code/pres/neo4jtutorial/neo4j/data/graph.db/neostore.labeltokenstore.db hit=0 miss=0 switches=0 ooe=0
2014-03-11 17:00:23.422+0000 INFO  [o.n.k.i.n.s.StoreFactory]: /Users/andreas/code/pres/neo4jtutorial/neo4j/data/graph.db/neostore.propertystore.db.strings hit=0 miss=0 switches=0 ooe=0
2014-03-11 17:00:23.424+0000 INFO  [o.n.k.i.n.s.StoreFactory]: /Users/andreas/code/pres/neo4jtutorial/neo4j/data/graph.db/neostore.propertystore.db.index.keys hit=0 miss=0 switches=0 ooe=0
2014-03-11 17:00:23.426+0000 INFO  [o.n.k.i.n.s.StoreFactory]: /Users/andreas/code/pres/neo4jtutorial/neo4j/data/graph.db/neostore.propertystore.db.index hit=0 miss=0 switches=0 ooe=0
2014-03-11 17:00:23.428+0000 INFO  [o.n.k.i.n.s.StoreFactory]: /Users/andreas/code/pres/neo4jtutorial/neo4j/data/graph.db/neostore.propertystore.db.arrays hit=0 miss=0 switches=0 ooe=0
2014-03-11 17:00:23.432+0000 INFO  [o.n.k.i.n.s.StoreFactory]: /Users/andreas/code/pres/neo4jtutorial/neo4j/data/graph.db/neostore.propertystore.db hit=0 miss=0 switches=0 ooe=0
2014-03-11 17:00:23.434+0000 INFO  [o.n.k.i.n.s.StoreFactory]: /Users/andreas/code/pres/neo4jtutorial/neo4j/data/graph.db/neostore.relationshipstore.db hit=0 miss=0 switches=0 ooe=0
2014-03-11 17:00:23.436+0000 INFO  [o.n.k.i.n.s.StoreFactory]: /Users/andreas/code/pres/neo4jtutorial/neo4j/data/graph.db/neostore.nodestore.db.labels hit=0 miss=0 switches=0 ooe=0
2014-03-11 17:00:23.438+0000 INFO  [o.n.k.i.n.s.StoreFactory]: /Users/andreas/code/pres/neo4jtutorial/neo4j/data/graph.db/neostore.nodestore.db hit=0 miss=0 switches=0 ooe=0
2014-03-11 17:00:23.440+0000 INFO  [o.n.k.i.n.s.StoreFactory]: /Users/andreas/code/pres/neo4jtutorial/neo4j/data/graph.db/neostore.schemastore.db hit=0 miss=0 switches=0 ooe=0
2014-03-11 17:00:23.442+0000 INFO  [o.n.k.i.n.s.StoreFactory]: /Users/andreas/code/pres/neo4jtutorial/neo4j/data/graph.db/neostore hit=0 miss=16 switches=0 ooe=0
2014-03-11 17:00:23.445+0000 INFO  [o.n.k.i.n.x.NeoStoreXaDataSource]: NeoStore closed
2014-03-11 17:00:23.445+0000 INFO  [o.n.k.i.DiagnosticsManager]: --- STOPPING diagnostics START ---
2014-03-11 17:00:23.445+0000 INFO  [o.n.k.i.DiagnosticsManager]: --- STOPPING diagnostics END ---
2014-03-11 19:40:53.809+0000 INFO  [o.n.k.i.DiagnosticsManager]: --- INITIALIZED diagnostics START ---
2014-03-11 19:40:53.815+0000 INFO  [o.n.k.i.DiagnosticsManager]: Neo4j Kernel properties:
2014-03-11 19:40:53.819+0000 INFO  [o.n.k.i.DiagnosticsManager]: neostore.propertystore.db.mapped_memory=827M
2014-03-11 19:40:53.819+0000 INFO  [o.n.k.i.DiagnosticsManager]: neostore.nodestore.db.mapped_memory=229M
2014-03-11 19:40:53.819+0000 INFO  [o.n.k.i.DiagnosticsManager]: neostore.propertystore.db.strings.mapped_memory=703M
2014-03-11 19:40:53.819+0000 INFO  [o.n.k.i.DiagnosticsManager]: neo4j.ext.udc.source=server
2014-03-11 19:40:53.819+0000 INFO  [o.n.k.i.DiagnosticsManager]: store_dir=data/graph.db
2014-03-11 19:40:53.819+0000 INFO  [o.n.k.i.DiagnosticsManager]: neostore.relationshipstore.db.mapped_memory=1013M
2014-03-11 19:40:53.819+0000 INFO  [o.n.k.i.DiagnosticsManager]: keep_logical_logs=true
2014-03-11 19:40:53.819+0000 INFO  [o.n.k.i.DiagnosticsManager]: neostore.propertystore.db.arrays.mapped_memory=797M
2014-03-11 19:40:53.819+0000 INFO  [o.n.k.i.DiagnosticsManager]: remote_shell_enabled=true
2014-03-11 19:40:53.819+0000 INFO  [o.n.k.i.DiagnosticsManager]: ephemeral=false
2014-03-11 19:40:53.822+0000 INFO  [o.n.k.i.DiagnosticsManager]: Diagnostics providers:
2014-03-11 19:40:53.822+0000 INFO  [o.n.k.i.DiagnosticsManager]: org.neo4j.kernel.configuration.Config
2014-03-11 19:40:53.822+0000 INFO  [o.n.k.i.DiagnosticsManager]: org.neo4j.kernel.info.DiagnosticsManager
2014-03-11 19:40:53.822+0000 INFO  [o.n.k.i.DiagnosticsManager]: SYSTEM_MEMORY
2014-03-11 19:40:53.822+0000 INFO  [o.n.k.i.DiagnosticsManager]: JAVA_MEMORY
2014-03-11 19:40:53.822+0000 INFO  [o.n.k.i.DiagnosticsManager]: OPERATING_SYSTEM
2014-03-11 19:40:53.822+0000 INFO  [o.n.k.i.DiagnosticsManager]: JAVA_VIRTUAL_MACHINE
2014-03-11 19:40:53.822+0000 INFO  [o.n.k.i.DiagnosticsManager]: CLASSPATH
2014-03-11 19:40:53.822+0000 INFO  [o.n.k.i.DiagnosticsManager]: LIBRARY_PATH
2014-03-11 19:40:53.822+0000 INFO  [o.n.k.i.DiagnosticsManager]: SYSTEM_PROPERTIES
2014-03-11 19:40:53.822+0000 INFO  [o.n.k.i.DiagnosticsManager]: NETWORK
2014-03-11 19:40:53.823+0000 INFO  [o.n.k.i.DiagnosticsManager]: System memory information:
2014-03-11 19:40:53.824+0000 INFO  [o.n.k.i.DiagnosticsManager]: Total Physical memory: 8,00 GB
2014-03-11 19:40:53.824+0000 INFO  [o.n.k.i.DiagnosticsManager]: Free Physical memory: 2,25 GB
2014-03-11 19:40:53.825+0000 INFO  [o.n.k.i.DiagnosticsManager]: Committed virtual memory: 2,81 GB
2014-03-11 19:40:53.825+0000 INFO  [o.n.k.i.DiagnosticsManager]: Total swap space: 1,00 GB
2014-03-11 19:40:53.825+0000 INFO  [o.n.k.i.DiagnosticsManager]: Free swap space: 699,00 MB
2014-03-11 19:40:53.826+0000 INFO  [o.n.k.i.DiagnosticsManager]: JVM memory information:
2014-03-11 19:40:53.826+0000 INFO  [o.n.k.i.DiagnosticsManager]: Free  memory: 11,21 MB
2014-03-11 19:40:53.826+0000 INFO  [o.n.k.i.DiagnosticsManager]: Total memory: 15,13 MB
2014-03-11 19:40:53.826+0000 INFO  [o.n.k.i.DiagnosticsManager]: Max   memory: 241,75 MB
2014-03-11 19:40:53.828+0000 INFO  [o.n.k.i.DiagnosticsManager]: Garbage Collector: ParNew: [Par Eden Space, Par Survivor Space]
2014-03-11 19:40:53.828+0000 INFO  [o.n.k.i.DiagnosticsManager]: Garbage Collector: ConcurrentMarkSweep: [Par Eden Space, Par Survivor Space, CMS Old Gen, CMS Perm Gen]
2014-03-11 19:40:53.829+0000 INFO  [o.n.k.i.DiagnosticsManager]: Memory Pool: Code Cache (Non-heap memory): committed=2,44 MB, used=699,19 kB, max=48,00 MB, threshold=0,00 B
2014-03-11 19:40:53.829+0000 INFO  [o.n.k.i.DiagnosticsManager]: Memory Pool: Par Eden Space (Heap memory): committed=4,19 MB, used=312,23 kB, max=66,13 MB, threshold=?
2014-03-11 19:40:53.830+0000 INFO  [o.n.k.i.DiagnosticsManager]: Memory Pool: Par Survivor Space (Heap memory): committed=512,00 kB, used=512,00 kB, max=8,25 MB, threshold=?
2014-03-11 19:40:53.830+0000 INFO  [o.n.k.i.DiagnosticsManager]: Memory Pool: CMS Old Gen (Heap memory): committed=10,44 MB, used=3,18 MB, max=167,38 MB, threshold=0,00 B
2014-03-11 19:40:53.830+0000 INFO  [o.n.k.i.DiagnosticsManager]: Memory Pool: CMS Perm Gen (Non-heap memory): committed=20,75 MB, used=13,13 MB, max=82,00 MB, threshold=0,00 B
2014-03-11 19:40:53.830+0000 INFO  [o.n.k.i.DiagnosticsManager]: Operating system information:
2014-03-11 19:40:53.831+0000 INFO  [o.n.k.i.DiagnosticsManager]: Operating System: Mac OS X; version: 10.9; arch: x86_64; cpus: 4
2014-03-11 19:40:53.832+0000 INFO  [o.n.k.i.DiagnosticsManager]: Max number of file descriptors: 10240
2014-03-11 19:40:53.832+0000 INFO  [o.n.k.i.DiagnosticsManager]: Number of open file descriptors: 86
2014-03-11 19:40:53.832+0000 INFO  [o.n.k.i.DiagnosticsManager]: Process id: 56508@mac-andreasheim.local
2014-03-11 19:40:53.832+0000 INFO  [o.n.k.i.DiagnosticsManager]: Byte order: LITTLE_ENDIAN
2014-03-11 19:40:53.832+0000 INFO  [o.n.k.i.DiagnosticsManager]: Local timezone: Europe/Oslo
2014-03-11 19:40:53.832+0000 INFO  [o.n.k.i.DiagnosticsManager]: JVM information:
2014-03-11 19:40:53.832+0000 INFO  [o.n.k.i.DiagnosticsManager]: VM Name: Java HotSpot(TM) 64-Bit Server VM
2014-03-11 19:40:53.832+0000 INFO  [o.n.k.i.DiagnosticsManager]: VM Vendor: Oracle Corporation
2014-03-11 19:40:53.832+0000 INFO  [o.n.k.i.DiagnosticsManager]: VM Version: 23.7-b01
2014-03-11 19:40:53.833+0000 INFO  [o.n.k.i.DiagnosticsManager]: JIT compiler: HotSpot 64-Bit Tiered Compilers
2014-03-11 19:40:53.833+0000 INFO  [o.n.k.i.DiagnosticsManager]: VM Arguments: [-XX:+DisableExplicitGC, -Dorg.neo4j.server.properties=conf/neo4j-server.properties, -Djava.util.logging.config.file=conf/logging.properties, -Dlog4j.configuration=file:conf/log4j.properties, -XX:+UseConcMarkSweepGC, -XX:+CMSClassUnloadingEnabled, -Dneo4j.home=/Users/andreas/code/pres/neo4jtutorial/neo4j, -Dneo4j.instance=/Users/andreas/code/pres/neo4jtutorial/neo4j, -Dfile.encoding=UTF-8]
2014-03-11 19:40:53.833+0000 INFO  [o.n.k.i.DiagnosticsManager]: Java classpath:
2014-03-11 19:40:53.835+0000 INFO  [o.n.k.i.DiagnosticsManager]:  [classpath + loader.0] file:/Users/andreas/code/pres/neo4jtutorial/neo4j/system/lib/neo4j-browser-2.0.1.jar
2014-03-11 19:40:53.835+0000 INFO  [o.n.k.i.DiagnosticsManager]:  [classpath + loader.0] file:/Users/andreas/code/pres/neo4jtutorial/neo4j/system/lib/jetty-security-9.0.5.v20130815.jar
2014-03-11 19:40:53.835+0000 INFO  [o.n.k.i.DiagnosticsManager]:  [classpath + loader.0] file:/Users/andreas/code/pres/neo4jtutorial/neo4j/lib/neo4j-cypher-compiler-2.0-2.0.1.jar
2014-03-11 19:40:53.835+0000 INFO  [o.n.k.i.DiagnosticsManager]:  [loader.1] file:/System/Library/Java/Extensions/dns_sd.jar
2014-03-11 19:40:53.835+0000 INFO  [o.n.k.i.DiagnosticsManager]:  [classpath + loader.0] file:/Users/andreas/code/pres/neo4jtutorial/neo4j/lib/concurrentlinkedhashmap-lru-1.3.1.jar
2014-03-11 19:40:53.835+0000 INFO  [o.n.k.i.DiagnosticsManager]:  [classpath + loader.0] file:/Users/andreas/code/pres/neo4jtutorial/neo4j/lib/neo4j-udc-2.0.1.jar
2014-03-11 19:40:53.835+0000 INFO  [o.n.k.i.DiagnosticsManager]:  [loader.1] file:/System/Library/Java/Extensions/MRJToolkit.jar
2014-03-11 19:40:53.835+0000 INFO  [o.n.k.i.DiagnosticsManager]:  [classpath + loader.0] file:/Users/andreas/code/pres/neo4jtutorial/neo4j/system/lib/jersey-multipart-1.9.jar
2014-03-11 19:40:53.835+0000 INFO  [o.n.k.i.DiagnosticsManager]:  [loader.1] file:/System/Library/Java/Extensions/vecmath.jar
2014-03-11 19:40:53.835+0000 INFO  [o.n.k.i.DiagnosticsManager]:  [classpath + loader.0] file:/Users/andreas/code/pres/neo4jtutorial/neo4j/system/lib/commons-collections-3.2.1.jar
2014-03-11 19:40:53.835+0000 INFO  [o.n.k.i.DiagnosticsManager]:  [loader.1] file:/System/Library/Java/Extensions/libmlib_jai.jnilib
2014-03-11 19:40:53.835+0000 INFO  [o.n.k.i.DiagnosticsManager]:  [classpath + loader.0] file:/Users/andreas/code/pres/neo4jtutorial/neo4j/system/lib/jetty-server-9.0.5.v20130815.jar
2014-03-11 19:40:53.835+0000 INFO  [o.n.k.i.DiagnosticsManager]:  [classpath + loader.0] file:/Users/andreas/code/pres/neo4jtutorial/neo4j/lib/neo4j-graph-algo-2.0.1.jar
2014-03-11 19:40:53.835+0000 INFO  [o.n.k.i.DiagnosticsManager]:  [classpath + loader.0] file:/Users/andreas/code/pres/neo4jtutorial/neo4j/system/lib/logback-classic-1.0.9.jar
2014-03-11 19:40:53.835+0000 INFO  [o.n.k.i.DiagnosticsManager]:  [classpath + loader.0] file:/Users/andreas/code/pres/neo4jtutorial/neo4j/lib/neo4j-cypher-commons-2.0.1.jar
2014-03-11 19:40:53.835+0000 INFO  [o.n.k.i.DiagnosticsManager]:  [classpath + loader.0] file:/Users/andreas/code/pres/neo4jtutorial/neo4j/system/lib/jackson-mapper-asl-1.9.7.jar
2014-03-11 19:40:53.835+0000 INFO  [o.n.k.i.DiagnosticsManager]:  [classpath + loader.0] file:/Users/andreas/code/pres/neo4jtutorial/neo4j/system/lib/jetty-xml-9.0.5.v20130815.jar
2014-03-11 19:40:53.835+0000 INFO  [o.n.k.i.DiagnosticsManager]:  [classpath + loader.0] file:/Users/andreas/code/pres/neo4jtutorial/neo4j/system/lib/jetty-servlet-9.0.5.v20130815.jar
2014-03-11 19:40:53.835+0000 INFO  [o.n.k.i.DiagnosticsManager]:  [bootstrap] /Library/Java/JavaVirtualMachines/jdk1.7.0_17.jdk/Contents/Home/jre/lib/jsse.jar
2014-03-11 19:40:53.835+0000 INFO  [o.n.k.i.DiagnosticsManager]:  [classpath + loader.0] file:/Users/andreas/code/pres/neo4jtutorial/neo4j/system/lib/logback-core-1.0.9.jar
2014-03-11 19:40:53.836+0000 INFO  [o.n.k.i.DiagnosticsManager]:  [classpath + loader.0] file:/Users/andreas/code/pres/neo4jtutorial/neo4j/lib/neo4j-cypher-compiler-1.9-2.0.1.jar
2014-03-11 19:40:53.836+0000 INFO  [o.n.k.i.DiagnosticsManager]:  [loader.1] file:/System/Library/Java/Extensions/libJ3D.jnilib
2014-03-11 19:40:53.836+0000 INFO  [o.n.k.i.DiagnosticsManager]:  [loader.1] file:/System/Library/Java/Extensions/mlibwrapper_jai.jar
2014-03-11 19:40:53.836+0000 INFO  [o.n.k.i.DiagnosticsManager]:  [classpath + loader.0] file:/Users/andreas/code/pres/neo4jtutorial/neo4j/system/lib/jersey-server-1.9.jar
2014-03-11 19:40:53.836+0000 INFO  [o.n.k.i.DiagnosticsManager]:  [classpath + loader.0] file:/Users/andreas/code/pres/neo4jtutorial/neo4j/conf/
2014-03-11 19:40:53.836+0000 INFO  [o.n.k.i.DiagnosticsManager]:  [loader.1] file:/System/Library/Java/Extensions/QTJava.zip
2014-03-11 19:40:53.836+0000 INFO  [o.n.k.i.DiagnosticsManager]:  [classpath + loader.0] file:/Users/andreas/code/pres/neo4jtutorial/neo4j/lib/neo4j-cypher-2.0.1.jar
2014-03-11 19:40:53.836+0000 INFO  [o.n.k.i.DiagnosticsManager]:  [loader.1] file:/Library/Java/JavaVirtualMachines/jdk1.7.0_17.jdk/Contents/Home/jre/lib/ext/zipfs.jar
2014-03-11 19:40:53.836+0000 INFO  [o.n.k.i.DiagnosticsManager]:  [classpath + loader.0] file:/Users/andreas/code/pres/neo4jtutorial/neo4j/lib/neo4j-graph-matching-2.0.1.jar
2014-03-11 19:40:53.836+0000 INFO  [o.n.k.i.DiagnosticsManager]:  [loader.1] file:/Library/Java/JavaVirtualMachines/jdk1.7.0_17.jdk/Contents/Home/jre/lib/ext/sunpkcs11.jar
2014-03-11 19:40:53.836+0000 INFO  [o.n.k.i.DiagnosticsManager]:  [classpath + loader.0] file:/Users/andreas/code/pres/neo4jtutorial/neo4j/system/lib/bcprov-jdk16-140.jar
2014-03-11 19:40:53.836+0000 INFO  [o.n.k.i.DiagnosticsManager]:  [loader.1] file:/System/Library/Java/Extensions/libJ3DAudio.jnilib
2014-03-11 19:40:53.836+0000 INFO  [o.n.k.i.DiagnosticsManager]:  [loader.1] file:/System/Library/Java/Extensions/libAppleScriptEngine.jnilib
2014-03-11 19:40:53.836+0000 INFO  [o.n.k.i.DiagnosticsManager]:  [loader.1] file:/System/Library/Java/Extensions/j3daudio.jar
2014-03-11 19:40:53.836+0000 INFO  [o.n.k.i.DiagnosticsManager]:  [classpath + loader.0] file:/Users/andreas/code/pres/neo4jtutorial/neo4j/system/lib/commons-configuration-1.6.jar
2014-03-11 19:40:53.836+0000 INFO  [o.n.k.i.DiagnosticsManager]:  [loader.1] file:/System/Library/Java/Extensions/libJ3DUtils.jnilib
2014-03-11 19:40:53.836+0000 INFO  [o.n.k.i.DiagnosticsManager]:  [classpath + loader.0] file:/Users/andreas/code/pres/neo4jtutorial/neo4j/lib/scala-library-2.10.3.jar
2014-03-11 19:40:53.836+0000 INFO  [o.n.k.i.DiagnosticsManager]:  [classpath + loader.0] file:/Users/andreas/code/pres/neo4jtutorial/neo4j/system/lib/jersey-core-1.9.jar
2014-03-11 19:40:53.836+0000 INFO  [o.n.k.i.DiagnosticsManager]:  [loader.1] file:/System/Library/Java/Extensions/libQTJNative.jnilib
2014-03-11 19:40:53.836+0000 INFO  [o.n.k.i.DiagnosticsManager]:  [classpath + loader.0] file:/Users/andreas/code/pres/neo4jtutorial/neo4j/lib/neo4j-kernel-2.0.1.jar
2014-03-11 19:40:53.836+0000 INFO  [o.n.k.i.DiagnosticsManager]:  [loader.1] file:/System/Library/Java/Extensions/j3dcore.jar
2014-03-11 19:40:53.836+0000 INFO  [o.n.k.i.DiagnosticsManager]:  [classpath + loader.0] file:/Users/andreas/code/pres/neo4jtutorial/neo4j/system/lib/neo4j-server-2.0.1-static-web.jar
2014-03-11 19:40:53.836+0000 INFO  [o.n.k.i.DiagnosticsManager]:  [classpath + loader.0] file:/Users/andreas/code/pres/neo4jtutorial/neo4j/system/lib/commons-compiler-2.6.1.jar
2014-03-11 19:40:53.836+0000 INFO  [o.n.k.i.DiagnosticsManager]:  [classpath + loader.0] file:/Users/andreas/code/pres/neo4jtutorial/neo4j/lib/parboiled-core-1.1.6.jar
2014-03-11 19:40:53.836+0000 INFO  [o.n.k.i.DiagnosticsManager]:  [bootstrap] /Library/Java/JavaVirtualMachines/jdk1.7.0_17.jdk/Contents/Home/jre/classes
2014-03-11 19:40:53.836+0000 INFO  [o.n.k.i.DiagnosticsManager]:  [classpath + loader.0] file:/Users/andreas/code/pres/neo4jtutorial/neo4j/lib/lucene-core-3.6.2.jar
2014-03-11 19:40:53.836+0000 INFO  [o.n.k.i.DiagnosticsManager]:  [bootstrap] /Library/Java/JavaVirtualMachines/jdk1.7.0_17.jdk/Contents/Home/jre/lib/JObjC.jar
2014-03-11 19:40:53.836+0000 INFO  [o.n.k.i.DiagnosticsManager]:  [loader.1] file:/usr/lib/java/libjdns_sd.jnilib
2014-03-11 19:40:53.836+0000 INFO  [o.n.k.i.DiagnosticsManager]:  [bootstrap] /Library/Java/JavaVirtualMachines/jdk1.7.0_17.jdk/Contents/Home/jre/lib/sunrsasign.jar
2014-03-11 19:40:53.836+0000 INFO  [o.n.k.i.DiagnosticsManager]:  [classpath + loader.0] file:/Users/andreas/code/pres/neo4jtutorial/neo4j/system/lib/rrd4j-2.0.7.jar
2014-03-11 19:40:53.837+0000 INFO  [o.n.k.i.DiagnosticsManager]:  [classpath + loader.0] file:/Users/andreas/code/pres/neo4jtutorial/neo4j/system/lib/janino-2.6.1.jar
2014-03-11 19:40:53.837+0000 INFO  [o.n.k.i.DiagnosticsManager]:  [classpath + loader.0] file:/Users/andreas/code/pres/neo4jtutorial/neo4j/lib/server-api-2.0.1.jar
2014-03-11 19:40:53.837+0000 INFO  [o.n.k.i.DiagnosticsManager]:  [classpath + loader.0] file:/Users/andreas/code/pres/neo4jtutorial/neo4j/system/lib/mimepull-1.6.jar
2014-03-11 19:40:53.837+0000 INFO  [o.n.k.i.DiagnosticsManager]:  [classpath + loader.0] file:/Users/andreas/code/pres/neo4jtutorial/neo4j/system/lib/jsr311-api-1.1.2.r612.jar
2014-03-11 19:40:53.837+0000 INFO  [o.n.k.i.DiagnosticsManager]:  [classpath + loader.0] file:/Users/andreas/code/pres/neo4jtutorial/neo4j/lib/geronimo-jta_1.1_spec-1.1.1.jar
2014-03-11 19:40:53.837+0000 INFO  [o.n.k.i.DiagnosticsManager]:  [loader.1] file:/System/Library/Java/Extensions/j3dutils.jar
2014-03-11 19:40:53.837+0000 INFO  [o.n.k.i.DiagnosticsManager]:  [loader.1] file:/System/Library/Java/Extensions/jai_core.jar
2014-03-11 19:40:53.837+0000 INFO  [o.n.k.i.DiagnosticsManager]:  [loader.1] file:/Library/Java/JavaVirtualMachines/jdk1.7.0_17.jdk/Contents/Home/jre/lib/ext/localedata.jar
2014-03-11 19:40:53.837+0000 INFO  [o.n.k.i.DiagnosticsManager]:  [classpath + loader.0] file:/Users/andreas/code/pres/neo4jtutorial/neo4j/system/lib/asm-3.1.jar
2014-03-11 19:40:53.837+0000 INFO  [o.n.k.i.DiagnosticsManager]:  [bootstrap] /Library/Java/JavaVirtualMachines/jdk1.7.0_17.jdk/Contents/Home/jre/lib/charsets.jar
2014-03-11 19:40:53.837+0000 INFO  [o.n.k.i.DiagnosticsManager]:  [classpath + loader.0] file:/Users/andreas/code/pres/neo4jtutorial/neo4j/system/lib/commons-io-1.4.jar
2014-03-11 19:40:53.837+0000 INFO  [o.n.k.i.DiagnosticsManager]:  [loader.1] file:/System/Library/Java/Extensions/jai_codec.jar
2014-03-11 19:40:53.837+0000 INFO  [o.n.k.i.DiagnosticsManager]:  [classpath + loader.0] file:/Users/andreas/code/pres/neo4jtutorial/neo4j/system/lib/commons-beanutils-core-1.8.0.jar
2014-03-11 19:40:53.837+0000 INFO  [o.n.k.i.DiagnosticsManager]:  [classpath + loader.0] file:/Users/andreas/code/pres/neo4jtutorial/neo4j/lib/neo4j-jmx-2.0.1.jar
2014-03-11 19:40:53.837+0000 INFO  [o.n.k.i.DiagnosticsManager]:  [bootstrap] /Library/Java/JavaVirtualMachines/jdk1.7.0_17.jdk/Contents/Home/jre/lib/jfr.jar
2014-03-11 19:40:53.837+0000 INFO  [o.n.k.i.DiagnosticsManager]:  [bootstrap] /Library/Java/JavaVirtualMachines/jdk1.7.0_17.jdk/Contents/Home/jre/lib/resources.jar
2014-03-11 19:40:53.837+0000 INFO  [o.n.k.i.DiagnosticsManager]:  [bootstrap] /Library/Java/JavaVirtualMachines/jdk1.7.0_17.jdk/Contents/Home/jre/lib/rt.jar
2014-03-11 19:40:53.837+0000 INFO  [o.n.k.i.DiagnosticsManager]:  [classpath + loader.0] file:/Users/andreas/code/pres/neo4jtutorial/neo4j/system/lib/jackson-core-asl-1.9.7.jar
2014-03-11 19:40:53.837+0000 INFO  [o.n.k.i.DiagnosticsManager]:  [classpath + loader.0] file:/Users/andreas/code/pres/neo4jtutorial/neo4j/system/lib/jetty-io-9.0.5.v20130815.jar
2014-03-11 19:40:53.837+0000 INFO  [o.n.k.i.DiagnosticsManager]:  [classpath + loader.0] file:/Users/andreas/code/pres/neo4jtutorial/neo4j/system/lib/logback-access-1.0.9.jar
2014-03-11 19:40:53.837+0000 INFO  [o.n.k.i.DiagnosticsManager]:  [classpath + loader.0] file:/Users/andreas/code/pres/neo4jtutorial/neo4j/system/lib/jetty-webapp-9.0.5.v20130815.jar
2014-03-11 19:40:53.837+0000 INFO  [o.n.k.i.DiagnosticsManager]:  [classpath + loader.0] file:/Users/andreas/code/pres/neo4jtutorial/neo4j/system/lib/commons-digester-1.8.1.jar
2014-03-11 19:40:53.837+0000 INFO  [o.n.k.i.DiagnosticsManager]:  [loader.1] file:/Library/Java/JavaVirtualMachines/jdk1.7.0_17.jdk/Contents/Home/jre/lib/ext/sunjce_provider.jar
2014-03-11 19:40:53.837+0000 INFO  [o.n.k.i.DiagnosticsManager]:  [classpath + loader.0] file:/Users/andreas/code/pres/neo4jtutorial/neo4j/system/lib/jackson-jaxrs-1.9.7.jar
2014-03-11 19:40:53.837+0000 INFO  [o.n.k.i.DiagnosticsManager]:  [classpath + loader.0] file:/Users/andreas/code/pres/neo4jtutorial/neo4j/system/lib/commons-lang-2.4.jar
2014-03-11 19:40:53.837+0000 INFO  [o.n.k.i.DiagnosticsManager]:  [bootstrap] /Library/Java/JavaVirtualMachines/jdk1.7.0_17.jdk/Contents/Home/jre/lib/jce.jar
2014-03-11 19:40:53.837+0000 INFO  [o.n.k.i.DiagnosticsManager]:  [classpath + loader.0] file:/Users/andreas/code/pres/neo4jtutorial/neo4j/lib/parboiled-scala_2.10-1.1.6.jar
2014-03-11 19:40:53.837+0000 INFO  [o.n.k.i.DiagnosticsManager]:  [classpath + loader.0] file:/Users/andreas/code/pres/neo4jtutorial/neo4j/system/lib/rhino-1.7R3.jar
2014-03-11 19:40:53.837+0000 INFO  [o.n.k.i.DiagnosticsManager]:  [loader.1] file:/Library/Java/JavaVirtualMachines/jdk1.7.0_17.jdk/Contents/Home/jre/lib/ext/dnsns.jar
2014-03-11 19:40:53.838+0000 INFO  [o.n.k.i.DiagnosticsManager]:  [classpath + loader.0] file:/Users/andreas/code/pres/neo4jtutorial/neo4j/lib/neo4j-lucene-index-2.0.1.jar
2014-03-11 19:40:53.838+0000 INFO  [o.n.k.i.DiagnosticsManager]:  [classpath + loader.0] file:/Users/andreas/code/pres/neo4jtutorial/neo4j/system/lib/jcl-over-slf4j-1.6.1.jar
2014-03-11 19:40:53.838+0000 INFO  [o.n.k.i.DiagnosticsManager]:  [loader.1] file:/System/Library/Java/Extensions/AppleScriptEngine.jar
2014-03-11 19:40:53.838+0000 INFO  [o.n.k.i.DiagnosticsManager]:  [classpath + loader.0] file:/Users/andreas/code/pres/neo4jtutorial/neo4j/system/lib/slf4j-api-1.6.2.jar
2014-03-11 19:40:53.838+0000 INFO  [o.n.k.i.DiagnosticsManager]:  [classpath + loader.0] file:/Users/andreas/code/pres/neo4jtutorial/neo4j/lib/neo4j-shell-2.0.1.jar
2014-03-11 19:40:53.838+0000 INFO  [o.n.k.i.DiagnosticsManager]:  [classpath + loader.0] file:/Users/andreas/code/pres/neo4jtutorial/neo4j/system/lib/jetty-http-9.0.5.v20130815.jar
2014-03-11 19:40:53.838+0000 INFO  [o.n.k.i.DiagnosticsManager]:  [classpath + loader.0] file:/Users/andreas/code/pres/neo4jtutorial/neo4j/lib/org.apache.servicemix.bundles.jline-0.9.94_1.jar
2014-03-11 19:40:53.838+0000 INFO  [o.n.k.i.DiagnosticsManager]:  [classpath + loader.0] file:/Users/andreas/code/pres/neo4jtutorial/neo4j/system/lib/neo4j-server-2.0.1.jar
2014-03-11 19:40:53.838+0000 INFO  [o.n.k.i.DiagnosticsManager]:  [classpath + loader.0] file:/Users/andreas/code/pres/neo4jtutorial/neo4j/system/lib/commons-logging-1.1.1.jar
2014-03-11 19:40:53.838+0000 INFO  [o.n.k.i.DiagnosticsManager]:  [classpath + loader.0] file:/Users/andreas/code/pres/neo4jtutorial/neo4j/system/lib/jetty-util-9.0.5.v20130815.jar
2014-03-11 19:40:53.838+0000 INFO  [o.n.k.i.DiagnosticsManager]:  [classpath + loader.0] file:/Users/andreas/code/pres/neo4jtutorial/neo4j/system/lib/commons-beanutils-1.8.0.jar
2014-03-11 19:40:53.838+0000 INFO  [o.n.k.i.DiagnosticsManager]:  [classpath + loader.0] file:/Users/andreas/code/pres/neo4jtutorial/neo4j/system/lib/javax.servlet-3.0.0.v201112011016.jar
2014-03-11 19:40:53.838+0000 INFO  [o.n.k.i.DiagnosticsManager]:  [loader.1] file:/Library/Java/JavaVirtualMachines/jdk1.7.0_17.jdk/Contents/Home/jre/lib/ext/sunec.jar
2014-03-11 19:40:53.838+0000 INFO  [o.n.k.i.DiagnosticsManager]: Library path:
2014-03-11 19:40:53.838+0000 INFO  [o.n.k.i.DiagnosticsManager]: /Users/andreas/Library/Java/Extensions
2014-03-11 19:40:53.838+0000 INFO  [o.n.k.i.DiagnosticsManager]: /Library/Java/Extensions
2014-03-11 19:40:53.838+0000 INFO  [o.n.k.i.DiagnosticsManager]: /Network/Library/Java/Extensions
2014-03-11 19:40:53.838+0000 INFO  [o.n.k.i.DiagnosticsManager]: /System/Library/Java/Extensions
2014-03-11 19:40:53.839+0000 INFO  [o.n.k.i.DiagnosticsManager]: /usr/lib/java
2014-03-11 19:40:53.839+0000 INFO  [o.n.k.i.DiagnosticsManager]: /Users/andreas/code/pres/neo4jtutorial/neo4j
2014-03-11 19:40:53.839+0000 INFO  [o.n.k.i.DiagnosticsManager]: System.properties:
2014-03-11 19:40:53.839+0000 INFO  [o.n.k.i.DiagnosticsManager]: sun.boot.library.path = /Library/Java/JavaVirtualMachines/jdk1.7.0_17.jdk/Contents/Home/jre/lib
2014-03-11 19:40:53.839+0000 INFO  [o.n.k.i.DiagnosticsManager]: org.neo4j.server.properties = conf/neo4j-server.properties
2014-03-11 19:40:53.839+0000 INFO  [o.n.k.i.DiagnosticsManager]: gopherProxySet = false
2014-03-11 19:40:53.839+0000 INFO  [o.n.k.i.DiagnosticsManager]: path.separator = :
2014-03-11 19:40:53.839+0000 INFO  [o.n.k.i.DiagnosticsManager]: file.encoding.pkg = sun.io
2014-03-11 19:40:53.839+0000 INFO  [o.n.k.i.DiagnosticsManager]: user.country = NO
2014-03-11 19:40:53.839+0000 INFO  [o.n.k.i.DiagnosticsManager]: sun.java.launcher = SUN_STANDARD
2014-03-11 19:40:53.839+0000 INFO  [o.n.k.i.DiagnosticsManager]: sun.os.patch.level = unknown
2014-03-11 19:40:53.840+0000 INFO  [o.n.k.i.DiagnosticsManager]: user.dir = /Users/andreas/code/pres/neo4jtutorial/neo4j
2014-03-11 19:40:53.840+0000 INFO  [o.n.k.i.DiagnosticsManager]: log4j.configuration = file:conf/log4j.properties
2014-03-11 19:40:53.840+0000 INFO  [o.n.k.i.DiagnosticsManager]: sun.jnu.encoding = US-ASCII
2014-03-11 19:40:53.840+0000 INFO  [o.n.k.i.DiagnosticsManager]: sun.management.compiler = HotSpot 64-Bit Tiered Compilers
2014-03-11 19:40:53.840+0000 INFO  [o.n.k.i.DiagnosticsManager]: http.nonProxyHosts = local|*.local|169.254/16|*.169.254/16
2014-03-11 19:40:53.840+0000 INFO  [o.n.k.i.DiagnosticsManager]: user.home = /Users/andreas
2014-03-11 19:40:53.840+0000 INFO  [o.n.k.i.DiagnosticsManager]: user.timezone = Europe/Oslo
2014-03-11 19:40:53.840+0000 INFO  [o.n.k.i.DiagnosticsManager]: file.encoding = UTF-8
2014-03-11 19:40:53.840+0000 INFO  [o.n.k.i.DiagnosticsManager]: user.name = andreas heim
2014-03-11 19:40:53.840+0000 INFO  [o.n.k.i.DiagnosticsManager]: sun.java.command = org.neo4j.server.Bootstrapper
2014-03-11 19:40:53.840+0000 INFO  [o.n.k.i.DiagnosticsManager]: sun.arch.data.model = 64
2014-03-11 19:40:53.840+0000 INFO  [o.n.k.i.DiagnosticsManager]: user.language = nb
2014-03-11 19:40:53.840+0000 INFO  [o.n.k.i.DiagnosticsManager]: awt.toolkit = sun.lwawt.macosx.LWCToolkit
2014-03-11 19:40:53.840+0000 INFO  [o.n.k.i.DiagnosticsManager]: file.separator = /
2014-03-11 19:40:53.840+0000 INFO  [o.n.k.i.DiagnosticsManager]: sun.io.unicode.encoding = UnicodeBig
2014-03-11 19:40:53.840+0000 INFO  [o.n.k.i.DiagnosticsManager]: sun.cpu.endian = little
2014-03-11 19:40:53.840+0000 INFO  [o.n.k.i.DiagnosticsManager]: socksNonProxyHosts = local|*.local|169.254/16|*.169.254/16
2014-03-11 19:40:53.840+0000 INFO  [o.n.k.i.DiagnosticsManager]: neo4j.instance = /Users/andreas/code/pres/neo4jtutorial/neo4j
2014-03-11 19:40:53.841+0000 INFO  [o.n.k.i.DiagnosticsManager]: ftp.nonProxyHosts = local|*.local|169.254/16|*.169.254/16
2014-03-11 19:40:53.841+0000 INFO  [o.n.k.i.DiagnosticsManager]: neo4j.home = /Users/andreas/code/pres/neo4jtutorial/neo4j
2014-03-11 19:40:53.841+0000 INFO  [o.n.k.i.DiagnosticsManager]: sun.cpu.isalist = 
2014-03-11 19:40:53.841+0000 INFO  [o.n.k.i.DiagnosticsManager]: Network information:
2014-03-11 19:40:53.843+0000 INFO  [o.n.k.i.DiagnosticsManager]: Interface en0:
2014-03-11 19:40:53.843+0000 INFO  [o.n.k.i.DiagnosticsManager]:     address: fe80:0:0:0:22c9:d0ff:fe87:d48d%4
2014-03-11 19:40:53.843+0000 INFO  [o.n.k.i.DiagnosticsManager]:     address: 192.168.168.66
2014-03-11 19:40:53.843+0000 INFO  [o.n.k.i.DiagnosticsManager]: Interface lo0:
2014-03-11 19:40:53.843+0000 INFO  [o.n.k.i.DiagnosticsManager]:     address: fe80:0:0:0:0:0:0:1%1
2014-03-11 19:40:53.844+0000 INFO  [o.n.k.i.DiagnosticsManager]:     address: 0:0:0:0:0:0:0:1
2014-03-11 19:40:53.844+0000 INFO  [o.n.k.i.DiagnosticsManager]:     address: 127.0.0.1
2014-03-11 19:40:53.844+0000 INFO  [o.n.k.i.DiagnosticsManager]: --- INITIALIZED diagnostics END ---
2014-03-11 19:40:53.975+0000 INFO  [o.n.k.i.n.s.StoreFactory]: [data/graph.db/neostore.relationshiptypestore.db.names] brickCount=0 brickSize=0b mappedMem=0b (storeSize=38b)
2014-03-11 19:40:53.979+0000 INFO  [o.n.k.i.n.s.StoreFactory]: [data/graph.db/neostore.relationshiptypestore.db] brickCount=0 brickSize=0b mappedMem=0b (storeSize=0b)
2014-03-11 19:40:53.982+0000 INFO  [o.n.k.i.n.s.StoreFactory]: [data/graph.db/neostore.labeltokenstore.db.names] brickCount=0 brickSize=0b mappedMem=0b (storeSize=38b)
2014-03-11 19:40:53.985+0000 INFO  [o.n.k.i.n.s.StoreFactory]: [data/graph.db/neostore.labeltokenstore.db] brickCount=0 brickSize=0b mappedMem=0b (storeSize=0b)
2014-03-11 19:40:53.988+0000 INFO  [o.n.k.i.n.s.StoreFactory]: [data/graph.db/neostore.propertystore.db.strings] brickCount=0 brickSize=737024b mappedMem=737148928b (storeSize=128b)
2014-03-11 19:40:53.991+0000 INFO  [o.n.k.i.n.s.StoreFactory]: [data/graph.db/neostore.propertystore.db.index.keys] brickCount=0 brickSize=0b mappedMem=0b (storeSize=38b)
2014-03-11 19:40:53.994+0000 INFO  [o.n.k.i.n.s.StoreFactory]: [data/graph.db/neostore.propertystore.db.index] brickCount=0 brickSize=0b mappedMem=0b (storeSize=0b)
2014-03-11 19:40:53.997+0000 INFO  [o.n.k.i.n.s.StoreFactory]: [data/graph.db/neostore.propertystore.db.arrays] brickCount=0 brickSize=835712b mappedMem=835715072b (storeSize=128b)
2014-03-11 19:40:54.001+0000 INFO  [o.n.k.i.n.s.StoreFactory]: [data/graph.db/neostore.propertystore.db] brickCount=0 brickSize=8671705b mappedMem=867172352b (storeSize=0b)
2014-03-11 19:40:54.006+0000 INFO  [o.n.k.i.n.s.StoreFactory]: [data/graph.db/neostore.relationshipstore.db] brickCount=0 brickSize=10622073b mappedMem=1062207488b (storeSize=0b)
2014-03-11 19:40:54.009+0000 INFO  [o.n.k.i.n.s.StoreFactory]: [data/graph.db/neostore.nodestore.db.labels] brickCount=0 brickSize=0b mappedMem=0b (storeSize=68b)
2014-03-11 19:40:54.013+0000 INFO  [o.n.k.i.n.s.StoreFactory]: [data/graph.db/neostore.nodestore.db] brickCount=0 brickSize=2401238b mappedMem=240123904b (storeSize=0b)
2014-03-11 19:40:54.018+0000 INFO  [o.n.k.i.n.s.StoreFactory]: [data/graph.db/neostore.schemastore.db] brickCount=0 brickSize=0b mappedMem=0b (storeSize=64b)
2014-03-11 19:40:54.021+0000 INFO  [o.n.k.i.n.s.StoreFactory]: [data/graph.db/neostore] brickCount=0 brickSize=0b mappedMem=0b (storeSize=63b)
2014-03-11 19:40:54.161+0000 INFO  [o.n.k.i.t.x.XaLogicalLog]: Opened logical log [data/graph.db/nioneo_logical.log.1] version=1, lastTxId=1 (clean)
2014-03-11 19:40:54.185+0000 INFO  [o.n.k.i.t.TxManager]: TM opening log: data/graph.db/tm_tx_log.1
2014-03-11 19:40:54.278+0000 INFO  [o.n.k.i.t.x.XaLogicalLog]: Opened logical log [data/graph.db/index/lucene.log.1] version=1, lastTxId=1 (clean)
2014-03-11 19:40:54.285+0000 INFO  [o.n.k.i.DiagnosticsManager]: --- STARTED diagnostics for KernelDiagnostics:Versions START ---
2014-03-11 19:40:54.285+0000 INFO  [o.n.k.i.DiagnosticsManager]: Graph Database: org.neo4j.kernel.EmbeddedGraphDatabase StoreId[time:1394556606904, id:5840252068823456535, store version: 13843131341501958]
2014-03-11 19:40:54.285+0000 INFO  [o.n.k.i.DiagnosticsManager]: Kernel version: Neo4j - Graph Database Kernel (neo4j-kernel), version: 2.0.1
2014-03-11 19:40:54.285+0000 INFO  [o.n.k.i.DiagnosticsManager]: Neo4j component versions:
2014-03-11 19:40:54.290+0000 INFO  [o.n.k.i.DiagnosticsManager]:   Neo4j - Lucene Index (neo4j-lucene-index), version: 2.0.1; revision: 2.0.1:master:878/8bb63c9c059d8a491b7909e08da86a820c28d3a5
2014-03-11 19:40:54.290+0000 INFO  [o.n.k.i.DiagnosticsManager]:   Neo4j - JMX support (neo4j-jmx), version: 2.0.1; revision: 2.0.1:master:878/8bb63c9c059d8a491b7909e08da86a820c28d3a5
2014-03-11 19:40:54.290+0000 INFO  [o.n.k.i.DiagnosticsManager]:   Neo4j - Graph Matching (neo4j-graph-matching), version: 2.0.1; revision: 2.0.1:master:878/8bb63c9c059d8a491b7909e08da86a820c28d3a5
2014-03-11 19:40:54.290+0000 INFO  [o.n.k.i.DiagnosticsManager]:   Neo4j Server API (server-api), version: 2.0.1; revision: 2.0.1:master:878/8bb63c9c059d8a491b7909e08da86a820c28d3a5
2014-03-11 19:40:54.290+0000 INFO  [o.n.k.i.DiagnosticsManager]:   Neo4j - Graph Database Kernel (neo4j-kernel), version: 2.0.1; revision: 2.0.1:master:878/8bb63c9c059d8a491b7909e08da86a820c28d3a5
2014-03-11 19:40:54.290+0000 INFO  [o.n.k.i.DiagnosticsManager]:   Neo4j - Cypher (neo4j-cypher), version: 2.0.1; revision: 2.0.1:master:878/8bb63c9c059d8a491b7909e08da86a820c28d3a5
2014-03-11 19:40:54.290+0000 INFO  [o.n.k.i.DiagnosticsManager]:   Neo4j Server (neo4j-server), version: 2.0.1; revision: 2.0.1:master:878/8bb63c9c059d8a491b7909e08da86a820c28d3a5
2014-03-11 19:40:54.291+0000 INFO  [o.n.k.i.DiagnosticsManager]:   Neo4j - Graph Algorithms (neo4j-graph-algo), version: 2.0.1; revision: 2.0.1:master:878/8bb63c9c059d8a491b7909e08da86a820c28d3a5
2014-03-11 19:40:54.291+0000 INFO  [o.n.k.i.DiagnosticsManager]:   Neo4j - Cypher Compiler 2.0 (neo4j-cypher-compiler-2.0), version: 2.0.1; revision: 2.0.1:master:878/8bb63c9c059d8a491b7909e08da86a820c28d3a5
2014-03-11 19:40:54.291+0000 INFO  [o.n.k.i.DiagnosticsManager]:   Neo4j - Generic shell (neo4j-shell), version: 2.0.1; revision: 2.0.1:master:878/8bb63c9c059d8a491b7909e08da86a820c28d3a5
2014-03-11 19:40:54.291+0000 INFO  [o.n.k.i.DiagnosticsManager]:   Neo4j - Cypher Compiler 1.9 (neo4j-cypher-compiler-1.9), version: 2.0.1; revision: 2.0.1:master:878/8bb63c9c059d8a491b7909e08da86a820c28d3a5
2014-03-11 19:40:54.291+0000 INFO  [o.n.k.i.DiagnosticsManager]:   neo4j-udc, version: 2.0.1; revision: 2.0.1:master:878/8bb63c9c059d8a491b7909e08da86a820c28d3a5
2014-03-11 19:40:54.291+0000 INFO  [o.n.k.i.DiagnosticsManager]:   Neo4j - Cypher Commons (neo4j-cypher-commons), version: 2.0.1; revision: 2.0.1:master:878/8bb63c9c059d8a491b7909e08da86a820c28d3a5
2014-03-11 19:40:54.291+0000 INFO  [o.n.k.i.DiagnosticsManager]: --- STARTED diagnostics for KernelDiagnostics:Versions END ---
2014-03-11 19:40:54.293+0000 INFO  [o.n.k.i.DiagnosticsManager]: --- STARTED diagnostics for NEO_STORE_VERSIONS START ---
2014-03-11 19:40:54.293+0000 INFO  [o.n.k.i.DiagnosticsManager]: Store versions:
2014-03-11 19:40:54.293+0000 INFO  [o.n.k.i.DiagnosticsManager]: Store versions:
2014-03-11 19:40:54.293+0000 INFO  [o.n.k.i.DiagnosticsManager]:   NeoStore v0.A.1
2014-03-11 19:40:54.293+0000 INFO  [o.n.k.i.DiagnosticsManager]:   SchemaStore v0.A.1
2014-03-11 19:40:54.293+0000 INFO  [o.n.k.i.DiagnosticsManager]:   NodeStore v0.A.1
2014-03-11 19:40:54.293+0000 INFO  [o.n.k.i.DiagnosticsManager]:   RelationshipStore v0.A.1
2014-03-11 19:40:54.293+0000 INFO  [o.n.k.i.DiagnosticsManager]:   RelationshipTypeStore v0.A.1
2014-03-11 19:40:54.293+0000 INFO  [o.n.k.i.DiagnosticsManager]:   LabelTokenStore v0.A.1
2014-03-11 19:40:54.293+0000 INFO  [o.n.k.i.DiagnosticsManager]:   PropertyStore v0.A.1
2014-03-11 19:40:54.293+0000 INFO  [o.n.k.i.DiagnosticsManager]:   PropertyIndexStore v0.A.1
2014-03-11 19:40:54.294+0000 INFO  [o.n.k.i.DiagnosticsManager]:   StringPropertyStore v0.A.1
2014-03-11 19:40:54.294+0000 INFO  [o.n.k.i.DiagnosticsManager]:   ArrayPropertyStore v0.A.1
2014-03-11 19:40:54.294+0000 INFO  [o.n.k.i.DiagnosticsManager]: --- STARTED diagnostics for NEO_STORE_VERSIONS END ---
2014-03-11 19:40:54.294+0000 INFO  [o.n.k.i.DiagnosticsManager]: --- STARTED diagnostics for NEO_STORE_ID_USAGE START ---
2014-03-11 19:40:54.294+0000 INFO  [o.n.k.i.DiagnosticsManager]: Id usage:
2014-03-11 19:40:54.294+0000 INFO  [o.n.k.i.DiagnosticsManager]: Id usage:
2014-03-11 19:40:54.294+0000 INFO  [o.n.k.i.DiagnosticsManager]:   SchemaStore: used=1 high=0
2014-03-11 19:40:54.294+0000 INFO  [o.n.k.i.DiagnosticsManager]:   NodeStore: used=0 high=-1
2014-03-11 19:40:54.294+0000 INFO  [o.n.k.i.DiagnosticsManager]:   RelationshipStore: used=0 high=-1
2014-03-11 19:40:54.294+0000 INFO  [o.n.k.i.DiagnosticsManager]:   RelationshipTypeStore: used=0 high=-1
2014-03-11 19:40:54.295+0000 INFO  [o.n.k.i.DiagnosticsManager]:   LabelTokenStore: used=0 high=-1
2014-03-11 19:40:54.295+0000 INFO  [o.n.k.i.DiagnosticsManager]:   PropertyStore: used=0 high=-1
2014-03-11 19:40:54.295+0000 INFO  [o.n.k.i.DiagnosticsManager]:   PropertyIndexStore: used=0 high=-1
2014-03-11 19:40:54.295+0000 INFO  [o.n.k.i.DiagnosticsManager]:   StringPropertyStore: used=1 high=0
2014-03-11 19:40:54.295+0000 INFO  [o.n.k.i.DiagnosticsManager]:   ArrayPropertyStore: used=1 high=0
2014-03-11 19:40:54.295+0000 INFO  [o.n.k.i.DiagnosticsManager]: --- STARTED diagnostics for NEO_STORE_ID_USAGE END ---
2014-03-11 19:40:54.295+0000 INFO  [o.n.k.i.DiagnosticsManager]: --- STARTED diagnostics for PERSISTENCE_WINDOW_POOL_STATS START ---
2014-03-11 19:40:54.295+0000 INFO  [o.n.k.i.DiagnosticsManager]: --- STARTED diagnostics for PERSISTENCE_WINDOW_POOL_STATS END ---
2014-03-11 19:40:54.296+0000 INFO  [o.n.k.i.DiagnosticsManager]: --- STARTED diagnostics for KernelDiagnostics:StoreFiles START ---
2014-03-11 19:40:54.296+0000 INFO  [o.n.k.i.DiagnosticsManager]: Disk space on partition (Total / Free / Free %): 449485783040 / 50115907584 / 11
Storage files: (filename : modification date - size)
2014-03-11 19:40:54.297+0000 INFO  [o.n.k.i.DiagnosticsManager]:   active_tx_log: 2014-03-11T17:50:07+0100 - 11,00 B
2014-03-11 19:40:54.297+0000 INFO  [o.n.k.i.DiagnosticsManager]:   index:
2014-03-11 19:40:54.297+0000 INFO  [o.n.k.i.DiagnosticsManager]:     lucene-store.db: 2014-03-11T18:00:23+0100 - 40,00 B
2014-03-11 19:40:54.297+0000 INFO  [o.n.k.i.DiagnosticsManager]:     lucene.log.1: 2014-03-11T20:40:54+0100 - 16,00 B
2014-03-11 19:40:54.297+0000 INFO  [o.n.k.i.DiagnosticsManager]:     lucene.log.active: 2014-03-11T20:40:54+0100 - 4,00 B
2014-03-11 19:40:54.298+0000 INFO  [o.n.k.i.DiagnosticsManager]:     lucene.log.v0: 2014-03-11T18:00:23+0100 - 16,00 B
2014-03-11 19:40:54.298+0000 INFO  [o.n.k.i.DiagnosticsManager]:   - Total: 2014-03-11T20:40:54+0100 - 76,00 B
2014-03-11 19:40:54.298+0000 INFO  [o.n.k.i.DiagnosticsManager]:   lock: 2014-03-11T20:40:54+0100 - 0,00 B
2014-03-11 19:40:54.298+0000 INFO  [o.n.k.i.DiagnosticsManager]:   messages.log: 2014-03-11T20:40:54+0100 - 89,08 kB
2014-03-11 19:40:54.299+0000 INFO  [o.n.k.i.DiagnosticsManager]:   neostore: 2014-03-11T20:40:54+0100 - 63,00 B
2014-03-11 19:40:54.299+0000 INFO  [o.n.k.i.DiagnosticsManager]:   neostore.id: 2014-03-11T20:40:54+0100 - 9,00 B
2014-03-11 19:40:54.299+0000 INFO  [o.n.k.i.DiagnosticsManager]:   neostore.labeltokenstore.db: 2014-03-11T20:40:53+0100 - 0,00 B
2014-03-11 19:40:54.300+0000 INFO  [o.n.k.i.DiagnosticsManager]:   neostore.labeltokenstore.db.id: 2014-03-11T20:40:53+0100 - 9,00 B
2014-03-11 19:40:54.300+0000 INFO  [o.n.k.i.DiagnosticsManager]:   neostore.labeltokenstore.db.names: 2014-03-11T20:40:53+0100 - 38,00 B
2014-03-11 19:40:54.300+0000 INFO  [o.n.k.i.DiagnosticsManager]:   neostore.labeltokenstore.db.names.id: 2014-03-11T20:40:53+0100 - 9,00 B
2014-03-11 19:40:54.301+0000 INFO  [o.n.k.i.DiagnosticsManager]:   neostore.nodestore.db: 2014-03-11T20:40:54+0100 - 0,00 B
2014-03-11 19:40:54.301+0000 INFO  [o.n.k.i.DiagnosticsManager]:   neostore.nodestore.db.id: 2014-03-11T20:40:54+0100 - 9,00 B
2014-03-11 19:40:54.301+0000 INFO  [o.n.k.i.DiagnosticsManager]:   neostore.nodestore.db.labels: 2014-03-11T20:40:54+0100 - 68,00 B
2014-03-11 19:40:54.302+0000 INFO  [o.n.k.i.DiagnosticsManager]:   neostore.nodestore.db.labels.id: 2014-03-11T20:40:54+0100 - 9,00 B
2014-03-11 19:40:54.302+0000 INFO  [o.n.k.i.DiagnosticsManager]:   neostore.propertystore.db: 2014-03-11T20:40:54+0100 - 0,00 B
2014-03-11 19:40:54.302+0000 INFO  [o.n.k.i.DiagnosticsManager]:   neostore.propertystore.db.arrays: 2014-03-11T20:40:53+0100 - 128,00 B
2014-03-11 19:40:54.303+0000 INFO  [o.n.k.i.DiagnosticsManager]:   neostore.propertystore.db.arrays.id: 2014-03-11T20:40:53+0100 - 9,00 B
2014-03-11 19:40:54.303+0000 INFO  [o.n.k.i.DiagnosticsManager]:   neostore.propertystore.db.id: 2014-03-11T20:40:54+0100 - 9,00 B
2014-03-11 19:40:54.304+0000 INFO  [o.n.k.i.DiagnosticsManager]:   neostore.propertystore.db.index: 2014-03-11T20:40:53+0100 - 0,00 B
2014-03-11 19:40:54.304+0000 INFO  [o.n.k.i.DiagnosticsManager]:   neostore.propertystore.db.index.id: 2014-03-11T20:40:53+0100 - 9,00 B
2014-03-11 19:40:54.304+0000 INFO  [o.n.k.i.DiagnosticsManager]:   neostore.propertystore.db.index.keys: 2014-03-11T20:40:53+0100 - 38,00 B
2014-03-11 19:40:54.305+0000 INFO  [o.n.k.i.DiagnosticsManager]:   neostore.propertystore.db.index.keys.id: 2014-03-11T20:40:53+0100 - 9,00 B
2014-03-11 19:40:54.305+0000 INFO  [o.n.k.i.DiagnosticsManager]:   neostore.propertystore.db.strings: 2014-03-11T20:40:53+0100 - 128,00 B
2014-03-11 19:40:54.305+0000 INFO  [o.n.k.i.DiagnosticsManager]:   neostore.propertystore.db.strings.id: 2014-03-11T20:40:53+0100 - 9,00 B
2014-03-11 19:40:54.306+0000 INFO  [o.n.k.i.DiagnosticsManager]:   neostore.relationshipstore.db: 2014-03-11T20:40:54+0100 - 0,00 B
2014-03-11 19:40:54.306+0000 INFO  [o.n.k.i.DiagnosticsManager]:   neostore.relationshipstore.db.id: 2014-03-11T20:40:54+0100 - 9,00 B
2014-03-11 19:40:54.306+0000 INFO  [o.n.k.i.DiagnosticsManager]:   neostore.relationshiptypestore.db: 2014-03-11T20:40:53+0100 - 0,00 B
2014-03-11 19:40:54.306+0000 INFO  [o.n.k.i.DiagnosticsManager]:   neostore.relationshiptypestore.db.id: 2014-03-11T20:40:53+0100 - 9,00 B
2014-03-11 19:40:54.307+0000 INFO  [o.n.k.i.DiagnosticsManager]:   neostore.relationshiptypestore.db.names: 2014-03-11T20:40:53+0100 - 38,00 B
2014-03-11 19:40:54.307+0000 INFO  [o.n.k.i.DiagnosticsManager]:   neostore.relationshiptypestore.db.names.id: 2014-03-11T20:40:53+0100 - 9,00 B
2014-03-11 19:40:54.307+0000 INFO  [o.n.k.i.DiagnosticsManager]:   neostore.schemastore.db: 2014-03-11T20:40:54+0100 - 64,00 B
2014-03-11 19:40:54.307+0000 INFO  [o.n.k.i.DiagnosticsManager]:   neostore.schemastore.db.id: 2014-03-11T20:40:54+0100 - 9,00 B
2014-03-11 19:40:54.308+0000 INFO  [o.n.k.i.DiagnosticsManager]:   nioneo_logical.log.1: 2014-03-11T20:40:54+0100 - 16,00 B
2014-03-11 19:40:54.308+0000 INFO  [o.n.k.i.DiagnosticsManager]:   nioneo_logical.log.active: 2014-03-11T20:40:54+0100 - 4,00 B
2014-03-11 19:40:54.308+0000 INFO  [o.n.k.i.DiagnosticsManager]:   nioneo_logical.log.v0: 2014-03-11T18:00:23+0100 - 16,00 B
2014-03-11 19:40:54.308+0000 INFO  [o.n.k.i.DiagnosticsManager]:   schema:
2014-03-11 19:40:54.308+0000 INFO  [o.n.k.i.DiagnosticsManager]:     label:
2014-03-11 19:40:54.308+0000 INFO  [o.n.k.i.DiagnosticsManager]:       lucene:
2014-03-11 19:40:54.309+0000 INFO  [o.n.k.i.DiagnosticsManager]:         segments.gen: 2014-03-11T18:00:23+0100 - 20,00 B
2014-03-11 19:40:54.309+0000 INFO  [o.n.k.i.DiagnosticsManager]:         segments_1: 2014-03-11T18:00:23+0100 - 32,00 B
2014-03-11 19:40:54.309+0000 INFO  [o.n.k.i.DiagnosticsManager]:         write.lock: 2014-03-11T20:40:54+0100 - 0,00 B
2014-03-11 19:40:54.309+0000 INFO  [o.n.k.i.DiagnosticsManager]:       - Total: 2014-03-11T20:40:54+0100 - 52,00 B
2014-03-11 19:40:54.310+0000 INFO  [o.n.k.i.DiagnosticsManager]:     - Total: 2014-03-11T17:50:07+0100 - 52,00 B
2014-03-11 19:40:54.310+0000 INFO  [o.n.k.i.DiagnosticsManager]:   - Total: 2014-03-11T17:50:07+0100 - 52,00 B
2014-03-11 19:40:54.310+0000 INFO  [o.n.k.i.DiagnosticsManager]:   store_lock: 2014-03-11T17:50:06+0100 - 0,00 B
2014-03-11 19:40:54.310+0000 INFO  [o.n.k.i.DiagnosticsManager]:   tm_tx_log.1: 2014-03-11T20:40:54+0100 - 0,00 B
2014-03-11 19:40:54.310+0000 INFO  [o.n.k.i.DiagnosticsManager]: --- STARTED diagnostics for KernelDiagnostics:StoreFiles END ---
2014-03-11 19:40:54.338+0000 INFO  [o.n.k.EmbeddedGraphDatabase]: GC Monitor started. 
2014-03-11 19:40:54.338+0000 INFO  [o.n.k.EmbeddedGraphDatabase]: Database is now ready
2014-03-11 19:40:54.340+0000 INFO  [o.n.k.i.DiagnosticsManager]: --- SERVER STARTED START ---
2014-03-11 19:40:55.414+0000 INFO  [o.n.k.i.DiagnosticsManager]: --- STARTED diagnostics for org.neo4j.server.configuration.Configurator START ---
2014-03-11 19:40:55.416+0000 INFO  [o.n.k.i.DiagnosticsManager]: Server configuration:
2014-03-11 19:40:55.416+0000 INFO  [o.n.k.i.DiagnosticsManager]: org.neo4j.server.database.location = data/graph.db
2014-03-11 19:40:55.416+0000 INFO  [o.n.k.i.DiagnosticsManager]: org.neo4j.server.webserver.port = 7474
2014-03-11 19:40:55.416+0000 INFO  [o.n.k.i.DiagnosticsManager]: org.neo4j.server.webserver.https.enabled = true
2014-03-11 19:40:55.416+0000 INFO  [o.n.k.i.DiagnosticsManager]: org.neo4j.server.webserver.https.port = 7473
2014-03-11 19:40:55.416+0000 INFO  [o.n.k.i.DiagnosticsManager]: org.neo4j.server.webserver.https.cert.location = conf/ssl/snakeoil.cert
2014-03-11 19:40:55.416+0000 INFO  [o.n.k.i.DiagnosticsManager]: org.neo4j.server.webserver.https.key.location = conf/ssl/snakeoil.key
2014-03-11 19:40:55.416+0000 INFO  [o.n.k.i.DiagnosticsManager]: org.neo4j.server.webserver.https.keystore.location = data/keystore
2014-03-11 19:40:55.416+0000 INFO  [o.n.k.i.DiagnosticsManager]: org.neo4j.server.webadmin.rrdb.location = data/rrd
2014-03-11 19:40:55.416+0000 INFO  [o.n.k.i.DiagnosticsManager]: org.neo4j.server.db.tuning.properties = conf/neo4j.properties
2014-03-11 19:40:55.417+0000 INFO  [o.n.k.i.DiagnosticsManager]: org.neo4j.server.manage.console_engines = shell
2014-03-11 19:40:55.417+0000 INFO  [o.n.k.i.DiagnosticsManager]: org.neo4j.server.http.log.enabled = false
2014-03-11 19:40:55.417+0000 INFO  [o.n.k.i.DiagnosticsManager]: org.neo4j.server.http.log.config = conf/neo4j-http-logging.xml
2014-03-11 19:40:55.417+0000 INFO  [o.n.k.i.DiagnosticsManager]: org.neo4j.server.webadmin.management.uri = /db/manage/
2014-03-11 19:40:55.417+0000 INFO  [o.n.k.i.DiagnosticsManager]: org.neo4j.server.webadmin.data.uri = /db/data/
2014-03-11 19:40:55.417+0000 INFO  [o.n.k.i.DiagnosticsManager]: --- STARTED diagnostics for org.neo4j.server.configuration.Configurator END ---
2014-03-11 19:40:55.421+0000 INFO  [o.n.k.i.DiagnosticsManager]: Mounted discovery module (org.neo4j.server.rest.discovery) at: /
2014-03-11 19:40:55.428+0000 INFO  [o.n.k.i.DiagnosticsManager]: Mounted REST API at: /db/data/
2014-03-11 19:40:55.430+0000 INFO  [o.n.k.i.DiagnosticsManager]: Mounted management API at: /db/manage/
2014-03-11 19:40:55.431+0000 INFO  [o.n.k.i.DiagnosticsManager]: Mounted webadmin at: /webadmin
2014-03-11 19:40:55.432+0000 INFO  [o.n.k.i.DiagnosticsManager]: Mounted Neo4j Browser at: /browser
2014-03-11 19:40:56.858+0000 INFO  [o.n.k.i.DiagnosticsManager]: Server started on: http://localhost:7474/
2014-03-11 19:40:56.859+0000 INFO  [o.n.k.i.DiagnosticsManager]: --- SERVER STARTED END ---
2014-03-12 20:15:54.321+0000 WARN  [o.n.k.EmbeddedGraphDatabase]: GC Monitor: Application threads blocked for an additional 86323264ms [total block time: 86323.266s]
